[2.133s] Invoking command in '/home/aralab/ASBIR/ASBIR-ROS2/src/asbir_panda': PYTHONPATH=/home/aralab/ASBIR/ASBIR-ROS2/build/asbir_panda/prefix_override:/home/aralab/ASBIR/ASBIR-ROS2/install/asbir_panda/lib/python3.8/site-packages:${PYTHONPATH} /usr/bin/python3 setup.py egg_info --egg-base ../../build/asbir_panda build --build-base /home/aralab/ASBIR/ASBIR-ROS2/build/asbir_panda/build install --record /home/aralab/ASBIR/ASBIR-ROS2/build/asbir_panda/install.log --install-scripts $base/lib/asbir_panda --single-version-externally-managed
[2.349s] running egg_info
[2.349s] writing ../../build/asbir_panda/asbir_panda.egg-info/PKG-INFO
[2.349s] writing dependency_links to ../../build/asbir_panda/asbir_panda.egg-info/dependency_links.txt
[2.350s] writing entry points to ../../build/asbir_panda/asbir_panda.egg-info/entry_points.txt
[2.350s] writing requirements to ../../build/asbir_panda/asbir_panda.egg-info/requires.txt
[2.350s] writing top-level names to ../../build/asbir_panda/asbir_panda.egg-info/top_level.txt
[2.390s] reading manifest file '../../build/asbir_panda/asbir_panda.egg-info/SOURCES.txt'
[2.392s] writing manifest file '../../build/asbir_panda/asbir_panda.egg-info/SOURCES.txt'
[2.394s] running build
[2.394s] running build_py
[2.395s] running install
[2.396s] running install_lib
[2.396s] running install_data
[2.397s] running install_egg_info
[2.399s] removing '/home/aralab/ASBIR/ASBIR-ROS2/install/asbir_panda/lib/python3.8/site-packages/asbir_panda-0.0.0-py3.8.egg-info' (and everything under it)
[2.400s] Copying ../../build/asbir_panda/asbir_panda.egg-info to /home/aralab/ASBIR/ASBIR-ROS2/install/asbir_panda/lib/python3.8/site-packages/asbir_panda-0.0.0-py3.8.egg-info
[2.400s] running install_scripts
[2.414s] writing list of installed files to '/home/aralab/ASBIR/ASBIR-ROS2/build/asbir_panda/install.log'
[2.450s] Invoked command in '/home/aralab/ASBIR/ASBIR-ROS2/src/asbir_panda' returned '0': PYTHONPATH=/home/aralab/ASBIR/ASBIR-ROS2/build/asbir_panda/prefix_override:/home/aralab/ASBIR/ASBIR-ROS2/install/asbir_panda/lib/python3.8/site-packages:${PYTHONPATH} /usr/bin/python3 setup.py egg_info --egg-base ../../build/asbir_panda build --build-base /home/aralab/ASBIR/ASBIR-ROS2/build/asbir_panda/build install --record /home/aralab/ASBIR/ASBIR-ROS2/build/asbir_panda/install.log --install-scripts $base/lib/asbir_panda --single-version-externally-managed
