[0.531s] Invoking command in '/home/aralab/ASBIR/ASBIR-ROS2/src/asbir_image': PYTHONPATH=/home/aralab/ASBIR/ASBIR-ROS2/src/asbir_image/build/asbir_image/prefix_override:/home/aralab/ASBIR/ASBIR-ROS2/src/asbir_image/install/asbir_image/lib/python3.8/site-packages:${PYTHONPATH} /usr/bin/python3 setup.py egg_info --egg-base build/asbir_image build --build-base /home/aralab/ASBIR/ASBIR-ROS2/src/asbir_image/build/asbir_image/build install --record /home/aralab/ASBIR/ASBIR-ROS2/src/asbir_image/build/asbir_image/install.log --install-scripts $base/lib/asbir_image --single-version-externally-managed
[0.719s] running egg_info
[0.719s] creating build/asbir_image/asbir_image.egg-info
[0.719s] writing build/asbir_image/asbir_image.egg-info/PKG-INFO
[0.719s] writing dependency_links to build/asbir_image/asbir_image.egg-info/dependency_links.txt
[0.719s] writing entry points to build/asbir_image/asbir_image.egg-info/entry_points.txt
[0.719s] writing requirements to build/asbir_image/asbir_image.egg-info/requires.txt
[0.719s] writing top-level names to build/asbir_image/asbir_image.egg-info/top_level.txt
[0.720s] writing manifest file 'build/asbir_image/asbir_image.egg-info/SOURCES.txt'
[0.746s] reading manifest file 'build/asbir_image/asbir_image.egg-info/SOURCES.txt'
[0.747s] writing manifest file 'build/asbir_image/asbir_image.egg-info/SOURCES.txt'
[0.747s] running build
[0.747s] running build_py
[0.747s] creating /home/aralab/ASBIR/ASBIR-ROS2/src/asbir_image/build/asbir_image/build
[0.748s] creating /home/aralab/ASBIR/ASBIR-ROS2/src/asbir_image/build/asbir_image/build/lib
[0.748s] creating /home/aralab/ASBIR/ASBIR-ROS2/src/asbir_image/build/asbir_image/build/lib/asbir_image
[0.748s] copying asbir_image/asbirCam_pub.py -> /home/aralab/ASBIR/ASBIR-ROS2/src/asbir_image/build/asbir_image/build/lib/asbir_image
[0.748s] copying asbir_image/__init__.py -> /home/aralab/ASBIR/ASBIR-ROS2/src/asbir_image/build/asbir_image/build/lib/asbir_image
[0.748s] running install
[0.748s] running install_lib
[0.749s] creating /home/aralab/ASBIR/ASBIR-ROS2/src/asbir_image/install/asbir_image/lib/python3.8/site-packages/asbir_image
[0.749s] copying /home/aralab/ASBIR/ASBIR-ROS2/src/asbir_image/build/asbir_image/build/lib/asbir_image/asbirCam_pub.py -> /home/aralab/ASBIR/ASBIR-ROS2/src/asbir_image/install/asbir_image/lib/python3.8/site-packages/asbir_image
[0.749s] copying /home/aralab/ASBIR/ASBIR-ROS2/src/asbir_image/build/asbir_image/build/lib/asbir_image/__init__.py -> /home/aralab/ASBIR/ASBIR-ROS2/src/asbir_image/install/asbir_image/lib/python3.8/site-packages/asbir_image
[0.750s] byte-compiling /home/aralab/ASBIR/ASBIR-ROS2/src/asbir_image/install/asbir_image/lib/python3.8/site-packages/asbir_image/asbirCam_pub.py to asbirCam_pub.cpython-38.pyc
[0.751s] byte-compiling /home/aralab/ASBIR/ASBIR-ROS2/src/asbir_image/install/asbir_image/lib/python3.8/site-packages/asbir_image/__init__.py to __init__.cpython-38.pyc
[0.751s] running install_data
[0.752s] creating /home/aralab/ASBIR/ASBIR-ROS2/src/asbir_image/install/asbir_image/share/ament_index
[0.752s] creating /home/aralab/ASBIR/ASBIR-ROS2/src/asbir_image/install/asbir_image/share/ament_index/resource_index
[0.752s] creating /home/aralab/ASBIR/ASBIR-ROS2/src/asbir_image/install/asbir_image/share/ament_index/resource_index/packages
[0.752s] copying resource/asbir_image -> /home/aralab/ASBIR/ASBIR-ROS2/src/asbir_image/install/asbir_image/share/ament_index/resource_index/packages
[0.752s] copying package.xml -> /home/aralab/ASBIR/ASBIR-ROS2/src/asbir_image/install/asbir_image/share/asbir_image
[0.752s] running install_egg_info
[0.753s] Copying build/asbir_image/asbir_image.egg-info to /home/aralab/ASBIR/ASBIR-ROS2/src/asbir_image/install/asbir_image/lib/python3.8/site-packages/asbir_image-0.0.0-py3.8.egg-info
[0.754s] running install_scripts
[0.767s] Installing CamPub script to /home/aralab/ASBIR/ASBIR-ROS2/src/asbir_image/install/asbir_image/lib/asbir_image
[0.767s] writing list of installed files to '/home/aralab/ASBIR/ASBIR-ROS2/src/asbir_image/build/asbir_image/install.log'
[0.784s] Invoked command in '/home/aralab/ASBIR/ASBIR-ROS2/src/asbir_image' returned '0': PYTHONPATH=/home/aralab/ASBIR/ASBIR-ROS2/src/asbir_image/build/asbir_image/prefix_override:/home/aralab/ASBIR/ASBIR-ROS2/src/asbir_image/install/asbir_image/lib/python3.8/site-packages:${PYTHONPATH} /usr/bin/python3 setup.py egg_info --egg-base build/asbir_image build --build-base /home/aralab/ASBIR/ASBIR-ROS2/src/asbir_image/build/asbir_image/build install --record /home/aralab/ASBIR/ASBIR-ROS2/src/asbir_image/build/asbir_image/install.log --install-scripts $base/lib/asbir_image --single-version-externally-managed
