running egg_info
creating ../../build/asbir_rc/asbir_rc.egg-info
writing ../../build/asbir_rc/asbir_rc.egg-info/PKG-INFO
writing dependency_links to ../../build/asbir_rc/asbir_rc.egg-info/dependency_links.txt
writing entry points to ../../build/asbir_rc/asbir_rc.egg-info/entry_points.txt
writing requirements to ../../build/asbir_rc/asbir_rc.egg-info/requires.txt
writing top-level names to ../../build/asbir_rc/asbir_rc.egg-info/top_level.txt
writing manifest file '../../build/asbir_rc/asbir_rc.egg-info/SOURCES.txt'
reading manifest file '../../build/asbir_rc/asbir_rc.egg-info/SOURCES.txt'
writing manifest file '../../build/asbir_rc/asbir_rc.egg-info/SOURCES.txt'
running build
running build_py
creating /home/aralab/ASBIR/ASBIR-ROS2/build/asbir_rc/build
creating /home/aralab/ASBIR/ASBIR-ROS2/build/asbir_rc/build/lib
creating /home/aralab/ASBIR/ASBIR-ROS2/build/asbir_rc/build/lib/asbir_rc
copying asbir_rc/teleopGamepad.py -> /home/aralab/ASBIR/ASBIR-ROS2/build/asbir_rc/build/lib/asbir_rc
copying asbir_rc/teleopKeyboard.py -> /home/aralab/ASBIR/ASBIR-ROS2/build/asbir_rc/build/lib/asbir_rc
copying asbir_rc/__init__.py -> /home/aralab/ASBIR/ASBIR-ROS2/build/asbir_rc/build/lib/asbir_rc
running install
running install_lib
creating /home/aralab/ASBIR/ASBIR-ROS2/install/asbir_rc/lib/python3.8/site-packages/asbir_rc
copying /home/aralab/ASBIR/ASBIR-ROS2/build/asbir_rc/build/lib/asbir_rc/teleopGamepad.py -> /home/aralab/ASBIR/ASBIR-ROS2/install/asbir_rc/lib/python3.8/site-packages/asbir_rc
copying /home/aralab/ASBIR/ASBIR-ROS2/build/asbir_rc/build/lib/asbir_rc/teleopKeyboard.py -> /home/aralab/ASBIR/ASBIR-ROS2/install/asbir_rc/lib/python3.8/site-packages/asbir_rc
copying /home/aralab/ASBIR/ASBIR-ROS2/build/asbir_rc/build/lib/asbir_rc/__init__.py -> /home/aralab/ASBIR/ASBIR-ROS2/install/asbir_rc/lib/python3.8/site-packages/asbir_rc
byte-compiling /home/aralab/ASBIR/ASBIR-ROS2/install/asbir_rc/lib/python3.8/site-packages/asbir_rc/teleopGamepad.py to teleopGamepad.cpython-38.pyc
byte-compiling /home/aralab/ASBIR/ASBIR-ROS2/install/asbir_rc/lib/python3.8/site-packages/asbir_rc/teleopKeyboard.py to teleopKeyboard.cpython-38.pyc
byte-compiling /home/aralab/ASBIR/ASBIR-ROS2/install/asbir_rc/lib/python3.8/site-packages/asbir_rc/__init__.py to __init__.cpython-38.pyc
running install_data
creating /home/aralab/ASBIR/ASBIR-ROS2/install/asbir_rc/share/ament_index
creating /home/aralab/ASBIR/ASBIR-ROS2/install/asbir_rc/share/ament_index/resource_index
creating /home/aralab/ASBIR/ASBIR-ROS2/install/asbir_rc/share/ament_index/resource_index/packages
copying resource/asbir_rc -> /home/aralab/ASBIR/ASBIR-ROS2/install/asbir_rc/share/ament_index/resource_index/packages
copying package.xml -> /home/aralab/ASBIR/ASBIR-ROS2/install/asbir_rc/share/asbir_rc
running install_egg_info
Copying ../../build/asbir_rc/asbir_rc.egg-info to /home/aralab/ASBIR/ASBIR-ROS2/install/asbir_rc/lib/python3.8/site-packages/asbir_rc-0.0.0-py3.8.egg-info
running install_scripts
Installing teleopGamepad script to /home/aralab/ASBIR/ASBIR-ROS2/install/asbir_rc/lib/asbir_rc
Installing teleopKeyboard script to /home/aralab/ASBIR/ASBIR-ROS2/install/asbir_rc/lib/asbir_rc
writing list of installed files to '/home/aralab/ASBIR/ASBIR-ROS2/build/asbir_rc/install.log'
