running egg_info
writing ../../build/asbir_rc/asbir_rc.egg-info/PKG-INFO
writing dependency_links to ../../build/asbir_rc/asbir_rc.egg-info/dependency_links.txt
writing entry points to ../../build/asbir_rc/asbir_rc.egg-info/entry_points.txt
writing requirements to ../../build/asbir_rc/asbir_rc.egg-info/requires.txt
writing top-level names to ../../build/asbir_rc/asbir_rc.egg-info/top_level.txt
reading manifest file '../../build/asbir_rc/asbir_rc.egg-info/SOURCES.txt'
writing manifest file '../../build/asbir_rc/asbir_rc.egg-info/SOURCES.txt'
running build
running build_py
copying asbir_rc/teleopKeyboard.py -> /home/aralab/ASBIR/ASBIR-ROS2/build/asbir_rc/build/lib/asbir_rc
running install
running install_lib
copying /home/aralab/ASBIR/ASBIR-ROS2/build/asbir_rc/build/lib/asbir_rc/teleopKeyboard.py -> /home/aralab/ASBIR/ASBIR-ROS2/install/asbir_rc/lib/python3.8/site-packages/asbir_rc
byte-compiling /home/aralab/ASBIR/ASBIR-ROS2/install/asbir_rc/lib/python3.8/site-packages/asbir_rc/teleopKeyboard.py to teleopKeyboard.cpython-38.pyc
running install_data
running install_egg_info
removing '/home/aralab/ASBIR/ASBIR-ROS2/install/asbir_rc/lib/python3.8/site-packages/asbir_rc-0.0.0-py3.8.egg-info' (and everything under it)
Copying ../../build/asbir_rc/asbir_rc.egg-info to /home/aralab/ASBIR/ASBIR-ROS2/install/asbir_rc/lib/python3.8/site-packages/asbir_rc-0.0.0-py3.8.egg-info
running install_scripts
Installing teleopGamepad script to /home/aralab/ASBIR/ASBIR-ROS2/install/asbir_rc/lib/asbir_rc
Installing teleopKeyboard script to /home/aralab/ASBIR/ASBIR-ROS2/install/asbir_rc/lib/asbir_rc
writing list of installed files to '/home/aralab/ASBIR/ASBIR-ROS2/build/asbir_rc/install.log'
