running egg_info
creating ../../build/asbir_xavier_gpio/asbir_xavier_gpio.egg-info
writing ../../build/asbir_xavier_gpio/asbir_xavier_gpio.egg-info/PKG-INFO
writing dependency_links to ../../build/asbir_xavier_gpio/asbir_xavier_gpio.egg-info/dependency_links.txt
writing entry points to ../../build/asbir_xavier_gpio/asbir_xavier_gpio.egg-info/entry_points.txt
writing requirements to ../../build/asbir_xavier_gpio/asbir_xavier_gpio.egg-info/requires.txt
writing top-level names to ../../build/asbir_xavier_gpio/asbir_xavier_gpio.egg-info/top_level.txt
writing manifest file '../../build/asbir_xavier_gpio/asbir_xavier_gpio.egg-info/SOURCES.txt'
reading manifest file '../../build/asbir_xavier_gpio/asbir_xavier_gpio.egg-info/SOURCES.txt'
writing manifest file '../../build/asbir_xavier_gpio/asbir_xavier_gpio.egg-info/SOURCES.txt'
running build
running build_py
creating /home/aralab/ASBIR/ASBIR-ROS2/build/asbir_xavier_gpio/build
creating /home/aralab/ASBIR/ASBIR-ROS2/build/asbir_xavier_gpio/build/lib
creating /home/aralab/ASBIR/ASBIR-ROS2/build/asbir_xavier_gpio/build/lib/asbir_xavier_gpio
copying asbir_xavier_gpio/__init__.py -> /home/aralab/ASBIR/ASBIR-ROS2/build/asbir_xavier_gpio/build/lib/asbir_xavier_gpio
copying asbir_xavier_gpio/servoControl.py -> /home/aralab/ASBIR/ASBIR-ROS2/build/asbir_xavier_gpio/build/lib/asbir_xavier_gpio
running install
running install_lib
creating /home/aralab/ASBIR/ASBIR-ROS2/install/asbir_xavier_gpio/lib/python3.8/site-packages/asbir_xavier_gpio
copying /home/aralab/ASBIR/ASBIR-ROS2/build/asbir_xavier_gpio/build/lib/asbir_xavier_gpio/__init__.py -> /home/aralab/ASBIR/ASBIR-ROS2/install/asbir_xavier_gpio/lib/python3.8/site-packages/asbir_xavier_gpio
copying /home/aralab/ASBIR/ASBIR-ROS2/build/asbir_xavier_gpio/build/lib/asbir_xavier_gpio/servoControl.py -> /home/aralab/ASBIR/ASBIR-ROS2/install/asbir_xavier_gpio/lib/python3.8/site-packages/asbir_xavier_gpio
byte-compiling /home/aralab/ASBIR/ASBIR-ROS2/install/asbir_xavier_gpio/lib/python3.8/site-packages/asbir_xavier_gpio/__init__.py to __init__.cpython-38.pyc
byte-compiling /home/aralab/ASBIR/ASBIR-ROS2/install/asbir_xavier_gpio/lib/python3.8/site-packages/asbir_xavier_gpio/servoControl.py to servoControl.cpython-38.pyc
running install_data
creating /home/aralab/ASBIR/ASBIR-ROS2/install/asbir_xavier_gpio/share/ament_index
creating /home/aralab/ASBIR/ASBIR-ROS2/install/asbir_xavier_gpio/share/ament_index/resource_index
creating /home/aralab/ASBIR/ASBIR-ROS2/install/asbir_xavier_gpio/share/ament_index/resource_index/packages
copying resource/asbir_xavier_gpio -> /home/aralab/ASBIR/ASBIR-ROS2/install/asbir_xavier_gpio/share/ament_index/resource_index/packages
copying package.xml -> /home/aralab/ASBIR/ASBIR-ROS2/install/asbir_xavier_gpio/share/asbir_xavier_gpio
running install_egg_info
Copying ../../build/asbir_xavier_gpio/asbir_xavier_gpio.egg-info to /home/aralab/ASBIR/ASBIR-ROS2/install/asbir_xavier_gpio/lib/python3.8/site-packages/asbir_xavier_gpio-0.0.0-py3.8.egg-info
running install_scripts
Installing xavierGPIO script to /home/aralab/ASBIR/ASBIR-ROS2/install/asbir_xavier_gpio/lib/asbir_xavier_gpio
writing list of installed files to '/home/aralab/ASBIR/ASBIR-ROS2/build/asbir_xavier_gpio/install.log'
