[1.954s] Invoking command in '/home/aralab/ASBIR/ASBIR-ROS2/src/asbir_status': PYTHONPATH=/home/aralab/ASBIR/ASBIR-ROS2/build/asbir_status/prefix_override:/home/aralab/ASBIR/ASBIR-ROS2/install/asbir_status/lib/python3.8/site-packages:${PYTHONPATH} /usr/bin/python3 setup.py egg_info --egg-base ../../build/asbir_status build --build-base /home/aralab/ASBIR/ASBIR-ROS2/build/asbir_status/build install --record /home/aralab/ASBIR/ASBIR-ROS2/build/asbir_status/install.log --install-scripts $base/lib/asbir_status --single-version-externally-managed
[2.268s] running egg_info
[2.269s] writing ../../build/asbir_status/asbir_status.egg-info/PKG-INFO
[2.269s] writing dependency_links to ../../build/asbir_status/asbir_status.egg-info/dependency_links.txt
[2.269s] writing entry points to ../../build/asbir_status/asbir_status.egg-info/entry_points.txt
[2.269s] writing requirements to ../../build/asbir_status/asbir_status.egg-info/requires.txt
[2.269s] writing top-level names to ../../build/asbir_status/asbir_status.egg-info/top_level.txt
[2.323s] reading manifest file '../../build/asbir_status/asbir_status.egg-info/SOURCES.txt'
[2.324s] writing manifest file '../../build/asbir_status/asbir_status.egg-info/SOURCES.txt'
[2.324s] running build
[2.325s] running build_py
[2.325s] running install
[2.326s] running install_lib
[2.328s] running install_data
[2.328s] running install_egg_info
[2.331s] removing '/home/aralab/ASBIR/ASBIR-ROS2/install/asbir_status/lib/python3.8/site-packages/asbir_status-0.0.0-py3.8.egg-info' (and everything under it)
[2.331s] Copying ../../build/asbir_status/asbir_status.egg-info to /home/aralab/ASBIR/ASBIR-ROS2/install/asbir_status/lib/python3.8/site-packages/asbir_status-0.0.0-py3.8.egg-info
[2.332s] running install_scripts
[2.355s] Installing nodeController script to /home/aralab/ASBIR/ASBIR-ROS2/install/asbir_status/lib/asbir_status
[2.355s] Installing statusListener script to /home/aralab/ASBIR/ASBIR-ROS2/install/asbir_status/lib/asbir_status
[2.355s] writing list of installed files to '/home/aralab/ASBIR/ASBIR-ROS2/build/asbir_status/install.log'
[2.388s] Invoked command in '/home/aralab/ASBIR/ASBIR-ROS2/src/asbir_status' returned '0': PYTHONPATH=/home/aralab/ASBIR/ASBIR-ROS2/build/asbir_status/prefix_override:/home/aralab/ASBIR/ASBIR-ROS2/install/asbir_status/lib/python3.8/site-packages:${PYTHONPATH} /usr/bin/python3 setup.py egg_info --egg-base ../../build/asbir_status build --build-base /home/aralab/ASBIR/ASBIR-ROS2/build/asbir_status/build install --record /home/aralab/ASBIR/ASBIR-ROS2/build/asbir_status/install.log --install-scripts $base/lib/asbir_status --single-version-externally-managed
