[1.950s] Invoking command in '/home/aralab/ASBIR/ASBIR-ROS2/src/asbir_navigation': PYTHONPATH=/home/aralab/ASBIR/ASBIR-ROS2/build/asbir_navigation/prefix_override:/home/aralab/ASBIR/ASBIR-ROS2/install/asbir_navigation/lib/python3.8/site-packages:${PYTHONPATH} /usr/bin/python3 setup.py egg_info --egg-base ../../build/asbir_navigation build --build-base /home/aralab/ASBIR/ASBIR-ROS2/build/asbir_navigation/build install --record /home/aralab/ASBIR/ASBIR-ROS2/build/asbir_navigation/install.log --install-scripts $base/lib/asbir_navigation --single-version-externally-managed
[2.180s] running egg_info
[2.182s] writing ../../build/asbir_navigation/asbir_navigation.egg-info/PKG-INFO
[2.182s] writing dependency_links to ../../build/asbir_navigation/asbir_navigation.egg-info/dependency_links.txt
[2.183s] writing entry points to ../../build/asbir_navigation/asbir_navigation.egg-info/entry_points.txt
[2.183s] writing requirements to ../../build/asbir_navigation/asbir_navigation.egg-info/requires.txt
[2.183s] writing top-level names to ../../build/asbir_navigation/asbir_navigation.egg-info/top_level.txt
[2.216s] reading manifest file '../../build/asbir_navigation/asbir_navigation.egg-info/SOURCES.txt'
[2.217s] writing manifest file '../../build/asbir_navigation/asbir_navigation.egg-info/SOURCES.txt'
[2.218s] running build
[2.218s] running build_py
[2.218s] copying asbir_navigation/buildBestPath.py -> /home/aralab/ASBIR/ASBIR-ROS2/build/asbir_navigation/build/lib/asbir_navigation
[2.218s] running install
[2.219s] running install_lib
[2.220s] copying /home/aralab/ASBIR/ASBIR-ROS2/build/asbir_navigation/build/lib/asbir_navigation/buildBestPath.py -> /home/aralab/ASBIR/ASBIR-ROS2/install/asbir_navigation/lib/python3.8/site-packages/asbir_navigation
[2.220s] byte-compiling /home/aralab/ASBIR/ASBIR-ROS2/install/asbir_navigation/lib/python3.8/site-packages/asbir_navigation/buildBestPath.py to buildBestPath.cpython-38.pyc
[2.223s] running install_data
[2.224s] running install_egg_info
[2.225s] removing '/home/aralab/ASBIR/ASBIR-ROS2/install/asbir_navigation/lib/python3.8/site-packages/asbir_navigation-0.0.0-py3.8.egg-info' (and everything under it)
[2.225s] Copying ../../build/asbir_navigation/asbir_navigation.egg-info to /home/aralab/ASBIR/ASBIR-ROS2/install/asbir_navigation/lib/python3.8/site-packages/asbir_navigation-0.0.0-py3.8.egg-info
[2.226s] running install_scripts
[2.241s] Installing AlignAprilTag script to /home/aralab/ASBIR/ASBIR-ROS2/install/asbir_navigation/lib/asbir_navigation
[2.242s] Installing AlignStructure script to /home/aralab/ASBIR/ASBIR-ROS2/install/asbir_navigation/lib/asbir_navigation
[2.242s] Installing BuildBestPath script to /home/aralab/ASBIR/ASBIR-ROS2/install/asbir_navigation/lib/asbir_navigation
[2.242s] Installing FrameTest script to /home/aralab/ASBIR/ASBIR-ROS2/install/asbir_navigation/lib/asbir_navigation
[2.242s] Installing GraphTest script to /home/aralab/ASBIR/ASBIR-ROS2/install/asbir_navigation/lib/asbir_navigation
[2.242s] Installing ModelTest script to /home/aralab/ASBIR/ASBIR-ROS2/install/asbir_navigation/lib/asbir_navigation
[2.242s] Installing PathController script to /home/aralab/ASBIR/ASBIR-ROS2/install/asbir_navigation/lib/asbir_navigation
[2.242s] Installing PointPub script to /home/aralab/ASBIR/ASBIR-ROS2/install/asbir_navigation/lib/asbir_navigation
[2.243s] Installing PotentialField script to /home/aralab/ASBIR/ASBIR-ROS2/install/asbir_navigation/lib/asbir_navigation
[2.243s] Installing ProcessMesh script to /home/aralab/ASBIR/ASBIR-ROS2/install/asbir_navigation/lib/asbir_navigation
[2.243s] Installing SetZero script to /home/aralab/ASBIR/ASBIR-ROS2/install/asbir_navigation/lib/asbir_navigation
[2.243s] writing list of installed files to '/home/aralab/ASBIR/ASBIR-ROS2/build/asbir_navigation/install.log'
[2.273s] Invoked command in '/home/aralab/ASBIR/ASBIR-ROS2/src/asbir_navigation' returned '0': PYTHONPATH=/home/aralab/ASBIR/ASBIR-ROS2/build/asbir_navigation/prefix_override:/home/aralab/ASBIR/ASBIR-ROS2/install/asbir_navigation/lib/python3.8/site-packages:${PYTHONPATH} /usr/bin/python3 setup.py egg_info --egg-base ../../build/asbir_navigation build --build-base /home/aralab/ASBIR/ASBIR-ROS2/build/asbir_navigation/build install --record /home/aralab/ASBIR/ASBIR-ROS2/build/asbir_navigation/install.log --install-scripts $base/lib/asbir_navigation --single-version-externally-managed
