[2.277s] Invoking command in '/home/aralab/ASBIR/ASBIR-ROS2/src/asbir_status': PYTHONPATH=/home/aralab/ASBIR/ASBIR-ROS2/build/asbir_status/prefix_override:/home/aralab/ASBIR/ASBIR-ROS2/install/asbir_status/lib/python3.8/site-packages:${PYTHONPATH} /usr/bin/python3 setup.py egg_info --egg-base ../../build/asbir_status build --build-base /home/aralab/ASBIR/ASBIR-ROS2/build/asbir_status/build install --record /home/aralab/ASBIR/ASBIR-ROS2/build/asbir_status/install.log --install-scripts $base/lib/asbir_status --single-version-externally-managed
[2.552s] running egg_info
[2.552s] writing ../../build/asbir_status/asbir_status.egg-info/PKG-INFO
[2.552s] writing dependency_links to ../../build/asbir_status/asbir_status.egg-info/dependency_links.txt
[2.552s] writing entry points to ../../build/asbir_status/asbir_status.egg-info/entry_points.txt
[2.553s] writing requirements to ../../build/asbir_status/asbir_status.egg-info/requires.txt
[2.553s] writing top-level names to ../../build/asbir_status/asbir_status.egg-info/top_level.txt
[2.602s] reading manifest file '../../build/asbir_status/asbir_status.egg-info/SOURCES.txt'
[2.602s] writing manifest file '../../build/asbir_status/asbir_status.egg-info/SOURCES.txt'
[2.602s] running build
[2.603s] running build_py
[2.603s] running install
[2.604s] running install_lib
[2.606s] running install_data
[2.606s] running install_egg_info
[2.608s] removing '/home/aralab/ASBIR/ASBIR-ROS2/install/asbir_status/lib/python3.8/site-packages/asbir_status-0.0.0-py3.8.egg-info' (and everything under it)
[2.609s] Copying ../../build/asbir_status/asbir_status.egg-info to /home/aralab/ASBIR/ASBIR-ROS2/install/asbir_status/lib/python3.8/site-packages/asbir_status-0.0.0-py3.8.egg-info
[2.610s] running install_scripts
[2.627s] Installing nodeController script to /home/aralab/ASBIR/ASBIR-ROS2/install/asbir_status/lib/asbir_status
[2.628s] Installing statusListener script to /home/aralab/ASBIR/ASBIR-ROS2/install/asbir_status/lib/asbir_status
[2.628s] writing list of installed files to '/home/aralab/ASBIR/ASBIR-ROS2/build/asbir_status/install.log'
[2.657s] Invoked command in '/home/aralab/ASBIR/ASBIR-ROS2/src/asbir_status' returned '0': PYTHONPATH=/home/aralab/ASBIR/ASBIR-ROS2/build/asbir_status/prefix_override:/home/aralab/ASBIR/ASBIR-ROS2/install/asbir_status/lib/python3.8/site-packages:${PYTHONPATH} /usr/bin/python3 setup.py egg_info --egg-base ../../build/asbir_status build --build-base /home/aralab/ASBIR/ASBIR-ROS2/build/asbir_status/build install --record /home/aralab/ASBIR/ASBIR-ROS2/build/asbir_status/install.log --install-scripts $base/lib/asbir_status --single-version-externally-managed
