[1.950s] Invoking command in '/home/aralab/ASBIR/ASBIR-ROS2/src/asbir_rc': PYTHONPATH=/home/aralab/ASBIR/ASBIR-ROS2/build/asbir_rc/prefix_override:/home/aralab/ASBIR/ASBIR-ROS2/install/asbir_rc/lib/python3.8/site-packages:${PYTHONPATH} /usr/bin/python3 setup.py egg_info --egg-base ../../build/asbir_rc build --build-base /home/aralab/ASBIR/ASBIR-ROS2/build/asbir_rc/build install --record /home/aralab/ASBIR/ASBIR-ROS2/build/asbir_rc/install.log --install-scripts $base/lib/asbir_rc --single-version-externally-managed
[2.275s] running egg_info
[2.276s] writing ../../build/asbir_rc/asbir_rc.egg-info/PKG-INFO
[2.277s] writing dependency_links to ../../build/asbir_rc/asbir_rc.egg-info/dependency_links.txt
[2.277s] writing entry points to ../../build/asbir_rc/asbir_rc.egg-info/entry_points.txt
[2.278s] writing requirements to ../../build/asbir_rc/asbir_rc.egg-info/requires.txt
[2.278s] writing top-level names to ../../build/asbir_rc/asbir_rc.egg-info/top_level.txt
[2.331s] reading manifest file '../../build/asbir_rc/asbir_rc.egg-info/SOURCES.txt'
[2.332s] writing manifest file '../../build/asbir_rc/asbir_rc.egg-info/SOURCES.txt'
[2.332s] running build
[2.332s] running build_py
[2.333s] running install
[2.334s] running install_lib
[2.338s] running install_data
[2.338s] running install_egg_info
[2.339s] removing '/home/aralab/ASBIR/ASBIR-ROS2/install/asbir_rc/lib/python3.8/site-packages/asbir_rc-0.0.0-py3.8.egg-info' (and everything under it)
[2.340s] Copying ../../build/asbir_rc/asbir_rc.egg-info to /home/aralab/ASBIR/ASBIR-ROS2/install/asbir_rc/lib/python3.8/site-packages/asbir_rc-0.0.0-py3.8.egg-info
[2.341s] running install_scripts
[2.368s] Installing teleopGamepad script to /home/aralab/ASBIR/ASBIR-ROS2/install/asbir_rc/lib/asbir_rc
[2.368s] Installing teleopKeyboard script to /home/aralab/ASBIR/ASBIR-ROS2/install/asbir_rc/lib/asbir_rc
[2.368s] writing list of installed files to '/home/aralab/ASBIR/ASBIR-ROS2/build/asbir_rc/install.log'
[2.402s] Invoked command in '/home/aralab/ASBIR/ASBIR-ROS2/src/asbir_rc' returned '0': PYTHONPATH=/home/aralab/ASBIR/ASBIR-ROS2/build/asbir_rc/prefix_override:/home/aralab/ASBIR/ASBIR-ROS2/install/asbir_rc/lib/python3.8/site-packages:${PYTHONPATH} /usr/bin/python3 setup.py egg_info --egg-base ../../build/asbir_rc build --build-base /home/aralab/ASBIR/ASBIR-ROS2/build/asbir_rc/build install --record /home/aralab/ASBIR/ASBIR-ROS2/build/asbir_rc/install.log --install-scripts $base/lib/asbir_rc --single-version-externally-managed
