[0.543s] Invoking command in '/home/aralab/ASBIR/ASBIR-ROS2/src/asbir_image': PYTHONPATH=/home/aralab/ASBIR/ASBIR-ROS2/src/asbir_image/build/asbir_image/prefix_override:/home/aralab/ASBIR/ASBIR-ROS2/src/asbir_image/install/asbir_image/lib/python3.8/site-packages:${PYTHONPATH} /usr/bin/python3 setup.py egg_info --egg-base build/asbir_image build --build-base /home/aralab/ASBIR/ASBIR-ROS2/src/asbir_image/build/asbir_image/build install --record /home/aralab/ASBIR/ASBIR-ROS2/src/asbir_image/build/asbir_image/install.log --install-scripts $base/lib/asbir_image --single-version-externally-managed
[0.729s] running egg_info
[0.730s] writing build/asbir_image/asbir_image.egg-info/PKG-INFO
[0.730s] writing dependency_links to build/asbir_image/asbir_image.egg-info/dependency_links.txt
[0.730s] writing entry points to build/asbir_image/asbir_image.egg-info/entry_points.txt
[0.730s] writing requirements to build/asbir_image/asbir_image.egg-info/requires.txt
[0.730s] writing top-level names to build/asbir_image/asbir_image.egg-info/top_level.txt
[0.761s] reading manifest file 'build/asbir_image/asbir_image.egg-info/SOURCES.txt'
[0.761s] writing manifest file 'build/asbir_image/asbir_image.egg-info/SOURCES.txt'
[0.761s] running build
[0.762s] running build_py
[0.762s] copying asbir_image/asbirCam_pub.py -> /home/aralab/ASBIR/ASBIR-ROS2/src/asbir_image/build/asbir_image/build/lib/asbir_image
[0.762s] running install
[0.763s] running install_lib
[0.763s] copying /home/aralab/ASBIR/ASBIR-ROS2/src/asbir_image/build/asbir_image/build/lib/asbir_image/asbirCam_pub.py -> /home/aralab/ASBIR/ASBIR-ROS2/src/asbir_image/install/asbir_image/lib/python3.8/site-packages/asbir_image
[0.764s] byte-compiling /home/aralab/ASBIR/ASBIR-ROS2/src/asbir_image/install/asbir_image/lib/python3.8/site-packages/asbir_image/asbirCam_pub.py to asbirCam_pub.cpython-38.pyc
[0.765s] running install_data
[0.765s] running install_egg_info
[0.767s] removing '/home/aralab/ASBIR/ASBIR-ROS2/src/asbir_image/install/asbir_image/lib/python3.8/site-packages/asbir_image-0.0.0-py3.8.egg-info' (and everything under it)
[0.767s] Copying build/asbir_image/asbir_image.egg-info to /home/aralab/ASBIR/ASBIR-ROS2/src/asbir_image/install/asbir_image/lib/python3.8/site-packages/asbir_image-0.0.0-py3.8.egg-info
[0.767s] running install_scripts
[0.781s] Installing CamPub script to /home/aralab/ASBIR/ASBIR-ROS2/src/asbir_image/install/asbir_image/lib/asbir_image
[0.781s] writing list of installed files to '/home/aralab/ASBIR/ASBIR-ROS2/src/asbir_image/build/asbir_image/install.log'
[0.796s] Invoked command in '/home/aralab/ASBIR/ASBIR-ROS2/src/asbir_image' returned '0': PYTHONPATH=/home/aralab/ASBIR/ASBIR-ROS2/src/asbir_image/build/asbir_image/prefix_override:/home/aralab/ASBIR/ASBIR-ROS2/src/asbir_image/install/asbir_image/lib/python3.8/site-packages:${PYTHONPATH} /usr/bin/python3 setup.py egg_info --egg-base build/asbir_image build --build-base /home/aralab/ASBIR/ASBIR-ROS2/src/asbir_image/build/asbir_image/build install --record /home/aralab/ASBIR/ASBIR-ROS2/src/asbir_image/build/asbir_image/install.log --install-scripts $base/lib/asbir_image --single-version-externally-managed
