[2.004s] Invoking command in '/home/aralab/ASBIR/ASBIR-ROS2/src/asbir_panda': PYTHONPATH=/home/aralab/ASBIR/ASBIR-ROS2/build/asbir_panda/prefix_override:/home/aralab/ASBIR/ASBIR-ROS2/install/asbir_panda/lib/python3.8/site-packages:${PYTHONPATH} /usr/bin/python3 setup.py egg_info --egg-base ../../build/asbir_panda build --build-base /home/aralab/ASBIR/ASBIR-ROS2/build/asbir_panda/build install --record /home/aralab/ASBIR/ASBIR-ROS2/build/asbir_panda/install.log --install-scripts $base/lib/asbir_panda --single-version-externally-managed
[2.337s] running egg_info
[2.337s] writing ../../build/asbir_panda/asbir_panda.egg-info/PKG-INFO
[2.338s] writing dependency_links to ../../build/asbir_panda/asbir_panda.egg-info/dependency_links.txt
[2.338s] writing entry points to ../../build/asbir_panda/asbir_panda.egg-info/entry_points.txt
[2.338s] writing requirements to ../../build/asbir_panda/asbir_panda.egg-info/requires.txt
[2.338s] writing top-level names to ../../build/asbir_panda/asbir_panda.egg-info/top_level.txt
[2.383s] reading manifest file '../../build/asbir_panda/asbir_panda.egg-info/SOURCES.txt'
[2.384s] writing manifest file '../../build/asbir_panda/asbir_panda.egg-info/SOURCES.txt'
[2.384s] running build
[2.384s] running build_py
[2.384s] running install
[2.385s] running install_lib
[2.386s] running install_data
[2.386s] running install_egg_info
[2.388s] removing '/home/aralab/ASBIR/ASBIR-ROS2/install/asbir_panda/lib/python3.8/site-packages/asbir_panda-0.0.0-py3.8.egg-info' (and everything under it)
[2.388s] Copying ../../build/asbir_panda/asbir_panda.egg-info to /home/aralab/ASBIR/ASBIR-ROS2/install/asbir_panda/lib/python3.8/site-packages/asbir_panda-0.0.0-py3.8.egg-info
[2.389s] running install_scripts
[2.408s] writing list of installed files to '/home/aralab/ASBIR/ASBIR-ROS2/build/asbir_panda/install.log'
[2.430s] Invoked command in '/home/aralab/ASBIR/ASBIR-ROS2/src/asbir_panda' returned '0': PYTHONPATH=/home/aralab/ASBIR/ASBIR-ROS2/build/asbir_panda/prefix_override:/home/aralab/ASBIR/ASBIR-ROS2/install/asbir_panda/lib/python3.8/site-packages:${PYTHONPATH} /usr/bin/python3 setup.py egg_info --egg-base ../../build/asbir_panda build --build-base /home/aralab/ASBIR/ASBIR-ROS2/build/asbir_panda/build install --record /home/aralab/ASBIR/ASBIR-ROS2/build/asbir_panda/install.log --install-scripts $base/lib/asbir_panda --single-version-externally-managed
