running egg_info
creating ../../build/asbir_panda/asbir_panda.egg-info
writing ../../build/asbir_panda/asbir_panda.egg-info/PKG-INFO
writing dependency_links to ../../build/asbir_panda/asbir_panda.egg-info/dependency_links.txt
writing entry points to ../../build/asbir_panda/asbir_panda.egg-info/entry_points.txt
writing requirements to ../../build/asbir_panda/asbir_panda.egg-info/requires.txt
writing top-level names to ../../build/asbir_panda/asbir_panda.egg-info/top_level.txt
writing manifest file '../../build/asbir_panda/asbir_panda.egg-info/SOURCES.txt'
reading manifest file '../../build/asbir_panda/asbir_panda.egg-info/SOURCES.txt'
writing manifest file '../../build/asbir_panda/asbir_panda.egg-info/SOURCES.txt'
running build
running build_py
creating /home/aralab/ASBIR/ASBIR-ROS2/build/asbir_panda/build
creating /home/aralab/ASBIR/ASBIR-ROS2/build/asbir_panda/build/lib
creating /home/aralab/ASBIR/ASBIR-ROS2/build/asbir_panda/build/lib/asbir_panda
copying asbir_panda/__init__.py -> /home/aralab/ASBIR/ASBIR-ROS2/build/asbir_panda/build/lib/asbir_panda
running install
running install_lib
creating /home/aralab/ASBIR/ASBIR-ROS2/install/asbir_panda/lib/python3.8/site-packages/asbir_panda
copying /home/aralab/ASBIR/ASBIR-ROS2/build/asbir_panda/build/lib/asbir_panda/__init__.py -> /home/aralab/ASBIR/ASBIR-ROS2/install/asbir_panda/lib/python3.8/site-packages/asbir_panda
byte-compiling /home/aralab/ASBIR/ASBIR-ROS2/install/asbir_panda/lib/python3.8/site-packages/asbir_panda/__init__.py to __init__.cpython-38.pyc
running install_data
creating /home/aralab/ASBIR/ASBIR-ROS2/install/asbir_panda/share/ament_index
creating /home/aralab/ASBIR/ASBIR-ROS2/install/asbir_panda/share/ament_index/resource_index
creating /home/aralab/ASBIR/ASBIR-ROS2/install/asbir_panda/share/ament_index/resource_index/packages
copying resource/asbir_panda -> /home/aralab/ASBIR/ASBIR-ROS2/install/asbir_panda/share/ament_index/resource_index/packages
copying package.xml -> /home/aralab/ASBIR/ASBIR-ROS2/install/asbir_panda/share/asbir_panda
running install_egg_info
Copying ../../build/asbir_panda/asbir_panda.egg-info to /home/aralab/ASBIR/ASBIR-ROS2/install/asbir_panda/lib/python3.8/site-packages/asbir_panda-0.0.0-py3.8.egg-info
running install_scripts
writing list of installed files to '/home/aralab/ASBIR/ASBIR-ROS2/build/asbir_panda/install.log'
