[1.949s] Invoking command in '/home/aralab/ASBIR/ASBIR-ROS2/src/asbir_panda': PYTHONPATH=/home/aralab/ASBIR/ASBIR-ROS2/build/asbir_panda/prefix_override:/home/aralab/ASBIR/ASBIR-ROS2/install/asbir_panda/lib/python3.8/site-packages:${PYTHONPATH} /usr/bin/python3 setup.py egg_info --egg-base ../../build/asbir_panda build --build-base /home/aralab/ASBIR/ASBIR-ROS2/build/asbir_panda/build install --record /home/aralab/ASBIR/ASBIR-ROS2/build/asbir_panda/install.log --install-scripts $base/lib/asbir_panda --single-version-externally-managed
[2.239s] running egg_info
[2.239s] creating ../../build/asbir_panda/asbir_panda.egg-info
[2.239s] writing ../../build/asbir_panda/asbir_panda.egg-info/PKG-INFO
[2.239s] writing dependency_links to ../../build/asbir_panda/asbir_panda.egg-info/dependency_links.txt
[2.240s] writing entry points to ../../build/asbir_panda/asbir_panda.egg-info/entry_points.txt
[2.240s] writing requirements to ../../build/asbir_panda/asbir_panda.egg-info/requires.txt
[2.240s] writing top-level names to ../../build/asbir_panda/asbir_panda.egg-info/top_level.txt
[2.240s] writing manifest file '../../build/asbir_panda/asbir_panda.egg-info/SOURCES.txt'
[2.266s] reading manifest file '../../build/asbir_panda/asbir_panda.egg-info/SOURCES.txt'
[2.267s] writing manifest file '../../build/asbir_panda/asbir_panda.egg-info/SOURCES.txt'
[2.267s] running build
[2.267s] running build_py
[2.267s] creating /home/aralab/ASBIR/ASBIR-ROS2/build/asbir_panda/build
[2.267s] creating /home/aralab/ASBIR/ASBIR-ROS2/build/asbir_panda/build/lib
[2.267s] creating /home/aralab/ASBIR/ASBIR-ROS2/build/asbir_panda/build/lib/asbir_panda
[2.267s] copying asbir_panda/__init__.py -> /home/aralab/ASBIR/ASBIR-ROS2/build/asbir_panda/build/lib/asbir_panda
[2.268s] running install
[2.268s] running install_lib
[2.269s] creating /home/aralab/ASBIR/ASBIR-ROS2/install/asbir_panda/lib/python3.8/site-packages/asbir_panda
[2.269s] copying /home/aralab/ASBIR/ASBIR-ROS2/build/asbir_panda/build/lib/asbir_panda/__init__.py -> /home/aralab/ASBIR/ASBIR-ROS2/install/asbir_panda/lib/python3.8/site-packages/asbir_panda
[2.270s] byte-compiling /home/aralab/ASBIR/ASBIR-ROS2/install/asbir_panda/lib/python3.8/site-packages/asbir_panda/__init__.py to __init__.cpython-38.pyc
[2.270s] running install_data
[2.271s] creating /home/aralab/ASBIR/ASBIR-ROS2/install/asbir_panda/share/ament_index
[2.271s] creating /home/aralab/ASBIR/ASBIR-ROS2/install/asbir_panda/share/ament_index/resource_index
[2.271s] creating /home/aralab/ASBIR/ASBIR-ROS2/install/asbir_panda/share/ament_index/resource_index/packages
[2.271s] copying resource/asbir_panda -> /home/aralab/ASBIR/ASBIR-ROS2/install/asbir_panda/share/ament_index/resource_index/packages
[2.271s] copying package.xml -> /home/aralab/ASBIR/ASBIR-ROS2/install/asbir_panda/share/asbir_panda
[2.271s] running install_egg_info
[2.272s] Copying ../../build/asbir_panda/asbir_panda.egg-info to /home/aralab/ASBIR/ASBIR-ROS2/install/asbir_panda/lib/python3.8/site-packages/asbir_panda-0.0.0-py3.8.egg-info
[2.273s] running install_scripts
[2.286s] writing list of installed files to '/home/aralab/ASBIR/ASBIR-ROS2/build/asbir_panda/install.log'
[2.305s] Invoked command in '/home/aralab/ASBIR/ASBIR-ROS2/src/asbir_panda' returned '0': PYTHONPATH=/home/aralab/ASBIR/ASBIR-ROS2/build/asbir_panda/prefix_override:/home/aralab/ASBIR/ASBIR-ROS2/install/asbir_panda/lib/python3.8/site-packages:${PYTHONPATH} /usr/bin/python3 setup.py egg_info --egg-base ../../build/asbir_panda build --build-base /home/aralab/ASBIR/ASBIR-ROS2/build/asbir_panda/build install --record /home/aralab/ASBIR/ASBIR-ROS2/build/asbir_panda/install.log --install-scripts $base/lib/asbir_panda --single-version-externally-managed
