[1.828s] Invoking command in '/home/aralab/ASBIR/ASBIR-ROS2/src/asbir_navigation': PYTHONPATH=/home/aralab/ASBIR/ASBIR-ROS2/build/asbir_navigation/prefix_override:/home/aralab/ASBIR/ASBIR-ROS2/install/asbir_navigation/lib/python3.8/site-packages:${PYTHONPATH} /usr/bin/python3 setup.py egg_info --egg-base ../../build/asbir_navigation build --build-base /home/aralab/ASBIR/ASBIR-ROS2/build/asbir_navigation/build install --record /home/aralab/ASBIR/ASBIR-ROS2/build/asbir_navigation/install.log --install-scripts $base/lib/asbir_navigation --single-version-externally-managed
[2.057s] running egg_info
[2.058s] writing ../../build/asbir_navigation/asbir_navigation.egg-info/PKG-INFO
[2.058s] writing dependency_links to ../../build/asbir_navigation/asbir_navigation.egg-info/dependency_links.txt
[2.058s] writing entry points to ../../build/asbir_navigation/asbir_navigation.egg-info/entry_points.txt
[2.058s] writing requirements to ../../build/asbir_navigation/asbir_navigation.egg-info/requires.txt
[2.058s] writing top-level names to ../../build/asbir_navigation/asbir_navigation.egg-info/top_level.txt
[2.112s] reading manifest file '../../build/asbir_navigation/asbir_navigation.egg-info/SOURCES.txt'
[2.113s] writing manifest file '../../build/asbir_navigation/asbir_navigation.egg-info/SOURCES.txt'
[2.113s] running build
[2.113s] running build_py
[2.116s] running install
[2.116s] running install_lib
[2.118s] running install_data
[2.119s] running install_egg_info
[2.122s] removing '/home/aralab/ASBIR/ASBIR-ROS2/install/asbir_navigation/lib/python3.8/site-packages/asbir_navigation-0.0.0-py3.8.egg-info' (and everything under it)
[2.123s] Copying ../../build/asbir_navigation/asbir_navigation.egg-info to /home/aralab/ASBIR/ASBIR-ROS2/install/asbir_navigation/lib/python3.8/site-packages/asbir_navigation-0.0.0-py3.8.egg-info
[2.123s] running install_scripts
[2.146s] Installing AlignAprilTag script to /home/aralab/ASBIR/ASBIR-ROS2/install/asbir_navigation/lib/asbir_navigation
[2.146s] Installing AlignStructure script to /home/aralab/ASBIR/ASBIR-ROS2/install/asbir_navigation/lib/asbir_navigation
[2.147s] Installing BuildBestPath script to /home/aralab/ASBIR/ASBIR-ROS2/install/asbir_navigation/lib/asbir_navigation
[2.147s] Installing FrameTest script to /home/aralab/ASBIR/ASBIR-ROS2/install/asbir_navigation/lib/asbir_navigation
[2.147s] Installing GraphTest script to /home/aralab/ASBIR/ASBIR-ROS2/install/asbir_navigation/lib/asbir_navigation
[2.147s] Installing ModelTest script to /home/aralab/ASBIR/ASBIR-ROS2/install/asbir_navigation/lib/asbir_navigation
[2.147s] Installing PathController script to /home/aralab/ASBIR/ASBIR-ROS2/install/asbir_navigation/lib/asbir_navigation
[2.147s] Installing PointPub script to /home/aralab/ASBIR/ASBIR-ROS2/install/asbir_navigation/lib/asbir_navigation
[2.147s] Installing PotentialField script to /home/aralab/ASBIR/ASBIR-ROS2/install/asbir_navigation/lib/asbir_navigation
[2.147s] Installing ProcessMesh script to /home/aralab/ASBIR/ASBIR-ROS2/install/asbir_navigation/lib/asbir_navigation
[2.147s] Installing SetZero script to /home/aralab/ASBIR/ASBIR-ROS2/install/asbir_navigation/lib/asbir_navigation
[2.148s] writing list of installed files to '/home/aralab/ASBIR/ASBIR-ROS2/build/asbir_navigation/install.log'
[2.177s] Invoked command in '/home/aralab/ASBIR/ASBIR-ROS2/src/asbir_navigation' returned '0': PYTHONPATH=/home/aralab/ASBIR/ASBIR-ROS2/build/asbir_navigation/prefix_override:/home/aralab/ASBIR/ASBIR-ROS2/install/asbir_navigation/lib/python3.8/site-packages:${PYTHONPATH} /usr/bin/python3 setup.py egg_info --egg-base ../../build/asbir_navigation build --build-base /home/aralab/ASBIR/ASBIR-ROS2/build/asbir_navigation/build install --record /home/aralab/ASBIR/ASBIR-ROS2/build/asbir_navigation/install.log --install-scripts $base/lib/asbir_navigation --single-version-externally-managed
