running egg_info
creating ../../build/asbir_status/asbir_status.egg-info
writing ../../build/asbir_status/asbir_status.egg-info/PKG-INFO
writing dependency_links to ../../build/asbir_status/asbir_status.egg-info/dependency_links.txt
writing entry points to ../../build/asbir_status/asbir_status.egg-info/entry_points.txt
writing requirements to ../../build/asbir_status/asbir_status.egg-info/requires.txt
writing top-level names to ../../build/asbir_status/asbir_status.egg-info/top_level.txt
writing manifest file '../../build/asbir_status/asbir_status.egg-info/SOURCES.txt'
reading manifest file '../../build/asbir_status/asbir_status.egg-info/SOURCES.txt'
writing manifest file '../../build/asbir_status/asbir_status.egg-info/SOURCES.txt'
running build
running build_py
creating /home/aralab/ASBIR/ASBIR-ROS2/build/asbir_status/build
creating /home/aralab/ASBIR/ASBIR-ROS2/build/asbir_status/build/lib
creating /home/aralab/ASBIR/ASBIR-ROS2/build/asbir_status/build/lib/asbir_status
copying asbir_status/nodeController.py -> /home/aralab/ASBIR/ASBIR-ROS2/build/asbir_status/build/lib/asbir_status
copying asbir_status/__init__.py -> /home/aralab/ASBIR/ASBIR-ROS2/build/asbir_status/build/lib/asbir_status
copying asbir_status/statusListener.py -> /home/aralab/ASBIR/ASBIR-ROS2/build/asbir_status/build/lib/asbir_status
running install
running install_lib
creating /home/aralab/ASBIR/ASBIR-ROS2/install/asbir_status/lib/python3.8/site-packages/asbir_status
copying /home/aralab/ASBIR/ASBIR-ROS2/build/asbir_status/build/lib/asbir_status/nodeController.py -> /home/aralab/ASBIR/ASBIR-ROS2/install/asbir_status/lib/python3.8/site-packages/asbir_status
copying /home/aralab/ASBIR/ASBIR-ROS2/build/asbir_status/build/lib/asbir_status/__init__.py -> /home/aralab/ASBIR/ASBIR-ROS2/install/asbir_status/lib/python3.8/site-packages/asbir_status
copying /home/aralab/ASBIR/ASBIR-ROS2/build/asbir_status/build/lib/asbir_status/statusListener.py -> /home/aralab/ASBIR/ASBIR-ROS2/install/asbir_status/lib/python3.8/site-packages/asbir_status
byte-compiling /home/aralab/ASBIR/ASBIR-ROS2/install/asbir_status/lib/python3.8/site-packages/asbir_status/nodeController.py to nodeController.cpython-38.pyc
byte-compiling /home/aralab/ASBIR/ASBIR-ROS2/install/asbir_status/lib/python3.8/site-packages/asbir_status/__init__.py to __init__.cpython-38.pyc
byte-compiling /home/aralab/ASBIR/ASBIR-ROS2/install/asbir_status/lib/python3.8/site-packages/asbir_status/statusListener.py to statusListener.cpython-38.pyc
running install_data
creating /home/aralab/ASBIR/ASBIR-ROS2/install/asbir_status/share/ament_index
creating /home/aralab/ASBIR/ASBIR-ROS2/install/asbir_status/share/ament_index/resource_index
creating /home/aralab/ASBIR/ASBIR-ROS2/install/asbir_status/share/ament_index/resource_index/packages
copying resource/asbir_status -> /home/aralab/ASBIR/ASBIR-ROS2/install/asbir_status/share/ament_index/resource_index/packages
copying package.xml -> /home/aralab/ASBIR/ASBIR-ROS2/install/asbir_status/share/asbir_status
running install_egg_info
Copying ../../build/asbir_status/asbir_status.egg-info to /home/aralab/ASBIR/ASBIR-ROS2/install/asbir_status/lib/python3.8/site-packages/asbir_status-0.0.0-py3.8.egg-info
running install_scripts
Installing nodeController script to /home/aralab/ASBIR/ASBIR-ROS2/install/asbir_status/lib/asbir_status
Installing statusListener script to /home/aralab/ASBIR/ASBIR-ROS2/install/asbir_status/lib/asbir_status
writing list of installed files to '/home/aralab/ASBIR/ASBIR-ROS2/build/asbir_status/install.log'
