[1.785s] Invoking command in '/home/aralab/ASBIR/ASBIR-ROS2/src/asbir_status': PYTHONPATH=/home/aralab/ASBIR/ASBIR-ROS2/build/asbir_status/prefix_override:/home/aralab/ASBIR/ASBIR-ROS2/install/asbir_status/lib/python3.8/site-packages:${PYTHONPATH} /usr/bin/python3 setup.py egg_info --egg-base ../../build/asbir_status build --build-base /home/aralab/ASBIR/ASBIR-ROS2/build/asbir_status/build install --record /home/aralab/ASBIR/ASBIR-ROS2/build/asbir_status/install.log --install-scripts $base/lib/asbir_status --single-version-externally-managed
[2.107s] running egg_info
[2.107s] creating ../../build/asbir_status/asbir_status.egg-info
[2.107s] writing ../../build/asbir_status/asbir_status.egg-info/PKG-INFO
[2.108s] writing dependency_links to ../../build/asbir_status/asbir_status.egg-info/dependency_links.txt
[2.108s] writing entry points to ../../build/asbir_status/asbir_status.egg-info/entry_points.txt
[2.110s] writing requirements to ../../build/asbir_status/asbir_status.egg-info/requires.txt
[2.111s] writing top-level names to ../../build/asbir_status/asbir_status.egg-info/top_level.txt
[2.111s] writing manifest file '../../build/asbir_status/asbir_status.egg-info/SOURCES.txt'
[2.157s] reading manifest file '../../build/asbir_status/asbir_status.egg-info/SOURCES.txt'
[2.158s] writing manifest file '../../build/asbir_status/asbir_status.egg-info/SOURCES.txt'
[2.158s] running build
[2.158s] running build_py
[2.158s] creating /home/aralab/ASBIR/ASBIR-ROS2/build/asbir_status/build
[2.158s] creating /home/aralab/ASBIR/ASBIR-ROS2/build/asbir_status/build/lib
[2.158s] creating /home/aralab/ASBIR/ASBIR-ROS2/build/asbir_status/build/lib/asbir_status
[2.158s] copying asbir_status/nodeController.py -> /home/aralab/ASBIR/ASBIR-ROS2/build/asbir_status/build/lib/asbir_status
[2.158s] copying asbir_status/__init__.py -> /home/aralab/ASBIR/ASBIR-ROS2/build/asbir_status/build/lib/asbir_status
[2.158s] copying asbir_status/statusListener.py -> /home/aralab/ASBIR/ASBIR-ROS2/build/asbir_status/build/lib/asbir_status
[2.158s] running install
[2.159s] running install_lib
[2.160s] creating /home/aralab/ASBIR/ASBIR-ROS2/install/asbir_status/lib/python3.8/site-packages/asbir_status
[2.160s] copying /home/aralab/ASBIR/ASBIR-ROS2/build/asbir_status/build/lib/asbir_status/nodeController.py -> /home/aralab/ASBIR/ASBIR-ROS2/install/asbir_status/lib/python3.8/site-packages/asbir_status
[2.160s] copying /home/aralab/ASBIR/ASBIR-ROS2/build/asbir_status/build/lib/asbir_status/__init__.py -> /home/aralab/ASBIR/ASBIR-ROS2/install/asbir_status/lib/python3.8/site-packages/asbir_status
[2.160s] copying /home/aralab/ASBIR/ASBIR-ROS2/build/asbir_status/build/lib/asbir_status/statusListener.py -> /home/aralab/ASBIR/ASBIR-ROS2/install/asbir_status/lib/python3.8/site-packages/asbir_status
[2.160s] byte-compiling /home/aralab/ASBIR/ASBIR-ROS2/install/asbir_status/lib/python3.8/site-packages/asbir_status/nodeController.py to nodeController.cpython-38.pyc
[2.161s] byte-compiling /home/aralab/ASBIR/ASBIR-ROS2/install/asbir_status/lib/python3.8/site-packages/asbir_status/__init__.py to __init__.cpython-38.pyc
[2.161s] byte-compiling /home/aralab/ASBIR/ASBIR-ROS2/install/asbir_status/lib/python3.8/site-packages/asbir_status/statusListener.py to statusListener.cpython-38.pyc
[2.162s] running install_data
[2.162s] creating /home/aralab/ASBIR/ASBIR-ROS2/install/asbir_status/share/ament_index
[2.162s] creating /home/aralab/ASBIR/ASBIR-ROS2/install/asbir_status/share/ament_index/resource_index
[2.162s] creating /home/aralab/ASBIR/ASBIR-ROS2/install/asbir_status/share/ament_index/resource_index/packages
[2.162s] copying resource/asbir_status -> /home/aralab/ASBIR/ASBIR-ROS2/install/asbir_status/share/ament_index/resource_index/packages
[2.162s] copying package.xml -> /home/aralab/ASBIR/ASBIR-ROS2/install/asbir_status/share/asbir_status
[2.162s] running install_egg_info
[2.163s] Copying ../../build/asbir_status/asbir_status.egg-info to /home/aralab/ASBIR/ASBIR-ROS2/install/asbir_status/lib/python3.8/site-packages/asbir_status-0.0.0-py3.8.egg-info
[2.164s] running install_scripts
[2.182s] Installing nodeController script to /home/aralab/ASBIR/ASBIR-ROS2/install/asbir_status/lib/asbir_status
[2.182s] Installing statusListener script to /home/aralab/ASBIR/ASBIR-ROS2/install/asbir_status/lib/asbir_status
[2.182s] writing list of installed files to '/home/aralab/ASBIR/ASBIR-ROS2/build/asbir_status/install.log'
[2.200s] Invoked command in '/home/aralab/ASBIR/ASBIR-ROS2/src/asbir_status' returned '0': PYTHONPATH=/home/aralab/ASBIR/ASBIR-ROS2/build/asbir_status/prefix_override:/home/aralab/ASBIR/ASBIR-ROS2/install/asbir_status/lib/python3.8/site-packages:${PYTHONPATH} /usr/bin/python3 setup.py egg_info --egg-base ../../build/asbir_status build --build-base /home/aralab/ASBIR/ASBIR-ROS2/build/asbir_status/build install --record /home/aralab/ASBIR/ASBIR-ROS2/build/asbir_status/install.log --install-scripts $base/lib/asbir_status --single-version-externally-managed
