/home/aralab/ASBIR/ASBIR-ROS2/install/asbir_navigation/lib/python3.8/site-packages/asbir_navigation/alignStructure.py
/home/aralab/ASBIR/ASBIR-ROS2/install/asbir_navigation/lib/python3.8/site-packages/asbir_navigation/buildBestPath.py
/home/aralab/ASBIR/ASBIR-ROS2/install/asbir_navigation/lib/python3.8/site-packages/asbir_navigation/alignApriltag.py
/home/aralab/ASBIR/ASBIR-ROS2/install/asbir_navigation/lib/python3.8/site-packages/asbir_navigation/processMesh.py
/home/aralab/ASBIR/ASBIR-ROS2/install/asbir_navigation/lib/python3.8/site-packages/asbir_navigation/servoSetZero.py
/home/aralab/ASBIR/ASBIR-ROS2/install/asbir_navigation/lib/python3.8/site-packages/asbir_navigation/potentialField.py
/home/aralab/ASBIR/ASBIR-ROS2/install/asbir_navigation/lib/python3.8/site-packages/asbir_navigation/classes.py
/home/aralab/ASBIR/ASBIR-ROS2/install/asbir_navigation/lib/python3.8/site-packages/asbir_navigation/transformations.py
/home/aralab/ASBIR/ASBIR-ROS2/install/asbir_navigation/lib/python3.8/site-packages/asbir_navigation/__init__.py
/home/aralab/ASBIR/ASBIR-ROS2/install/asbir_navigation/lib/python3.8/site-packages/asbir_navigation/transformations_test.py
/home/aralab/ASBIR/ASBIR-ROS2/install/asbir_navigation/lib/python3.8/site-packages/asbir_navigation/modelTest.py
/home/aralab/ASBIR/ASBIR-ROS2/install/asbir_navigation/lib/python3.8/site-packages/asbir_navigation/aStar.py
/home/aralab/ASBIR/ASBIR-ROS2/install/asbir_navigation/lib/python3.8/site-packages/asbir_navigation/pointPub.py
/home/aralab/ASBIR/ASBIR-ROS2/install/asbir_navigation/lib/python3.8/site-packages/asbir_navigation/pathController.py
/home/aralab/ASBIR/ASBIR-ROS2/install/asbir_navigation/lib/python3.8/site-packages/asbir_navigation/graphTest.py
/home/aralab/ASBIR/ASBIR-ROS2/install/asbir_navigation/lib/python3.8/site-packages/asbir_navigation/__pycache__/alignStructure.cpython-38.pyc
/home/aralab/ASBIR/ASBIR-ROS2/install/asbir_navigation/lib/python3.8/site-packages/asbir_navigation/__pycache__/buildBestPath.cpython-38.pyc
/home/aralab/ASBIR/ASBIR-ROS2/install/asbir_navigation/lib/python3.8/site-packages/asbir_navigation/__pycache__/alignApriltag.cpython-38.pyc
/home/aralab/ASBIR/ASBIR-ROS2/install/asbir_navigation/lib/python3.8/site-packages/asbir_navigation/__pycache__/processMesh.cpython-38.pyc
/home/aralab/ASBIR/ASBIR-ROS2/install/asbir_navigation/lib/python3.8/site-packages/asbir_navigation/__pycache__/servoSetZero.cpython-38.pyc
/home/aralab/ASBIR/ASBIR-ROS2/install/asbir_navigation/lib/python3.8/site-packages/asbir_navigation/__pycache__/potentialField.cpython-38.pyc
/home/aralab/ASBIR/ASBIR-ROS2/install/asbir_navigation/lib/python3.8/site-packages/asbir_navigation/__pycache__/classes.cpython-38.pyc
/home/aralab/ASBIR/ASBIR-ROS2/install/asbir_navigation/lib/python3.8/site-packages/asbir_navigation/__pycache__/transformations.cpython-38.pyc
/home/aralab/ASBIR/ASBIR-ROS2/install/asbir_navigation/lib/python3.8/site-packages/asbir_navigation/__pycache__/__init__.cpython-38.pyc
/home/aralab/ASBIR/ASBIR-ROS2/install/asbir_navigation/lib/python3.8/site-packages/asbir_navigation/__pycache__/transformations_test.cpython-38.pyc
/home/aralab/ASBIR/ASBIR-ROS2/install/asbir_navigation/lib/python3.8/site-packages/asbir_navigation/__pycache__/modelTest.cpython-38.pyc
/home/aralab/ASBIR/ASBIR-ROS2/install/asbir_navigation/lib/python3.8/site-packages/asbir_navigation/__pycache__/aStar.cpython-38.pyc
/home/aralab/ASBIR/ASBIR-ROS2/install/asbir_navigation/lib/python3.8/site-packages/asbir_navigation/__pycache__/pointPub.cpython-38.pyc
/home/aralab/ASBIR/ASBIR-ROS2/install/asbir_navigation/lib/python3.8/site-packages/asbir_navigation/__pycache__/pathController.cpython-38.pyc
/home/aralab/ASBIR/ASBIR-ROS2/install/asbir_navigation/lib/python3.8/site-packages/asbir_navigation/__pycache__/graphTest.cpython-38.pyc
/home/aralab/ASBIR/ASBIR-ROS2/install/asbir_navigation/share/ament_index/resource_index/packages/asbir_navigation
/home/aralab/ASBIR/ASBIR-ROS2/install/asbir_navigation/share/asbir_navigation/package.xml
/home/aralab/ASBIR/ASBIR-ROS2/install/asbir_navigation/lib/python3.8/site-packages/asbir_navigation-0.0.0-py3.8.egg-info/PKG-INFO
/home/aralab/ASBIR/ASBIR-ROS2/install/asbir_navigation/lib/python3.8/site-packages/asbir_navigation-0.0.0-py3.8.egg-info/requires.txt
/home/aralab/ASBIR/ASBIR-ROS2/install/asbir_navigation/lib/python3.8/site-packages/asbir_navigation-0.0.0-py3.8.egg-info/SOURCES.txt
/home/aralab/ASBIR/ASBIR-ROS2/install/asbir_navigation/lib/python3.8/site-packages/asbir_navigation-0.0.0-py3.8.egg-info/zip-safe
/home/aralab/ASBIR/ASBIR-ROS2/install/asbir_navigation/lib/python3.8/site-packages/asbir_navigation-0.0.0-py3.8.egg-info/top_level.txt
/home/aralab/ASBIR/ASBIR-ROS2/install/asbir_navigation/lib/python3.8/site-packages/asbir_navigation-0.0.0-py3.8.egg-info/entry_points.txt
/home/aralab/ASBIR/ASBIR-ROS2/install/asbir_navigation/lib/python3.8/site-packages/asbir_navigation-0.0.0-py3.8.egg-info/dependency_links.txt
/home/aralab/ASBIR/ASBIR-ROS2/install/asbir_navigation/lib/asbir_navigation/AlignAprilTag
/home/aralab/ASBIR/ASBIR-ROS2/install/asbir_navigation/lib/asbir_navigation/AlignStructure
/home/aralab/ASBIR/ASBIR-ROS2/install/asbir_navigation/lib/asbir_navigation/BuildBestPath
/home/aralab/ASBIR/ASBIR-ROS2/install/asbir_navigation/lib/asbir_navigation/FrameTest
/home/aralab/ASBIR/ASBIR-ROS2/install/asbir_navigation/lib/asbir_navigation/GraphTest
/home/aralab/ASBIR/ASBIR-ROS2/install/asbir_navigation/lib/asbir_navigation/ModelTest
/home/aralab/ASBIR/ASBIR-ROS2/install/asbir_navigation/lib/asbir_navigation/PathController
/home/aralab/ASBIR/ASBIR-ROS2/install/asbir_navigation/lib/asbir_navigation/PointPub
/home/aralab/ASBIR/ASBIR-ROS2/install/asbir_navigation/lib/asbir_navigation/PotentialField
/home/aralab/ASBIR/ASBIR-ROS2/install/asbir_navigation/lib/asbir_navigation/ProcessMesh
/home/aralab/ASBIR/ASBIR-ROS2/install/asbir_navigation/lib/asbir_navigation/SetZero
