[1.804s] Invoking command in '/home/aralab/ASBIR/ASBIR-ROS2/src/asbir_serial': PYTHONPATH=/home/aralab/ASBIR/ASBIR-ROS2/build/asbir_serial/prefix_override:/home/aralab/ASBIR/ASBIR-ROS2/install/asbir_serial/lib/python3.8/site-packages:${PYTHONPATH} /usr/bin/python3 setup.py egg_info --egg-base ../../build/asbir_serial build --build-base /home/aralab/ASBIR/ASBIR-ROS2/build/asbir_serial/build install --record /home/aralab/ASBIR/ASBIR-ROS2/build/asbir_serial/install.log --install-scripts $base/lib/asbir_serial --single-version-externally-managed
[2.012s] running egg_info
[2.012s] writing ../../build/asbir_serial/asbir_serial.egg-info/PKG-INFO
[2.012s] writing dependency_links to ../../build/asbir_serial/asbir_serial.egg-info/dependency_links.txt
[2.013s] writing entry points to ../../build/asbir_serial/asbir_serial.egg-info/entry_points.txt
[2.013s] writing requirements to ../../build/asbir_serial/asbir_serial.egg-info/requires.txt
[2.013s] writing top-level names to ../../build/asbir_serial/asbir_serial.egg-info/top_level.txt
[2.065s] reading manifest file '../../build/asbir_serial/asbir_serial.egg-info/SOURCES.txt'
[2.066s] writing manifest file '../../build/asbir_serial/asbir_serial.egg-info/SOURCES.txt'
[2.066s] running build
[2.066s] running build_py
[2.066s] running install
[2.067s] running install_lib
[2.069s] running install_data
[2.069s] running install_egg_info
[2.072s] removing '/home/aralab/ASBIR/ASBIR-ROS2/install/asbir_serial/lib/python3.8/site-packages/asbir_serial-0.0.0-py3.8.egg-info' (and everything under it)
[2.072s] Copying ../../build/asbir_serial/asbir_serial.egg-info to /home/aralab/ASBIR/ASBIR-ROS2/install/asbir_serial/lib/python3.8/site-packages/asbir_serial-0.0.0-py3.8.egg-info
[2.073s] running install_scripts
[2.097s] Installing serialComm script to /home/aralab/ASBIR/ASBIR-ROS2/install/asbir_serial/lib/asbir_serial
[2.097s] writing list of installed files to '/home/aralab/ASBIR/ASBIR-ROS2/build/asbir_serial/install.log'
[2.146s] Invoked command in '/home/aralab/ASBIR/ASBIR-ROS2/src/asbir_serial' returned '0': PYTHONPATH=/home/aralab/ASBIR/ASBIR-ROS2/build/asbir_serial/prefix_override:/home/aralab/ASBIR/ASBIR-ROS2/install/asbir_serial/lib/python3.8/site-packages:${PYTHONPATH} /usr/bin/python3 setup.py egg_info --egg-base ../../build/asbir_serial build --build-base /home/aralab/ASBIR/ASBIR-ROS2/build/asbir_serial/build install --record /home/aralab/ASBIR/ASBIR-ROS2/build/asbir_serial/install.log --install-scripts $base/lib/asbir_serial --single-version-externally-managed
