[2.009s] Invoking command in '/home/aralab/ASBIR/ASBIR-ROS2/src/asbir_image': PYTHONPATH=/home/aralab/ASBIR/ASBIR-ROS2/build/asbir_image/prefix_override:/home/aralab/ASBIR/ASBIR-ROS2/install/asbir_image/lib/python3.8/site-packages:${PYTHONPATH} /usr/bin/python3 setup.py egg_info --egg-base ../../build/asbir_image build --build-base /home/aralab/ASBIR/ASBIR-ROS2/build/asbir_image/build install --record /home/aralab/ASBIR/ASBIR-ROS2/build/asbir_image/install.log --install-scripts $base/lib/asbir_image --single-version-externally-managed
[2.281s] running egg_info
[2.281s] writing ../../build/asbir_image/asbir_image.egg-info/PKG-INFO
[2.282s] writing dependency_links to ../../build/asbir_image/asbir_image.egg-info/dependency_links.txt
[2.282s] writing entry points to ../../build/asbir_image/asbir_image.egg-info/entry_points.txt
[2.282s] writing requirements to ../../build/asbir_image/asbir_image.egg-info/requires.txt
[2.282s] writing top-level names to ../../build/asbir_image/asbir_image.egg-info/top_level.txt
[2.333s] reading manifest file '../../build/asbir_image/asbir_image.egg-info/SOURCES.txt'
[2.333s] writing manifest file '../../build/asbir_image/asbir_image.egg-info/SOURCES.txt'
[2.334s] running build
[2.334s] running build_py
[2.335s] copying asbir_image/asbirCam_pub.py -> /home/aralab/ASBIR/ASBIR-ROS2/build/asbir_image/build/lib/asbir_image
[2.335s] running install
[2.335s] running install_lib
[2.336s] copying /home/aralab/ASBIR/ASBIR-ROS2/build/asbir_image/build/lib/asbir_image/asbirCam_pub.py -> /home/aralab/ASBIR/ASBIR-ROS2/install/asbir_image/lib/python3.8/site-packages/asbir_image
[2.337s] byte-compiling /home/aralab/ASBIR/ASBIR-ROS2/install/asbir_image/lib/python3.8/site-packages/asbir_image/asbirCam_pub.py to asbirCam_pub.cpython-38.pyc
[2.340s] running install_data
[2.340s] running install_egg_info
[2.342s] removing '/home/aralab/ASBIR/ASBIR-ROS2/install/asbir_image/lib/python3.8/site-packages/asbir_image-0.0.0-py3.8.egg-info' (and everything under it)
[2.343s] Copying ../../build/asbir_image/asbir_image.egg-info to /home/aralab/ASBIR/ASBIR-ROS2/install/asbir_image/lib/python3.8/site-packages/asbir_image-0.0.0-py3.8.egg-info
[2.344s] running install_scripts
[2.367s] Installing CamPub script to /home/aralab/ASBIR/ASBIR-ROS2/install/asbir_image/lib/asbir_image
[2.368s] writing list of installed files to '/home/aralab/ASBIR/ASBIR-ROS2/build/asbir_image/install.log'
[2.399s] Invoked command in '/home/aralab/ASBIR/ASBIR-ROS2/src/asbir_image' returned '0': PYTHONPATH=/home/aralab/ASBIR/ASBIR-ROS2/build/asbir_image/prefix_override:/home/aralab/ASBIR/ASBIR-ROS2/install/asbir_image/lib/python3.8/site-packages:${PYTHONPATH} /usr/bin/python3 setup.py egg_info --egg-base ../../build/asbir_image build --build-base /home/aralab/ASBIR/ASBIR-ROS2/build/asbir_image/build install --record /home/aralab/ASBIR/ASBIR-ROS2/build/asbir_image/install.log --install-scripts $base/lib/asbir_image --single-version-externally-managed
