[1.961s] Invoking command in '/home/aralab/ASBIR/ASBIR-ROS2/src/asbir_navigation': PYTHONPATH=/home/aralab/ASBIR/ASBIR-ROS2/build/asbir_navigation/prefix_override:/home/aralab/ASBIR/ASBIR-ROS2/install/asbir_navigation/lib/python3.8/site-packages:${PYTHONPATH} /usr/bin/python3 setup.py egg_info --egg-base ../../build/asbir_navigation build --build-base /home/aralab/ASBIR/ASBIR-ROS2/build/asbir_navigation/build install --record /home/aralab/ASBIR/ASBIR-ROS2/build/asbir_navigation/install.log --install-scripts $base/lib/asbir_navigation --single-version-externally-managed
[2.187s] running egg_info
[2.187s] writing ../../build/asbir_navigation/asbir_navigation.egg-info/PKG-INFO
[2.188s] writing dependency_links to ../../build/asbir_navigation/asbir_navigation.egg-info/dependency_links.txt
[2.188s] writing entry points to ../../build/asbir_navigation/asbir_navigation.egg-info/entry_points.txt
[2.188s] writing requirements to ../../build/asbir_navigation/asbir_navigation.egg-info/requires.txt
[2.188s] writing top-level names to ../../build/asbir_navigation/asbir_navigation.egg-info/top_level.txt
[2.223s] reading manifest file '../../build/asbir_navigation/asbir_navigation.egg-info/SOURCES.txt'
[2.224s] writing manifest file '../../build/asbir_navigation/asbir_navigation.egg-info/SOURCES.txt'
[2.224s] running build
[2.225s] running build_py
[2.225s] copying asbir_navigation/buildBestPath.py -> /home/aralab/ASBIR/ASBIR-ROS2/build/asbir_navigation/build/lib/asbir_navigation
[2.226s] running install
[2.227s] running install_lib
[2.228s] copying /home/aralab/ASBIR/ASBIR-ROS2/build/asbir_navigation/build/lib/asbir_navigation/buildBestPath.py -> /home/aralab/ASBIR/ASBIR-ROS2/install/asbir_navigation/lib/python3.8/site-packages/asbir_navigation
[2.229s] byte-compiling /home/aralab/ASBIR/ASBIR-ROS2/install/asbir_navigation/lib/python3.8/site-packages/asbir_navigation/buildBestPath.py to buildBestPath.cpython-38.pyc
[2.233s] running install_data
[2.234s] running install_egg_info
[2.235s] removing '/home/aralab/ASBIR/ASBIR-ROS2/install/asbir_navigation/lib/python3.8/site-packages/asbir_navigation-0.0.0-py3.8.egg-info' (and everything under it)
[2.235s] Copying ../../build/asbir_navigation/asbir_navigation.egg-info to /home/aralab/ASBIR/ASBIR-ROS2/install/asbir_navigation/lib/python3.8/site-packages/asbir_navigation-0.0.0-py3.8.egg-info
[2.236s] running install_scripts
[2.255s] Installing AlignAprilTag script to /home/aralab/ASBIR/ASBIR-ROS2/install/asbir_navigation/lib/asbir_navigation
[2.255s] Installing AlignStructure script to /home/aralab/ASBIR/ASBIR-ROS2/install/asbir_navigation/lib/asbir_navigation
[2.255s] Installing BuildBestPath script to /home/aralab/ASBIR/ASBIR-ROS2/install/asbir_navigation/lib/asbir_navigation
[2.255s] Installing FrameTest script to /home/aralab/ASBIR/ASBIR-ROS2/install/asbir_navigation/lib/asbir_navigation
[2.255s] Installing GraphTest script to /home/aralab/ASBIR/ASBIR-ROS2/install/asbir_navigation/lib/asbir_navigation
[2.255s] Installing ModelTest script to /home/aralab/ASBIR/ASBIR-ROS2/install/asbir_navigation/lib/asbir_navigation
[2.256s] Installing PathController script to /home/aralab/ASBIR/ASBIR-ROS2/install/asbir_navigation/lib/asbir_navigation
[2.256s] Installing PointPub script to /home/aralab/ASBIR/ASBIR-ROS2/install/asbir_navigation/lib/asbir_navigation
[2.256s] Installing PotentialField script to /home/aralab/ASBIR/ASBIR-ROS2/install/asbir_navigation/lib/asbir_navigation
[2.256s] Installing ProcessMesh script to /home/aralab/ASBIR/ASBIR-ROS2/install/asbir_navigation/lib/asbir_navigation
[2.257s] Installing SetZero script to /home/aralab/ASBIR/ASBIR-ROS2/install/asbir_navigation/lib/asbir_navigation
[2.258s] writing list of installed files to '/home/aralab/ASBIR/ASBIR-ROS2/build/asbir_navigation/install.log'
[2.303s] Invoked command in '/home/aralab/ASBIR/ASBIR-ROS2/src/asbir_navigation' returned '0': PYTHONPATH=/home/aralab/ASBIR/ASBIR-ROS2/build/asbir_navigation/prefix_override:/home/aralab/ASBIR/ASBIR-ROS2/install/asbir_navigation/lib/python3.8/site-packages:${PYTHONPATH} /usr/bin/python3 setup.py egg_info --egg-base ../../build/asbir_navigation build --build-base /home/aralab/ASBIR/ASBIR-ROS2/build/asbir_navigation/build install --record /home/aralab/ASBIR/ASBIR-ROS2/build/asbir_navigation/install.log --install-scripts $base/lib/asbir_navigation --single-version-externally-managed
