[0.258s] DEBUG:colcon:Command line arguments: ['/usr/bin/colcon', 'build']
[0.258s] DEBUG:colcon:Parsed command line arguments: Namespace(allow_overriding=[], ament_cmake_args=None, base_paths=['.'], build_base='build', catkin_cmake_args=None, catkin_skip_building_tests=False, cmake_args=None, cmake_clean_cache=False, cmake_clean_first=False, cmake_force_configure=False, cmake_target=None, cmake_target_skip_unavailable=False, continue_on_error=False, event_handlers=None, executor='parallel', ignore_user_meta=False, install_base='install', log_base=None, log_level=None, main=<bound method BuildVerb.main of <colcon_core.verb.build.BuildVerb object at 0x7f3f64db14f0>>, merge_install=False, metas=['./colcon.meta'], packages_above=None, packages_above_and_dependencies=None, packages_above_depth=None, packages_end=None, packages_ignore=None, packages_ignore_regex=None, packages_select=None, packages_select_build_failed=False, packages_select_by_dep=None, packages_select_regex=None, packages_select_test_failures=False, packages_skip=None, packages_skip_build_finished=False, packages_skip_by_dep=None, packages_skip_regex=None, packages_skip_test_passed=False, packages_skip_up_to=None, packages_start=None, packages_up_to=None, packages_up_to_regex=None, parallel_workers=12, paths=None, symlink_install=False, test_result_base=None, verb_extension=<colcon_core.verb.build.BuildVerb object at 0x7f3f64db14f0>, verb_name='build', verb_parser=<colcon_defaults.argument_parser.defaults.DefaultArgumentsDecorator object at 0x7f3f64db1a30>)
[0.280s] Level 1:colcon.colcon_core.package_discovery:discover_packages(colcon_meta) check parameters
[0.280s] Level 1:colcon.colcon_core.package_discovery:discover_packages(recursive) check parameters
[0.280s] Level 1:colcon.colcon_core.package_discovery:discover_packages(ignore) check parameters
[0.280s] Level 1:colcon.colcon_core.package_discovery:discover_packages(path) check parameters
[0.280s] Level 1:colcon.colcon_core.package_discovery:discover_packages(colcon_meta) discover
[0.280s] Level 1:colcon.colcon_core.package_discovery:discover_packages(recursive) discover
[0.280s] INFO:colcon.colcon_core.package_discovery:Crawling recursively for packages in '/home/aralab/ASBIR/ASBIR-ROS2/src/asbir_image'
[0.280s] Level 1:colcon.colcon_core.package_identification:_identify(.) by extensions ['ignore', 'ignore_ament_install']
[0.281s] Level 1:colcon.colcon_core.package_identification:_identify(.) by extension 'ignore'
[0.281s] Level 1:colcon.colcon_core.package_identification:_identify(.) by extension 'ignore_ament_install'
[0.281s] Level 1:colcon.colcon_core.package_identification:_identify(.) by extensions ['colcon_pkg']
[0.281s] Level 1:colcon.colcon_core.package_identification:_identify(.) by extension 'colcon_pkg'
[0.281s] Level 1:colcon.colcon_core.package_identification:_identify(.) by extensions ['colcon_meta']
[0.281s] Level 1:colcon.colcon_core.package_identification:_identify(.) by extension 'colcon_meta'
[0.281s] Level 1:colcon.colcon_core.package_identification:_identify(.) by extensions ['ros']
[0.281s] Level 1:colcon.colcon_core.package_identification:_identify(.) by extension 'ros'
[0.297s] DEBUG:colcon.colcon_core.package_identification:Package '.' with type 'ros.ament_python' and name 'asbir_image'
[0.297s] Level 1:colcon.colcon_core.package_discovery:discover_packages(recursive) using defaults
[0.297s] Level 1:colcon.colcon_core.package_discovery:discover_packages(ignore) discover
[0.297s] Level 1:colcon.colcon_core.package_discovery:discover_packages(ignore) using defaults
[0.297s] Level 1:colcon.colcon_core.package_discovery:discover_packages(path) discover
[0.297s] Level 1:colcon.colcon_core.package_discovery:discover_packages(path) using defaults
[0.315s] Level 1:colcon.colcon_core.package_discovery:discover_packages(prefix_path) check parameters
[0.315s] Level 1:colcon.colcon_core.package_discovery:discover_packages(prefix_path) discover
[0.317s] DEBUG:colcon.colcon_installed_package_information.package_discovery:Found 4 installed packages in /home/aralab/ros_foxy_pkgs/install
[0.320s] DEBUG:colcon.colcon_installed_package_information.package_discovery:Found 7 installed packages in /home/aralab/ASBIR/ASBIR-ROS2/install
[0.321s] DEBUG:colcon.colcon_installed_package_information.package_discovery:Found 265 installed packages in /opt/ros/foxy
[0.322s] Level 1:colcon.colcon_core.package_discovery:discover_packages(prefix_path) using defaults
[0.377s] Level 5:colcon.colcon_core.verb:set package 'asbir_image' build argument 'cmake_args' from command line to 'None'
[0.377s] Level 5:colcon.colcon_core.verb:set package 'asbir_image' build argument 'cmake_target' from command line to 'None'
[0.377s] Level 5:colcon.colcon_core.verb:set package 'asbir_image' build argument 'cmake_target_skip_unavailable' from command line to 'False'
[0.377s] Level 5:colcon.colcon_core.verb:set package 'asbir_image' build argument 'cmake_clean_cache' from command line to 'False'
[0.377s] Level 5:colcon.colcon_core.verb:set package 'asbir_image' build argument 'cmake_clean_first' from command line to 'False'
[0.377s] Level 5:colcon.colcon_core.verb:set package 'asbir_image' build argument 'cmake_force_configure' from command line to 'False'
[0.377s] Level 5:colcon.colcon_core.verb:set package 'asbir_image' build argument 'ament_cmake_args' from command line to 'None'
[0.377s] Level 5:colcon.colcon_core.verb:set package 'asbir_image' build argument 'catkin_cmake_args' from command line to 'None'
[0.377s] Level 5:colcon.colcon_core.verb:set package 'asbir_image' build argument 'catkin_skip_building_tests' from command line to 'False'
[0.377s] DEBUG:colcon.colcon_core.verb:Building package 'asbir_image' with the following arguments: {'ament_cmake_args': None, 'build_base': '/home/aralab/ASBIR/ASBIR-ROS2/src/asbir_image/build/asbir_image', 'catkin_cmake_args': None, 'catkin_skip_building_tests': False, 'cmake_args': None, 'cmake_clean_cache': False, 'cmake_clean_first': False, 'cmake_force_configure': False, 'cmake_target': None, 'cmake_target_skip_unavailable': False, 'install_base': '/home/aralab/ASBIR/ASBIR-ROS2/src/asbir_image/install/asbir_image', 'merge_install': False, 'path': '/home/aralab/ASBIR/ASBIR-ROS2/src/asbir_image', 'symlink_install': False, 'test_result_base': None}
[0.378s] INFO:colcon.colcon_core.executor:Executing jobs using 'parallel' executor
[0.381s] DEBUG:colcon.colcon_parallel_executor.executor.parallel:run_until_complete
[0.381s] INFO:colcon.colcon_ros.task.ament_python.build:Building ROS package in '/home/aralab/ASBIR/ASBIR-ROS2/src/asbir_image' with build type 'ament_python'
[0.381s] Level 1:colcon.colcon_core.shell:create_environment_hook('asbir_image', 'ament_prefix_path')
[0.385s] INFO:colcon.colcon_core.plugin_system:Skipping extension 'colcon_core.shell.bat': Not used on non-Windows systems
[0.385s] INFO:colcon.colcon_core.shell:Creating environment hook '/home/aralab/ASBIR/ASBIR-ROS2/src/asbir_image/install/asbir_image/share/asbir_image/hook/ament_prefix_path.ps1'
[0.385s] INFO:colcon.colcon_core.shell:Creating environment descriptor '/home/aralab/ASBIR/ASBIR-ROS2/src/asbir_image/install/asbir_image/share/asbir_image/hook/ament_prefix_path.dsv'
[0.386s] INFO:colcon.colcon_core.shell:Creating environment hook '/home/aralab/ASBIR/ASBIR-ROS2/src/asbir_image/install/asbir_image/share/asbir_image/hook/ament_prefix_path.sh'
[0.387s] INFO:colcon.colcon_core.shell:Skip shell extension 'powershell' for command environment: Not usable outside of PowerShell
[0.387s] DEBUG:colcon.colcon_core.shell:Skip shell extension 'dsv' for command environment
[0.592s] INFO:colcon.colcon_core.task.python.build:Building Python package in '/home/aralab/ASBIR/ASBIR-ROS2/src/asbir_image'
[0.594s] INFO:colcon.colcon_core.shell:Skip shell extension 'powershell' for command environment: Not usable outside of PowerShell
[0.594s] DEBUG:colcon.colcon_core.shell:Skip shell extension 'dsv' for command environment
[0.913s] DEBUG:colcon.colcon_core.event_handler.log_command:Invoking command in '/home/aralab/ASBIR/ASBIR-ROS2/src/asbir_image': PYTHONPATH=/home/aralab/ASBIR/ASBIR-ROS2/src/asbir_image/build/asbir_image/prefix_override:/home/aralab/ASBIR/ASBIR-ROS2/src/asbir_image/install/asbir_image/lib/python3.8/site-packages:${PYTHONPATH} /usr/bin/python3 setup.py egg_info --egg-base build/asbir_image build --build-base /home/aralab/ASBIR/ASBIR-ROS2/src/asbir_image/build/asbir_image/build install --record /home/aralab/ASBIR/ASBIR-ROS2/src/asbir_image/build/asbir_image/install.log --install-scripts $base/lib/asbir_image --single-version-externally-managed
[1.166s] DEBUG:colcon.colcon_core.event_handler.log_command:Invoked command in '/home/aralab/ASBIR/ASBIR-ROS2/src/asbir_image' returned '0': PYTHONPATH=/home/aralab/ASBIR/ASBIR-ROS2/src/asbir_image/build/asbir_image/prefix_override:/home/aralab/ASBIR/ASBIR-ROS2/src/asbir_image/install/asbir_image/lib/python3.8/site-packages:${PYTHONPATH} /usr/bin/python3 setup.py egg_info --egg-base build/asbir_image build --build-base /home/aralab/ASBIR/ASBIR-ROS2/src/asbir_image/build/asbir_image/build install --record /home/aralab/ASBIR/ASBIR-ROS2/src/asbir_image/build/asbir_image/install.log --install-scripts $base/lib/asbir_image --single-version-externally-managed
[1.169s] Level 1:colcon.colcon_core.environment:checking '/home/aralab/ASBIR/ASBIR-ROS2/src/asbir_image/install/asbir_image' for CMake module files
[1.169s] Level 1:colcon.colcon_core.environment:checking '/home/aralab/ASBIR/ASBIR-ROS2/src/asbir_image/install/asbir_image' for CMake config files
[1.170s] Level 1:colcon.colcon_core.environment:checking '/home/aralab/ASBIR/ASBIR-ROS2/src/asbir_image/install/asbir_image/lib'
[1.170s] Level 1:colcon.colcon_core.environment:checking '/home/aralab/ASBIR/ASBIR-ROS2/src/asbir_image/install/asbir_image/bin'
[1.170s] Level 1:colcon.colcon_core.environment:checking '/home/aralab/ASBIR/ASBIR-ROS2/src/asbir_image/install/asbir_image/lib/pkgconfig/asbir_image.pc'
[1.170s] Level 1:colcon.colcon_core.environment:checking '/home/aralab/ASBIR/ASBIR-ROS2/src/asbir_image/install/asbir_image/lib/python3.8/site-packages'
[1.170s] Level 1:colcon.colcon_core.shell:create_environment_hook('asbir_image', 'pythonpath')
[1.171s] INFO:colcon.colcon_core.shell:Creating environment hook '/home/aralab/ASBIR/ASBIR-ROS2/src/asbir_image/install/asbir_image/share/asbir_image/hook/pythonpath.ps1'
[1.172s] INFO:colcon.colcon_core.shell:Creating environment descriptor '/home/aralab/ASBIR/ASBIR-ROS2/src/asbir_image/install/asbir_image/share/asbir_image/hook/pythonpath.dsv'
[1.172s] INFO:colcon.colcon_core.shell:Creating environment hook '/home/aralab/ASBIR/ASBIR-ROS2/src/asbir_image/install/asbir_image/share/asbir_image/hook/pythonpath.sh'
[1.172s] Level 1:colcon.colcon_core.environment:checking '/home/aralab/ASBIR/ASBIR-ROS2/src/asbir_image/install/asbir_image/bin'
[1.172s] Level 1:colcon.colcon_core.environment:create_environment_scripts_only(asbir_image)
[1.174s] INFO:colcon.colcon_core.shell:Creating package script '/home/aralab/ASBIR/ASBIR-ROS2/src/asbir_image/install/asbir_image/share/asbir_image/package.ps1'
[1.174s] INFO:colcon.colcon_core.shell:Creating package descriptor '/home/aralab/ASBIR/ASBIR-ROS2/src/asbir_image/install/asbir_image/share/asbir_image/package.dsv'
[1.174s] INFO:colcon.colcon_core.shell:Creating package script '/home/aralab/ASBIR/ASBIR-ROS2/src/asbir_image/install/asbir_image/share/asbir_image/package.sh'
[1.175s] INFO:colcon.colcon_core.shell:Creating package script '/home/aralab/ASBIR/ASBIR-ROS2/src/asbir_image/install/asbir_image/share/asbir_image/package.bash'
[1.176s] INFO:colcon.colcon_core.shell:Creating package script '/home/aralab/ASBIR/ASBIR-ROS2/src/asbir_image/install/asbir_image/share/asbir_image/package.zsh'
[1.176s] Level 1:colcon.colcon_core.environment:create_file_with_runtime_dependencies(/home/aralab/ASBIR/ASBIR-ROS2/src/asbir_image/install/asbir_image/share/colcon-core/packages/asbir_image)
[1.176s] DEBUG:colcon.colcon_parallel_executor.executor.parallel:closing loop
[1.177s] DEBUG:colcon.colcon_parallel_executor.executor.parallel:loop closed
[1.177s] DEBUG:colcon.colcon_parallel_executor.executor.parallel:run_until_complete finished with '0'
[1.177s] DEBUG:colcon.colcon_core.event_reactor:joining thread
[1.181s] INFO:colcon.colcon_core.plugin_system:Skipping extension 'colcon_notification.desktop_notification.terminal_notifier': Not used on non-Darwin systems
[1.181s] INFO:colcon.colcon_core.plugin_system:Skipping extension 'colcon_notification.desktop_notification.win32': Not used on non-Windows systems
[1.181s] INFO:colcon.colcon_notification.desktop_notification:Sending desktop notification using 'notify2'
[1.193s] DEBUG:colcon.colcon_core.event_reactor:joined thread
[1.195s] INFO:colcon.colcon_core.shell:Creating prefix script '/home/aralab/ASBIR/ASBIR-ROS2/src/asbir_image/install/local_setup.ps1'
[1.196s] INFO:colcon.colcon_core.shell:Creating prefix util module '/home/aralab/ASBIR/ASBIR-ROS2/src/asbir_image/install/_local_setup_util_ps1.py'
[1.197s] INFO:colcon.colcon_core.shell:Creating prefix chain script '/home/aralab/ASBIR/ASBIR-ROS2/src/asbir_image/install/setup.ps1'
[1.199s] INFO:colcon.colcon_core.shell:Creating prefix script '/home/aralab/ASBIR/ASBIR-ROS2/src/asbir_image/install/local_setup.sh'
[1.200s] INFO:colcon.colcon_core.shell:Creating prefix util module '/home/aralab/ASBIR/ASBIR-ROS2/src/asbir_image/install/_local_setup_util_sh.py'
[1.200s] INFO:colcon.colcon_core.shell:Creating prefix chain script '/home/aralab/ASBIR/ASBIR-ROS2/src/asbir_image/install/setup.sh'
[1.201s] INFO:colcon.colcon_core.shell:Creating prefix script '/home/aralab/ASBIR/ASBIR-ROS2/src/asbir_image/install/local_setup.bash'
[1.202s] INFO:colcon.colcon_core.shell:Creating prefix chain script '/home/aralab/ASBIR/ASBIR-ROS2/src/asbir_image/install/setup.bash'
[1.203s] INFO:colcon.colcon_core.shell:Creating prefix script '/home/aralab/ASBIR/ASBIR-ROS2/src/asbir_image/install/local_setup.zsh'
[1.203s] INFO:colcon.colcon_core.shell:Creating prefix chain script '/home/aralab/ASBIR/ASBIR-ROS2/src/asbir_image/install/setup.zsh'
