[1.988s] Invoking command in '/home/aralab/ASBIR/ASBIR-ROS2/src/asbir_serial': PYTHONPATH=/home/aralab/ASBIR/ASBIR-ROS2/build/asbir_serial/prefix_override:/home/aralab/ASBIR/ASBIR-ROS2/install/asbir_serial/lib/python3.8/site-packages:${PYTHONPATH} /usr/bin/python3 setup.py egg_info --egg-base ../../build/asbir_serial build --build-base /home/aralab/ASBIR/ASBIR-ROS2/build/asbir_serial/build install --record /home/aralab/ASBIR/ASBIR-ROS2/build/asbir_serial/install.log --install-scripts $base/lib/asbir_serial --single-version-externally-managed
[2.268s] running egg_info
[2.269s] writing ../../build/asbir_serial/asbir_serial.egg-info/PKG-INFO
[2.269s] writing dependency_links to ../../build/asbir_serial/asbir_serial.egg-info/dependency_links.txt
[2.269s] writing entry points to ../../build/asbir_serial/asbir_serial.egg-info/entry_points.txt
[2.270s] writing requirements to ../../build/asbir_serial/asbir_serial.egg-info/requires.txt
[2.270s] writing top-level names to ../../build/asbir_serial/asbir_serial.egg-info/top_level.txt
[2.325s] reading manifest file '../../build/asbir_serial/asbir_serial.egg-info/SOURCES.txt'
[2.326s] writing manifest file '../../build/asbir_serial/asbir_serial.egg-info/SOURCES.txt'
[2.326s] running build
[2.326s] running build_py
[2.327s] running install
[2.328s] running install_lib
[2.330s] running install_data
[2.331s] running install_egg_info
[2.333s] removing '/home/aralab/ASBIR/ASBIR-ROS2/install/asbir_serial/lib/python3.8/site-packages/asbir_serial-0.0.0-py3.8.egg-info' (and everything under it)
[2.334s] Copying ../../build/asbir_serial/asbir_serial.egg-info to /home/aralab/ASBIR/ASBIR-ROS2/install/asbir_serial/lib/python3.8/site-packages/asbir_serial-0.0.0-py3.8.egg-info
[2.335s] running install_scripts
[2.359s] Installing serialComm script to /home/aralab/ASBIR/ASBIR-ROS2/install/asbir_serial/lib/asbir_serial
[2.359s] writing list of installed files to '/home/aralab/ASBIR/ASBIR-ROS2/build/asbir_serial/install.log'
[2.390s] Invoked command in '/home/aralab/ASBIR/ASBIR-ROS2/src/asbir_serial' returned '0': PYTHONPATH=/home/aralab/ASBIR/ASBIR-ROS2/build/asbir_serial/prefix_override:/home/aralab/ASBIR/ASBIR-ROS2/install/asbir_serial/lib/python3.8/site-packages:${PYTHONPATH} /usr/bin/python3 setup.py egg_info --egg-base ../../build/asbir_serial build --build-base /home/aralab/ASBIR/ASBIR-ROS2/build/asbir_serial/build install --record /home/aralab/ASBIR/ASBIR-ROS2/build/asbir_serial/install.log --install-scripts $base/lib/asbir_serial --single-version-externally-managed
