[1.888s] Invoking command in '/home/aralab/ASBIR/ASBIR-ROS2/src/asbir_navigation': PYTHONPATH=/home/aralab/ASBIR/ASBIR-ROS2/build/asbir_navigation/prefix_override:/home/aralab/ASBIR/ASBIR-ROS2/install/asbir_navigation/lib/python3.8/site-packages:${PYTHONPATH} /usr/bin/python3 setup.py egg_info --egg-base ../../build/asbir_navigation build --build-base /home/aralab/ASBIR/ASBIR-ROS2/build/asbir_navigation/build install --record /home/aralab/ASBIR/ASBIR-ROS2/build/asbir_navigation/install.log --install-scripts $base/lib/asbir_navigation --single-version-externally-managed
[2.114s] running egg_info
[2.114s] writing ../../build/asbir_navigation/asbir_navigation.egg-info/PKG-INFO
[2.114s] writing dependency_links to ../../build/asbir_navigation/asbir_navigation.egg-info/dependency_links.txt
[2.115s] writing entry points to ../../build/asbir_navigation/asbir_navigation.egg-info/entry_points.txt
[2.115s] writing requirements to ../../build/asbir_navigation/asbir_navigation.egg-info/requires.txt
[2.115s] writing top-level names to ../../build/asbir_navigation/asbir_navigation.egg-info/top_level.txt
[2.151s] reading manifest file '../../build/asbir_navigation/asbir_navigation.egg-info/SOURCES.txt'
[2.152s] writing manifest file '../../build/asbir_navigation/asbir_navigation.egg-info/SOURCES.txt'
[2.152s] running build
[2.152s] running build_py
[2.152s] copying asbir_navigation/alignStructure.py -> /home/aralab/ASBIR/ASBIR-ROS2/build/asbir_navigation/build/lib/asbir_navigation
[2.153s] running install
[2.154s] running install_lib
[2.155s] copying /home/aralab/ASBIR/ASBIR-ROS2/build/asbir_navigation/build/lib/asbir_navigation/alignStructure.py -> /home/aralab/ASBIR/ASBIR-ROS2/install/asbir_navigation/lib/python3.8/site-packages/asbir_navigation
[2.155s] byte-compiling /home/aralab/ASBIR/ASBIR-ROS2/install/asbir_navigation/lib/python3.8/site-packages/asbir_navigation/alignStructure.py to alignStructure.cpython-38.pyc
[2.158s] running install_data
[2.158s] running install_egg_info
[2.160s] removing '/home/aralab/ASBIR/ASBIR-ROS2/install/asbir_navigation/lib/python3.8/site-packages/asbir_navigation-0.0.0-py3.8.egg-info' (and everything under it)
[2.161s] Copying ../../build/asbir_navigation/asbir_navigation.egg-info to /home/aralab/ASBIR/ASBIR-ROS2/install/asbir_navigation/lib/python3.8/site-packages/asbir_navigation-0.0.0-py3.8.egg-info
[2.162s] running install_scripts
[2.177s] Installing AlignAprilTag script to /home/aralab/ASBIR/ASBIR-ROS2/install/asbir_navigation/lib/asbir_navigation
[2.178s] Installing AlignStructure script to /home/aralab/ASBIR/ASBIR-ROS2/install/asbir_navigation/lib/asbir_navigation
[2.178s] Installing BuildBestPath script to /home/aralab/ASBIR/ASBIR-ROS2/install/asbir_navigation/lib/asbir_navigation
[2.178s] Installing FrameTest script to /home/aralab/ASBIR/ASBIR-ROS2/install/asbir_navigation/lib/asbir_navigation
[2.178s] Installing GraphTest script to /home/aralab/ASBIR/ASBIR-ROS2/install/asbir_navigation/lib/asbir_navigation
[2.178s] Installing ModelTest script to /home/aralab/ASBIR/ASBIR-ROS2/install/asbir_navigation/lib/asbir_navigation
[2.178s] Installing PathController script to /home/aralab/ASBIR/ASBIR-ROS2/install/asbir_navigation/lib/asbir_navigation
[2.179s] Installing PointPub script to /home/aralab/ASBIR/ASBIR-ROS2/install/asbir_navigation/lib/asbir_navigation
[2.179s] Installing PotentialField script to /home/aralab/ASBIR/ASBIR-ROS2/install/asbir_navigation/lib/asbir_navigation
[2.179s] Installing ProcessMesh script to /home/aralab/ASBIR/ASBIR-ROS2/install/asbir_navigation/lib/asbir_navigation
[2.179s] Installing SetZero script to /home/aralab/ASBIR/ASBIR-ROS2/install/asbir_navigation/lib/asbir_navigation
[2.179s] writing list of installed files to '/home/aralab/ASBIR/ASBIR-ROS2/build/asbir_navigation/install.log'
[2.204s] Invoked command in '/home/aralab/ASBIR/ASBIR-ROS2/src/asbir_navigation' returned '0': PYTHONPATH=/home/aralab/ASBIR/ASBIR-ROS2/build/asbir_navigation/prefix_override:/home/aralab/ASBIR/ASBIR-ROS2/install/asbir_navigation/lib/python3.8/site-packages:${PYTHONPATH} /usr/bin/python3 setup.py egg_info --egg-base ../../build/asbir_navigation build --build-base /home/aralab/ASBIR/ASBIR-ROS2/build/asbir_navigation/build install --record /home/aralab/ASBIR/ASBIR-ROS2/build/asbir_navigation/install.log --install-scripts $base/lib/asbir_navigation --single-version-externally-managed
