[1.975s] Invoking command in '/home/aralab/ASBIR/ASBIR-ROS2/src/asbir_rc': PYTHONPATH=/home/aralab/ASBIR/ASBIR-ROS2/build/asbir_rc/prefix_override:/home/aralab/ASBIR/ASBIR-ROS2/install/asbir_rc/lib/python3.8/site-packages:${PYTHONPATH} /usr/bin/python3 setup.py egg_info --egg-base ../../build/asbir_rc build --build-base /home/aralab/ASBIR/ASBIR-ROS2/build/asbir_rc/build install --record /home/aralab/ASBIR/ASBIR-ROS2/build/asbir_rc/install.log --install-scripts $base/lib/asbir_rc --single-version-externally-managed
[2.202s] running egg_info
[2.203s] writing ../../build/asbir_rc/asbir_rc.egg-info/PKG-INFO
[2.203s] writing dependency_links to ../../build/asbir_rc/asbir_rc.egg-info/dependency_links.txt
[2.203s] writing entry points to ../../build/asbir_rc/asbir_rc.egg-info/entry_points.txt
[2.203s] writing requirements to ../../build/asbir_rc/asbir_rc.egg-info/requires.txt
[2.204s] writing top-level names to ../../build/asbir_rc/asbir_rc.egg-info/top_level.txt
[2.248s] reading manifest file '../../build/asbir_rc/asbir_rc.egg-info/SOURCES.txt'
[2.249s] writing manifest file '../../build/asbir_rc/asbir_rc.egg-info/SOURCES.txt'
[2.249s] running build
[2.249s] running build_py
[2.249s] running install
[2.250s] running install_lib
[2.251s] running install_data
[2.254s] running install_egg_info
[2.254s] removing '/home/aralab/ASBIR/ASBIR-ROS2/install/asbir_rc/lib/python3.8/site-packages/asbir_rc-0.0.0-py3.8.egg-info' (and everything under it)
[2.255s] Copying ../../build/asbir_rc/asbir_rc.egg-info to /home/aralab/ASBIR/ASBIR-ROS2/install/asbir_rc/lib/python3.8/site-packages/asbir_rc-0.0.0-py3.8.egg-info
[2.255s] running install_scripts
[2.273s] Installing teleopGamepad script to /home/aralab/ASBIR/ASBIR-ROS2/install/asbir_rc/lib/asbir_rc
[2.276s] Installing teleopKeyboard script to /home/aralab/ASBIR/ASBIR-ROS2/install/asbir_rc/lib/asbir_rc
[2.276s] writing list of installed files to '/home/aralab/ASBIR/ASBIR-ROS2/build/asbir_rc/install.log'
[2.330s] Invoked command in '/home/aralab/ASBIR/ASBIR-ROS2/src/asbir_rc' returned '0': PYTHONPATH=/home/aralab/ASBIR/ASBIR-ROS2/build/asbir_rc/prefix_override:/home/aralab/ASBIR/ASBIR-ROS2/install/asbir_rc/lib/python3.8/site-packages:${PYTHONPATH} /usr/bin/python3 setup.py egg_info --egg-base ../../build/asbir_rc build --build-base /home/aralab/ASBIR/ASBIR-ROS2/build/asbir_rc/build install --record /home/aralab/ASBIR/ASBIR-ROS2/build/asbir_rc/install.log --install-scripts $base/lib/asbir_rc --single-version-externally-managed
