[0.247s] DEBUG:colcon:Command line arguments: ['/usr/bin/colcon', 'build']
[0.247s] DEBUG:colcon:Parsed command line arguments: Namespace(allow_overriding=[], ament_cmake_args=None, base_paths=['.'], build_base='build', catkin_cmake_args=None, catkin_skip_building_tests=False, cmake_args=None, cmake_clean_cache=False, cmake_clean_first=False, cmake_force_configure=False, cmake_target=None, cmake_target_skip_unavailable=False, continue_on_error=False, event_handlers=None, executor='parallel', ignore_user_meta=False, install_base='install', log_base=None, log_level=None, main=<bound method BuildVerb.main of <colcon_core.verb.build.BuildVerb object at 0x7ff6937bb3d0>>, merge_install=False, metas=['./colcon.meta'], packages_above=None, packages_above_and_dependencies=None, packages_above_depth=None, packages_end=None, packages_ignore=None, packages_ignore_regex=None, packages_select=None, packages_select_build_failed=False, packages_select_by_dep=None, packages_select_regex=None, packages_select_test_failures=False, packages_skip=None, packages_skip_build_finished=False, packages_skip_by_dep=None, packages_skip_regex=None, packages_skip_test_passed=False, packages_skip_up_to=None, packages_start=None, packages_up_to=None, packages_up_to_regex=None, parallel_workers=12, paths=None, symlink_install=False, test_result_base=None, verb_extension=<colcon_core.verb.build.BuildVerb object at 0x7ff6937bb3d0>, verb_name='build', verb_parser=<colcon_defaults.argument_parser.defaults.DefaultArgumentsDecorator object at 0x7ff6937bb910>)
[0.267s] Level 1:colcon.colcon_core.package_discovery:discover_packages(colcon_meta) check parameters
[0.268s] Level 1:colcon.colcon_core.package_discovery:discover_packages(recursive) check parameters
[0.268s] Level 1:colcon.colcon_core.package_discovery:discover_packages(ignore) check parameters
[0.268s] Level 1:colcon.colcon_core.package_discovery:discover_packages(path) check parameters
[0.268s] Level 1:colcon.colcon_core.package_discovery:discover_packages(colcon_meta) discover
[0.268s] Level 1:colcon.colcon_core.package_discovery:discover_packages(recursive) discover
[0.268s] INFO:colcon.colcon_core.package_discovery:Crawling recursively for packages in '/home/aralab/ASBIR/ASBIR-ROS2'
[0.268s] Level 1:colcon.colcon_core.package_identification:_identify(.) by extensions ['ignore', 'ignore_ament_install']
[0.268s] Level 1:colcon.colcon_core.package_identification:_identify(.) by extension 'ignore'
[0.268s] Level 1:colcon.colcon_core.package_identification:_identify(.) by extension 'ignore_ament_install'
[0.268s] Level 1:colcon.colcon_core.package_identification:_identify(.) by extensions ['colcon_pkg']
[0.268s] Level 1:colcon.colcon_core.package_identification:_identify(.) by extension 'colcon_pkg'
[0.268s] Level 1:colcon.colcon_core.package_identification:_identify(.) by extensions ['colcon_meta']
[0.268s] Level 1:colcon.colcon_core.package_identification:_identify(.) by extension 'colcon_meta'
[0.268s] Level 1:colcon.colcon_core.package_identification:_identify(.) by extensions ['ros']
[0.268s] Level 1:colcon.colcon_core.package_identification:_identify(.) by extension 'ros'
[0.282s] Level 1:colcon.colcon_core.package_identification:_identify(.) by extensions ['cmake', 'python']
[0.282s] Level 1:colcon.colcon_core.package_identification:_identify(.) by extension 'cmake'
[0.282s] Level 1:colcon.colcon_core.package_identification:_identify(.) by extension 'python'
[0.282s] Level 1:colcon.colcon_core.package_identification:_identify(.) by extensions ['python_setup_py']
[0.282s] Level 1:colcon.colcon_core.package_identification:_identify(.) by extension 'python_setup_py'
[0.282s] Level 1:colcon.colcon_core.package_identification:_identify(build) by extensions ['ignore', 'ignore_ament_install']
[0.283s] Level 1:colcon.colcon_core.package_identification:_identify(build) by extension 'ignore'
[0.283s] Level 1:colcon.colcon_core.package_identification:_identify(build) ignored
[0.283s] Level 1:colcon.colcon_core.package_identification:_identify(install) by extensions ['ignore', 'ignore_ament_install']
[0.283s] Level 1:colcon.colcon_core.package_identification:_identify(install) by extension 'ignore'
[0.283s] Level 1:colcon.colcon_core.package_identification:_identify(install) ignored
[0.283s] Level 1:colcon.colcon_core.package_identification:_identify(log) by extensions ['ignore', 'ignore_ament_install']
[0.283s] Level 1:colcon.colcon_core.package_identification:_identify(log) by extension 'ignore'
[0.283s] Level 1:colcon.colcon_core.package_identification:_identify(log) ignored
[0.283s] Level 1:colcon.colcon_core.package_identification:_identify(src) by extensions ['ignore', 'ignore_ament_install']
[0.283s] Level 1:colcon.colcon_core.package_identification:_identify(src) by extension 'ignore'
[0.283s] Level 1:colcon.colcon_core.package_identification:_identify(src) by extension 'ignore_ament_install'
[0.283s] Level 1:colcon.colcon_core.package_identification:_identify(src) by extensions ['colcon_pkg']
[0.283s] Level 1:colcon.colcon_core.package_identification:_identify(src) by extension 'colcon_pkg'
[0.283s] Level 1:colcon.colcon_core.package_identification:_identify(src) by extensions ['colcon_meta']
[0.283s] Level 1:colcon.colcon_core.package_identification:_identify(src) by extension 'colcon_meta'
[0.283s] Level 1:colcon.colcon_core.package_identification:_identify(src) by extensions ['ros']
[0.284s] Level 1:colcon.colcon_core.package_identification:_identify(src) by extension 'ros'
[0.284s] Level 1:colcon.colcon_core.package_identification:_identify(src) by extensions ['cmake', 'python']
[0.284s] Level 1:colcon.colcon_core.package_identification:_identify(src) by extension 'cmake'
[0.284s] Level 1:colcon.colcon_core.package_identification:_identify(src) by extension 'python'
[0.284s] Level 1:colcon.colcon_core.package_identification:_identify(src) by extensions ['python_setup_py']
[0.284s] Level 1:colcon.colcon_core.package_identification:_identify(src) by extension 'python_setup_py'
[0.284s] Level 1:colcon.colcon_core.package_identification:_identify(src/asbir_image) by extensions ['ignore', 'ignore_ament_install']
[0.284s] Level 1:colcon.colcon_core.package_identification:_identify(src/asbir_image) by extension 'ignore'
[0.284s] Level 1:colcon.colcon_core.package_identification:_identify(src/asbir_image) by extension 'ignore_ament_install'
[0.284s] Level 1:colcon.colcon_core.package_identification:_identify(src/asbir_image) by extensions ['colcon_pkg']
[0.284s] Level 1:colcon.colcon_core.package_identification:_identify(src/asbir_image) by extension 'colcon_pkg'
[0.284s] Level 1:colcon.colcon_core.package_identification:_identify(src/asbir_image) by extensions ['colcon_meta']
[0.284s] Level 1:colcon.colcon_core.package_identification:_identify(src/asbir_image) by extension 'colcon_meta'
[0.284s] Level 1:colcon.colcon_core.package_identification:_identify(src/asbir_image) by extensions ['ros']
[0.284s] Level 1:colcon.colcon_core.package_identification:_identify(src/asbir_image) by extension 'ros'
[0.286s] DEBUG:colcon.colcon_core.package_identification:Package 'src/asbir_image' with type 'ros.ament_python' and name 'asbir_image'
[0.286s] Level 1:colcon.colcon_core.package_identification:_identify(src/asbir_navigation) by extensions ['ignore', 'ignore_ament_install']
[0.286s] Level 1:colcon.colcon_core.package_identification:_identify(src/asbir_navigation) by extension 'ignore'
[0.286s] Level 1:colcon.colcon_core.package_identification:_identify(src/asbir_navigation) by extension 'ignore_ament_install'
[0.286s] Level 1:colcon.colcon_core.package_identification:_identify(src/asbir_navigation) by extensions ['colcon_pkg']
[0.286s] Level 1:colcon.colcon_core.package_identification:_identify(src/asbir_navigation) by extension 'colcon_pkg'
[0.286s] Level 1:colcon.colcon_core.package_identification:_identify(src/asbir_navigation) by extensions ['colcon_meta']
[0.286s] Level 1:colcon.colcon_core.package_identification:_identify(src/asbir_navigation) by extension 'colcon_meta'
[0.286s] Level 1:colcon.colcon_core.package_identification:_identify(src/asbir_navigation) by extensions ['ros']
[0.286s] Level 1:colcon.colcon_core.package_identification:_identify(src/asbir_navigation) by extension 'ros'
[0.287s] DEBUG:colcon.colcon_core.package_identification:Package 'src/asbir_navigation' with type 'ros.ament_python' and name 'asbir_navigation'
[0.287s] Level 1:colcon.colcon_core.package_identification:_identify(src/asbir_panda) by extensions ['ignore', 'ignore_ament_install']
[0.287s] Level 1:colcon.colcon_core.package_identification:_identify(src/asbir_panda) by extension 'ignore'
[0.287s] Level 1:colcon.colcon_core.package_identification:_identify(src/asbir_panda) by extension 'ignore_ament_install'
[0.287s] Level 1:colcon.colcon_core.package_identification:_identify(src/asbir_panda) by extensions ['colcon_pkg']
[0.287s] Level 1:colcon.colcon_core.package_identification:_identify(src/asbir_panda) by extension 'colcon_pkg'
[0.287s] Level 1:colcon.colcon_core.package_identification:_identify(src/asbir_panda) by extensions ['colcon_meta']
[0.287s] Level 1:colcon.colcon_core.package_identification:_identify(src/asbir_panda) by extension 'colcon_meta'
[0.287s] Level 1:colcon.colcon_core.package_identification:_identify(src/asbir_panda) by extensions ['ros']
[0.287s] Level 1:colcon.colcon_core.package_identification:_identify(src/asbir_panda) by extension 'ros'
[0.288s] DEBUG:colcon.colcon_core.package_identification:Package 'src/asbir_panda' with type 'ros.ament_python' and name 'asbir_panda'
[0.288s] Level 1:colcon.colcon_core.package_identification:_identify(src/asbir_rc) by extensions ['ignore', 'ignore_ament_install']
[0.288s] Level 1:colcon.colcon_core.package_identification:_identify(src/asbir_rc) by extension 'ignore'
[0.288s] Level 1:colcon.colcon_core.package_identification:_identify(src/asbir_rc) by extension 'ignore_ament_install'
[0.288s] Level 1:colcon.colcon_core.package_identification:_identify(src/asbir_rc) by extensions ['colcon_pkg']
[0.288s] Level 1:colcon.colcon_core.package_identification:_identify(src/asbir_rc) by extension 'colcon_pkg'
[0.288s] Level 1:colcon.colcon_core.package_identification:_identify(src/asbir_rc) by extensions ['colcon_meta']
[0.288s] Level 1:colcon.colcon_core.package_identification:_identify(src/asbir_rc) by extension 'colcon_meta'
[0.288s] Level 1:colcon.colcon_core.package_identification:_identify(src/asbir_rc) by extensions ['ros']
[0.288s] Level 1:colcon.colcon_core.package_identification:_identify(src/asbir_rc) by extension 'ros'
[0.288s] DEBUG:colcon.colcon_core.package_identification:Package 'src/asbir_rc' with type 'ros.ament_python' and name 'asbir_rc'
[0.288s] Level 1:colcon.colcon_core.package_identification:_identify(src/asbir_serial) by extensions ['ignore', 'ignore_ament_install']
[0.288s] Level 1:colcon.colcon_core.package_identification:_identify(src/asbir_serial) by extension 'ignore'
[0.289s] Level 1:colcon.colcon_core.package_identification:_identify(src/asbir_serial) by extension 'ignore_ament_install'
[0.289s] Level 1:colcon.colcon_core.package_identification:_identify(src/asbir_serial) by extensions ['colcon_pkg']
[0.289s] Level 1:colcon.colcon_core.package_identification:_identify(src/asbir_serial) by extension 'colcon_pkg'
[0.289s] Level 1:colcon.colcon_core.package_identification:_identify(src/asbir_serial) by extensions ['colcon_meta']
[0.289s] Level 1:colcon.colcon_core.package_identification:_identify(src/asbir_serial) by extension 'colcon_meta'
[0.289s] Level 1:colcon.colcon_core.package_identification:_identify(src/asbir_serial) by extensions ['ros']
[0.289s] Level 1:colcon.colcon_core.package_identification:_identify(src/asbir_serial) by extension 'ros'
[0.289s] DEBUG:colcon.colcon_core.package_identification:Package 'src/asbir_serial' with type 'ros.ament_python' and name 'asbir_serial'
[0.289s] Level 1:colcon.colcon_core.package_identification:_identify(src/asbir_status) by extensions ['ignore', 'ignore_ament_install']
[0.289s] Level 1:colcon.colcon_core.package_identification:_identify(src/asbir_status) by extension 'ignore'
[0.289s] Level 1:colcon.colcon_core.package_identification:_identify(src/asbir_status) by extension 'ignore_ament_install'
[0.289s] Level 1:colcon.colcon_core.package_identification:_identify(src/asbir_status) by extensions ['colcon_pkg']
[0.289s] Level 1:colcon.colcon_core.package_identification:_identify(src/asbir_status) by extension 'colcon_pkg'
[0.289s] Level 1:colcon.colcon_core.package_identification:_identify(src/asbir_status) by extensions ['colcon_meta']
[0.289s] Level 1:colcon.colcon_core.package_identification:_identify(src/asbir_status) by extension 'colcon_meta'
[0.290s] Level 1:colcon.colcon_core.package_identification:_identify(src/asbir_status) by extensions ['ros']
[0.290s] Level 1:colcon.colcon_core.package_identification:_identify(src/asbir_status) by extension 'ros'
[0.290s] DEBUG:colcon.colcon_core.package_identification:Package 'src/asbir_status' with type 'ros.ament_python' and name 'asbir_status'
[0.290s] Level 1:colcon.colcon_core.package_identification:_identify(src/asbir_xavier_gpio) by extensions ['ignore', 'ignore_ament_install']
[0.290s] Level 1:colcon.colcon_core.package_identification:_identify(src/asbir_xavier_gpio) by extension 'ignore'
[0.290s] Level 1:colcon.colcon_core.package_identification:_identify(src/asbir_xavier_gpio) by extension 'ignore_ament_install'
[0.290s] Level 1:colcon.colcon_core.package_identification:_identify(src/asbir_xavier_gpio) by extensions ['colcon_pkg']
[0.290s] Level 1:colcon.colcon_core.package_identification:_identify(src/asbir_xavier_gpio) by extension 'colcon_pkg'
[0.290s] Level 1:colcon.colcon_core.package_identification:_identify(src/asbir_xavier_gpio) by extensions ['colcon_meta']
[0.290s] Level 1:colcon.colcon_core.package_identification:_identify(src/asbir_xavier_gpio) by extension 'colcon_meta'
[0.290s] Level 1:colcon.colcon_core.package_identification:_identify(src/asbir_xavier_gpio) by extensions ['ros']
[0.290s] Level 1:colcon.colcon_core.package_identification:_identify(src/asbir_xavier_gpio) by extension 'ros'
[0.291s] DEBUG:colcon.colcon_core.package_identification:Package 'src/asbir_xavier_gpio' with type 'ros.ament_python' and name 'asbir_xavier_gpio'
[0.291s] Level 1:colcon.colcon_core.package_identification:_identify(src/objects) by extensions ['ignore', 'ignore_ament_install']
[0.291s] Level 1:colcon.colcon_core.package_identification:_identify(src/objects) by extension 'ignore'
[0.291s] Level 1:colcon.colcon_core.package_identification:_identify(src/objects) by extension 'ignore_ament_install'
[0.291s] Level 1:colcon.colcon_core.package_identification:_identify(src/objects) by extensions ['colcon_pkg']
[0.291s] Level 1:colcon.colcon_core.package_identification:_identify(src/objects) by extension 'colcon_pkg'
[0.291s] Level 1:colcon.colcon_core.package_identification:_identify(src/objects) by extensions ['colcon_meta']
[0.291s] Level 1:colcon.colcon_core.package_identification:_identify(src/objects) by extension 'colcon_meta'
[0.291s] Level 1:colcon.colcon_core.package_identification:_identify(src/objects) by extensions ['ros']
[0.291s] Level 1:colcon.colcon_core.package_identification:_identify(src/objects) by extension 'ros'
[0.291s] Level 1:colcon.colcon_core.package_identification:_identify(src/objects) by extensions ['cmake', 'python']
[0.291s] Level 1:colcon.colcon_core.package_identification:_identify(src/objects) by extension 'cmake'
[0.291s] Level 1:colcon.colcon_core.package_identification:_identify(src/objects) by extension 'python'
[0.291s] Level 1:colcon.colcon_core.package_identification:_identify(src/objects) by extensions ['python_setup_py']
[0.291s] Level 1:colcon.colcon_core.package_identification:_identify(src/objects) by extension 'python_setup_py'
[0.291s] Level 1:colcon.colcon_core.package_discovery:discover_packages(recursive) using defaults
[0.291s] Level 1:colcon.colcon_core.package_discovery:discover_packages(ignore) discover
[0.291s] Level 1:colcon.colcon_core.package_discovery:discover_packages(ignore) using defaults
[0.291s] Level 1:colcon.colcon_core.package_discovery:discover_packages(path) discover
[0.291s] Level 1:colcon.colcon_core.package_discovery:discover_packages(path) using defaults
[0.309s] Level 1:colcon.colcon_core.package_discovery:discover_packages(prefix_path) check parameters
[0.309s] Level 1:colcon.colcon_core.package_discovery:discover_packages(prefix_path) discover
[0.311s] DEBUG:colcon.colcon_installed_package_information.package_discovery:Found 4 installed packages in /home/aralab/ros_foxy_pkgs/install
[0.312s] DEBUG:colcon.colcon_installed_package_information.package_discovery:Found 7 installed packages in /home/aralab/ASBIR/ASBIR-ROS2/install
[0.313s] DEBUG:colcon.colcon_installed_package_information.package_discovery:Found 265 installed packages in /opt/ros/foxy
[0.314s] Level 1:colcon.colcon_core.package_discovery:discover_packages(prefix_path) using defaults
[0.368s] Level 5:colcon.colcon_core.verb:set package 'asbir_image' build argument 'cmake_args' from command line to 'None'
[0.368s] Level 5:colcon.colcon_core.verb:set package 'asbir_image' build argument 'cmake_target' from command line to 'None'
[0.368s] Level 5:colcon.colcon_core.verb:set package 'asbir_image' build argument 'cmake_target_skip_unavailable' from command line to 'False'
[0.368s] Level 5:colcon.colcon_core.verb:set package 'asbir_image' build argument 'cmake_clean_cache' from command line to 'False'
[0.368s] Level 5:colcon.colcon_core.verb:set package 'asbir_image' build argument 'cmake_clean_first' from command line to 'False'
[0.368s] Level 5:colcon.colcon_core.verb:set package 'asbir_image' build argument 'cmake_force_configure' from command line to 'False'
[0.368s] Level 5:colcon.colcon_core.verb:set package 'asbir_image' build argument 'ament_cmake_args' from command line to 'None'
[0.368s] Level 5:colcon.colcon_core.verb:set package 'asbir_image' build argument 'catkin_cmake_args' from command line to 'None'
[0.368s] Level 5:colcon.colcon_core.verb:set package 'asbir_image' build argument 'catkin_skip_building_tests' from command line to 'False'
[0.368s] DEBUG:colcon.colcon_core.verb:Building package 'asbir_image' with the following arguments: {'ament_cmake_args': None, 'build_base': '/home/aralab/ASBIR/ASBIR-ROS2/build/asbir_image', 'catkin_cmake_args': None, 'catkin_skip_building_tests': False, 'cmake_args': None, 'cmake_clean_cache': False, 'cmake_clean_first': False, 'cmake_force_configure': False, 'cmake_target': None, 'cmake_target_skip_unavailable': False, 'install_base': '/home/aralab/ASBIR/ASBIR-ROS2/install/asbir_image', 'merge_install': False, 'path': '/home/aralab/ASBIR/ASBIR-ROS2/src/asbir_image', 'symlink_install': False, 'test_result_base': None}
[0.369s] Level 5:colcon.colcon_core.verb:set package 'asbir_navigation' build argument 'cmake_args' from command line to 'None'
[0.369s] Level 5:colcon.colcon_core.verb:set package 'asbir_navigation' build argument 'cmake_target' from command line to 'None'
[0.369s] Level 5:colcon.colcon_core.verb:set package 'asbir_navigation' build argument 'cmake_target_skip_unavailable' from command line to 'False'
[0.369s] Level 5:colcon.colcon_core.verb:set package 'asbir_navigation' build argument 'cmake_clean_cache' from command line to 'False'
[0.369s] Level 5:colcon.colcon_core.verb:set package 'asbir_navigation' build argument 'cmake_clean_first' from command line to 'False'
[0.369s] Level 5:colcon.colcon_core.verb:set package 'asbir_navigation' build argument 'cmake_force_configure' from command line to 'False'
[0.369s] Level 5:colcon.colcon_core.verb:set package 'asbir_navigation' build argument 'ament_cmake_args' from command line to 'None'
[0.369s] Level 5:colcon.colcon_core.verb:set package 'asbir_navigation' build argument 'catkin_cmake_args' from command line to 'None'
[0.369s] Level 5:colcon.colcon_core.verb:set package 'asbir_navigation' build argument 'catkin_skip_building_tests' from command line to 'False'
[0.369s] DEBUG:colcon.colcon_core.verb:Building package 'asbir_navigation' with the following arguments: {'ament_cmake_args': None, 'build_base': '/home/aralab/ASBIR/ASBIR-ROS2/build/asbir_navigation', 'catkin_cmake_args': None, 'catkin_skip_building_tests': False, 'cmake_args': None, 'cmake_clean_cache': False, 'cmake_clean_first': False, 'cmake_force_configure': False, 'cmake_target': None, 'cmake_target_skip_unavailable': False, 'install_base': '/home/aralab/ASBIR/ASBIR-ROS2/install/asbir_navigation', 'merge_install': False, 'path': '/home/aralab/ASBIR/ASBIR-ROS2/src/asbir_navigation', 'symlink_install': False, 'test_result_base': None}
[0.370s] Level 5:colcon.colcon_core.verb:set package 'asbir_panda' build argument 'cmake_args' from command line to 'None'
[0.370s] Level 5:colcon.colcon_core.verb:set package 'asbir_panda' build argument 'cmake_target' from command line to 'None'
[0.370s] Level 5:colcon.colcon_core.verb:set package 'asbir_panda' build argument 'cmake_target_skip_unavailable' from command line to 'False'
[0.370s] Level 5:colcon.colcon_core.verb:set package 'asbir_panda' build argument 'cmake_clean_cache' from command line to 'False'
[0.370s] Level 5:colcon.colcon_core.verb:set package 'asbir_panda' build argument 'cmake_clean_first' from command line to 'False'
[0.370s] Level 5:colcon.colcon_core.verb:set package 'asbir_panda' build argument 'cmake_force_configure' from command line to 'False'
[0.370s] Level 5:colcon.colcon_core.verb:set package 'asbir_panda' build argument 'ament_cmake_args' from command line to 'None'
[0.370s] Level 5:colcon.colcon_core.verb:set package 'asbir_panda' build argument 'catkin_cmake_args' from command line to 'None'
[0.370s] Level 5:colcon.colcon_core.verb:set package 'asbir_panda' build argument 'catkin_skip_building_tests' from command line to 'False'
[0.370s] DEBUG:colcon.colcon_core.verb:Building package 'asbir_panda' with the following arguments: {'ament_cmake_args': None, 'build_base': '/home/aralab/ASBIR/ASBIR-ROS2/build/asbir_panda', 'catkin_cmake_args': None, 'catkin_skip_building_tests': False, 'cmake_args': None, 'cmake_clean_cache': False, 'cmake_clean_first': False, 'cmake_force_configure': False, 'cmake_target': None, 'cmake_target_skip_unavailable': False, 'install_base': '/home/aralab/ASBIR/ASBIR-ROS2/install/asbir_panda', 'merge_install': False, 'path': '/home/aralab/ASBIR/ASBIR-ROS2/src/asbir_panda', 'symlink_install': False, 'test_result_base': None}
[0.371s] Level 5:colcon.colcon_core.verb:set package 'asbir_rc' build argument 'cmake_args' from command line to 'None'
[0.371s] Level 5:colcon.colcon_core.verb:set package 'asbir_rc' build argument 'cmake_target' from command line to 'None'
[0.371s] Level 5:colcon.colcon_core.verb:set package 'asbir_rc' build argument 'cmake_target_skip_unavailable' from command line to 'False'
[0.371s] Level 5:colcon.colcon_core.verb:set package 'asbir_rc' build argument 'cmake_clean_cache' from command line to 'False'
[0.371s] Level 5:colcon.colcon_core.verb:set package 'asbir_rc' build argument 'cmake_clean_first' from command line to 'False'
[0.371s] Level 5:colcon.colcon_core.verb:set package 'asbir_rc' build argument 'cmake_force_configure' from command line to 'False'
[0.371s] Level 5:colcon.colcon_core.verb:set package 'asbir_rc' build argument 'ament_cmake_args' from command line to 'None'
[0.371s] Level 5:colcon.colcon_core.verb:set package 'asbir_rc' build argument 'catkin_cmake_args' from command line to 'None'
[0.371s] Level 5:colcon.colcon_core.verb:set package 'asbir_rc' build argument 'catkin_skip_building_tests' from command line to 'False'
[0.371s] DEBUG:colcon.colcon_core.verb:Building package 'asbir_rc' with the following arguments: {'ament_cmake_args': None, 'build_base': '/home/aralab/ASBIR/ASBIR-ROS2/build/asbir_rc', 'catkin_cmake_args': None, 'catkin_skip_building_tests': False, 'cmake_args': None, 'cmake_clean_cache': False, 'cmake_clean_first': False, 'cmake_force_configure': False, 'cmake_target': None, 'cmake_target_skip_unavailable': False, 'install_base': '/home/aralab/ASBIR/ASBIR-ROS2/install/asbir_rc', 'merge_install': False, 'path': '/home/aralab/ASBIR/ASBIR-ROS2/src/asbir_rc', 'symlink_install': False, 'test_result_base': None}
[0.372s] Level 5:colcon.colcon_core.verb:set package 'asbir_serial' build argument 'cmake_args' from command line to 'None'
[0.372s] Level 5:colcon.colcon_core.verb:set package 'asbir_serial' build argument 'cmake_target' from command line to 'None'
[0.372s] Level 5:colcon.colcon_core.verb:set package 'asbir_serial' build argument 'cmake_target_skip_unavailable' from command line to 'False'
[0.372s] Level 5:colcon.colcon_core.verb:set package 'asbir_serial' build argument 'cmake_clean_cache' from command line to 'False'
[0.372s] Level 5:colcon.colcon_core.verb:set package 'asbir_serial' build argument 'cmake_clean_first' from command line to 'False'
[0.372s] Level 5:colcon.colcon_core.verb:set package 'asbir_serial' build argument 'cmake_force_configure' from command line to 'False'
[0.372s] Level 5:colcon.colcon_core.verb:set package 'asbir_serial' build argument 'ament_cmake_args' from command line to 'None'
[0.372s] Level 5:colcon.colcon_core.verb:set package 'asbir_serial' build argument 'catkin_cmake_args' from command line to 'None'
[0.372s] Level 5:colcon.colcon_core.verb:set package 'asbir_serial' build argument 'catkin_skip_building_tests' from command line to 'False'
[0.372s] DEBUG:colcon.colcon_core.verb:Building package 'asbir_serial' with the following arguments: {'ament_cmake_args': None, 'build_base': '/home/aralab/ASBIR/ASBIR-ROS2/build/asbir_serial', 'catkin_cmake_args': None, 'catkin_skip_building_tests': False, 'cmake_args': None, 'cmake_clean_cache': False, 'cmake_clean_first': False, 'cmake_force_configure': False, 'cmake_target': None, 'cmake_target_skip_unavailable': False, 'install_base': '/home/aralab/ASBIR/ASBIR-ROS2/install/asbir_serial', 'merge_install': False, 'path': '/home/aralab/ASBIR/ASBIR-ROS2/src/asbir_serial', 'symlink_install': False, 'test_result_base': None}
[0.373s] Level 5:colcon.colcon_core.verb:set package 'asbir_status' build argument 'cmake_args' from command line to 'None'
[0.373s] Level 5:colcon.colcon_core.verb:set package 'asbir_status' build argument 'cmake_target' from command line to 'None'
[0.373s] Level 5:colcon.colcon_core.verb:set package 'asbir_status' build argument 'cmake_target_skip_unavailable' from command line to 'False'
[0.373s] Level 5:colcon.colcon_core.verb:set package 'asbir_status' build argument 'cmake_clean_cache' from command line to 'False'
[0.373s] Level 5:colcon.colcon_core.verb:set package 'asbir_status' build argument 'cmake_clean_first' from command line to 'False'
[0.373s] Level 5:colcon.colcon_core.verb:set package 'asbir_status' build argument 'cmake_force_configure' from command line to 'False'
[0.373s] Level 5:colcon.colcon_core.verb:set package 'asbir_status' build argument 'ament_cmake_args' from command line to 'None'
[0.373s] Level 5:colcon.colcon_core.verb:set package 'asbir_status' build argument 'catkin_cmake_args' from command line to 'None'
[0.373s] Level 5:colcon.colcon_core.verb:set package 'asbir_status' build argument 'catkin_skip_building_tests' from command line to 'False'
[0.373s] DEBUG:colcon.colcon_core.verb:Building package 'asbir_status' with the following arguments: {'ament_cmake_args': None, 'build_base': '/home/aralab/ASBIR/ASBIR-ROS2/build/asbir_status', 'catkin_cmake_args': None, 'catkin_skip_building_tests': False, 'cmake_args': None, 'cmake_clean_cache': False, 'cmake_clean_first': False, 'cmake_force_configure': False, 'cmake_target': None, 'cmake_target_skip_unavailable': False, 'install_base': '/home/aralab/ASBIR/ASBIR-ROS2/install/asbir_status', 'merge_install': False, 'path': '/home/aralab/ASBIR/ASBIR-ROS2/src/asbir_status', 'symlink_install': False, 'test_result_base': None}
[0.374s] Level 5:colcon.colcon_core.verb:set package 'asbir_xavier_gpio' build argument 'cmake_args' from command line to 'None'
[0.374s] Level 5:colcon.colcon_core.verb:set package 'asbir_xavier_gpio' build argument 'cmake_target' from command line to 'None'
[0.374s] Level 5:colcon.colcon_core.verb:set package 'asbir_xavier_gpio' build argument 'cmake_target_skip_unavailable' from command line to 'False'
[0.374s] Level 5:colcon.colcon_core.verb:set package 'asbir_xavier_gpio' build argument 'cmake_clean_cache' from command line to 'False'
[0.374s] Level 5:colcon.colcon_core.verb:set package 'asbir_xavier_gpio' build argument 'cmake_clean_first' from command line to 'False'
[0.374s] Level 5:colcon.colcon_core.verb:set package 'asbir_xavier_gpio' build argument 'cmake_force_configure' from command line to 'False'
[0.374s] Level 5:colcon.colcon_core.verb:set package 'asbir_xavier_gpio' build argument 'ament_cmake_args' from command line to 'None'
[0.374s] Level 5:colcon.colcon_core.verb:set package 'asbir_xavier_gpio' build argument 'catkin_cmake_args' from command line to 'None'
[0.374s] Level 5:colcon.colcon_core.verb:set package 'asbir_xavier_gpio' build argument 'catkin_skip_building_tests' from command line to 'False'
[0.374s] DEBUG:colcon.colcon_core.verb:Building package 'asbir_xavier_gpio' with the following arguments: {'ament_cmake_args': None, 'build_base': '/home/aralab/ASBIR/ASBIR-ROS2/build/asbir_xavier_gpio', 'catkin_cmake_args': None, 'catkin_skip_building_tests': False, 'cmake_args': None, 'cmake_clean_cache': False, 'cmake_clean_first': False, 'cmake_force_configure': False, 'cmake_target': None, 'cmake_target_skip_unavailable': False, 'install_base': '/home/aralab/ASBIR/ASBIR-ROS2/install/asbir_xavier_gpio', 'merge_install': False, 'path': '/home/aralab/ASBIR/ASBIR-ROS2/src/asbir_xavier_gpio', 'symlink_install': False, 'test_result_base': None}
[0.375s] INFO:colcon.colcon_core.executor:Executing jobs using 'parallel' executor
[0.378s] DEBUG:colcon.colcon_parallel_executor.executor.parallel:run_until_complete
[0.378s] INFO:colcon.colcon_ros.task.ament_python.build:Building ROS package in '/home/aralab/ASBIR/ASBIR-ROS2/src/asbir_image' with build type 'ament_python'
[0.378s] Level 1:colcon.colcon_core.shell:create_environment_hook('asbir_image', 'ament_prefix_path')
[0.382s] INFO:colcon.colcon_core.plugin_system:Skipping extension 'colcon_core.shell.bat': Not used on non-Windows systems
[0.382s] INFO:colcon.colcon_core.shell:Creating environment hook '/home/aralab/ASBIR/ASBIR-ROS2/install/asbir_image/share/asbir_image/hook/ament_prefix_path.ps1'
[0.382s] INFO:colcon.colcon_core.shell:Creating environment descriptor '/home/aralab/ASBIR/ASBIR-ROS2/install/asbir_image/share/asbir_image/hook/ament_prefix_path.dsv'
[0.383s] INFO:colcon.colcon_core.shell:Creating environment hook '/home/aralab/ASBIR/ASBIR-ROS2/install/asbir_image/share/asbir_image/hook/ament_prefix_path.sh'
[0.384s] INFO:colcon.colcon_core.shell:Skip shell extension 'powershell' for command environment: Not usable outside of PowerShell
[0.384s] DEBUG:colcon.colcon_core.shell:Skip shell extension 'dsv' for command environment
[0.390s] INFO:colcon.colcon_ros.task.ament_python.build:Building ROS package in '/home/aralab/ASBIR/ASBIR-ROS2/src/asbir_navigation' with build type 'ament_python'
[0.391s] Level 1:colcon.colcon_core.shell:create_environment_hook('asbir_navigation', 'ament_prefix_path')
[0.392s] INFO:colcon.colcon_core.shell:Creating environment hook '/home/aralab/ASBIR/ASBIR-ROS2/install/asbir_navigation/share/asbir_navigation/hook/ament_prefix_path.ps1'
[0.393s] INFO:colcon.colcon_core.shell:Creating environment descriptor '/home/aralab/ASBIR/ASBIR-ROS2/install/asbir_navigation/share/asbir_navigation/hook/ament_prefix_path.dsv'
[0.393s] INFO:colcon.colcon_core.shell:Creating environment hook '/home/aralab/ASBIR/ASBIR-ROS2/install/asbir_navigation/share/asbir_navigation/hook/ament_prefix_path.sh'
[0.394s] INFO:colcon.colcon_core.shell:Skip shell extension 'powershell' for command environment: Not usable outside of PowerShell
[0.395s] DEBUG:colcon.colcon_core.shell:Skip shell extension 'dsv' for command environment
[0.400s] INFO:colcon.colcon_ros.task.ament_python.build:Building ROS package in '/home/aralab/ASBIR/ASBIR-ROS2/src/asbir_panda' with build type 'ament_python'
[0.401s] Level 1:colcon.colcon_core.shell:create_environment_hook('asbir_panda', 'ament_prefix_path')
[0.402s] INFO:colcon.colcon_core.shell:Creating environment hook '/home/aralab/ASBIR/ASBIR-ROS2/install/asbir_panda/share/asbir_panda/hook/ament_prefix_path.ps1'
[0.403s] INFO:colcon.colcon_core.shell:Creating environment descriptor '/home/aralab/ASBIR/ASBIR-ROS2/install/asbir_panda/share/asbir_panda/hook/ament_prefix_path.dsv'
[0.403s] INFO:colcon.colcon_core.shell:Creating environment hook '/home/aralab/ASBIR/ASBIR-ROS2/install/asbir_panda/share/asbir_panda/hook/ament_prefix_path.sh'
[0.405s] INFO:colcon.colcon_core.shell:Skip shell extension 'powershell' for command environment: Not usable outside of PowerShell
[0.405s] DEBUG:colcon.colcon_core.shell:Skip shell extension 'dsv' for command environment
[0.410s] INFO:colcon.colcon_ros.task.ament_python.build:Building ROS package in '/home/aralab/ASBIR/ASBIR-ROS2/src/asbir_rc' with build type 'ament_python'
[0.411s] Level 1:colcon.colcon_core.shell:create_environment_hook('asbir_rc', 'ament_prefix_path')
[0.412s] INFO:colcon.colcon_core.shell:Creating environment hook '/home/aralab/ASBIR/ASBIR-ROS2/install/asbir_rc/share/asbir_rc/hook/ament_prefix_path.ps1'
[0.413s] INFO:colcon.colcon_core.shell:Creating environment descriptor '/home/aralab/ASBIR/ASBIR-ROS2/install/asbir_rc/share/asbir_rc/hook/ament_prefix_path.dsv'
[0.413s] INFO:colcon.colcon_core.shell:Creating environment hook '/home/aralab/ASBIR/ASBIR-ROS2/install/asbir_rc/share/asbir_rc/hook/ament_prefix_path.sh'
[0.415s] INFO:colcon.colcon_core.shell:Skip shell extension 'powershell' for command environment: Not usable outside of PowerShell
[0.415s] DEBUG:colcon.colcon_core.shell:Skip shell extension 'dsv' for command environment
[0.420s] INFO:colcon.colcon_ros.task.ament_python.build:Building ROS package in '/home/aralab/ASBIR/ASBIR-ROS2/src/asbir_serial' with build type 'ament_python'
[0.421s] Level 1:colcon.colcon_core.shell:create_environment_hook('asbir_serial', 'ament_prefix_path')
[0.422s] INFO:colcon.colcon_core.shell:Creating environment hook '/home/aralab/ASBIR/ASBIR-ROS2/install/asbir_serial/share/asbir_serial/hook/ament_prefix_path.ps1'
[0.423s] INFO:colcon.colcon_core.shell:Creating environment descriptor '/home/aralab/ASBIR/ASBIR-ROS2/install/asbir_serial/share/asbir_serial/hook/ament_prefix_path.dsv'
[0.423s] INFO:colcon.colcon_core.shell:Creating environment hook '/home/aralab/ASBIR/ASBIR-ROS2/install/asbir_serial/share/asbir_serial/hook/ament_prefix_path.sh'
[0.424s] INFO:colcon.colcon_core.shell:Skip shell extension 'powershell' for command environment: Not usable outside of PowerShell
[0.424s] DEBUG:colcon.colcon_core.shell:Skip shell extension 'dsv' for command environment
[0.430s] INFO:colcon.colcon_ros.task.ament_python.build:Building ROS package in '/home/aralab/ASBIR/ASBIR-ROS2/src/asbir_status' with build type 'ament_python'
[0.430s] Level 1:colcon.colcon_core.shell:create_environment_hook('asbir_status', 'ament_prefix_path')
[0.431s] INFO:colcon.colcon_core.shell:Creating environment hook '/home/aralab/ASBIR/ASBIR-ROS2/install/asbir_status/share/asbir_status/hook/ament_prefix_path.ps1'
[0.432s] INFO:colcon.colcon_core.shell:Creating environment descriptor '/home/aralab/ASBIR/ASBIR-ROS2/install/asbir_status/share/asbir_status/hook/ament_prefix_path.dsv'
[0.432s] INFO:colcon.colcon_core.shell:Creating environment hook '/home/aralab/ASBIR/ASBIR-ROS2/install/asbir_status/share/asbir_status/hook/ament_prefix_path.sh'
[0.433s] INFO:colcon.colcon_core.shell:Skip shell extension 'powershell' for command environment: Not usable outside of PowerShell
[0.433s] DEBUG:colcon.colcon_core.shell:Skip shell extension 'dsv' for command environment
[0.439s] INFO:colcon.colcon_ros.task.ament_python.build:Building ROS package in '/home/aralab/ASBIR/ASBIR-ROS2/src/asbir_xavier_gpio' with build type 'ament_python'
[0.439s] Level 1:colcon.colcon_core.shell:create_environment_hook('asbir_xavier_gpio', 'ament_prefix_path')
[0.441s] INFO:colcon.colcon_core.shell:Creating environment hook '/home/aralab/ASBIR/ASBIR-ROS2/install/asbir_xavier_gpio/share/asbir_xavier_gpio/hook/ament_prefix_path.ps1'
[0.442s] INFO:colcon.colcon_core.shell:Creating environment descriptor '/home/aralab/ASBIR/ASBIR-ROS2/install/asbir_xavier_gpio/share/asbir_xavier_gpio/hook/ament_prefix_path.dsv'
[0.442s] INFO:colcon.colcon_core.shell:Creating environment hook '/home/aralab/ASBIR/ASBIR-ROS2/install/asbir_xavier_gpio/share/asbir_xavier_gpio/hook/ament_prefix_path.sh'
[0.443s] INFO:colcon.colcon_core.shell:Skip shell extension 'powershell' for command environment: Not usable outside of PowerShell
[0.443s] DEBUG:colcon.colcon_core.shell:Skip shell extension 'dsv' for command environment
[0.640s] INFO:colcon.colcon_core.task.python.build:Building Python package in '/home/aralab/ASBIR/ASBIR-ROS2/src/asbir_image'
[0.642s] INFO:colcon.colcon_core.shell:Skip shell extension 'powershell' for command environment: Not usable outside of PowerShell
[0.642s] DEBUG:colcon.colcon_core.shell:Skip shell extension 'dsv' for command environment
[0.836s] INFO:colcon.colcon_core.task.python.build:Building Python package in '/home/aralab/ASBIR/ASBIR-ROS2/src/asbir_navigation'
[0.839s] INFO:colcon.colcon_core.shell:Skip shell extension 'powershell' for command environment: Not usable outside of PowerShell
[0.839s] DEBUG:colcon.colcon_core.shell:Skip shell extension 'dsv' for command environment
[1.039s] INFO:colcon.colcon_core.task.python.build:Building Python package in '/home/aralab/ASBIR/ASBIR-ROS2/src/asbir_panda'
[1.040s] INFO:colcon.colcon_core.shell:Skip shell extension 'powershell' for command environment: Not usable outside of PowerShell
[1.040s] DEBUG:colcon.colcon_core.shell:Skip shell extension 'dsv' for command environment
[1.234s] INFO:colcon.colcon_core.task.python.build:Building Python package in '/home/aralab/ASBIR/ASBIR-ROS2/src/asbir_rc'
[1.236s] INFO:colcon.colcon_core.shell:Skip shell extension 'powershell' for command environment: Not usable outside of PowerShell
[1.236s] DEBUG:colcon.colcon_core.shell:Skip shell extension 'dsv' for command environment
[1.430s] INFO:colcon.colcon_core.task.python.build:Building Python package in '/home/aralab/ASBIR/ASBIR-ROS2/src/asbir_serial'
[1.432s] INFO:colcon.colcon_core.shell:Skip shell extension 'powershell' for command environment: Not usable outside of PowerShell
[1.432s] DEBUG:colcon.colcon_core.shell:Skip shell extension 'dsv' for command environment
[1.624s] INFO:colcon.colcon_core.task.python.build:Building Python package in '/home/aralab/ASBIR/ASBIR-ROS2/src/asbir_status'
[1.626s] INFO:colcon.colcon_core.shell:Skip shell extension 'powershell' for command environment: Not usable outside of PowerShell
[1.626s] DEBUG:colcon.colcon_core.shell:Skip shell extension 'dsv' for command environment
[1.818s] INFO:colcon.colcon_core.task.python.build:Building Python package in '/home/aralab/ASBIR/ASBIR-ROS2/src/asbir_xavier_gpio'
[1.820s] INFO:colcon.colcon_core.shell:Skip shell extension 'powershell' for command environment: Not usable outside of PowerShell
[1.820s] DEBUG:colcon.colcon_core.shell:Skip shell extension 'dsv' for command environment
[2.190s] DEBUG:colcon.colcon_core.event_handler.log_command:Invoking command in '/home/aralab/ASBIR/ASBIR-ROS2/src/asbir_navigation': PYTHONPATH=/home/aralab/ASBIR/ASBIR-ROS2/build/asbir_navigation/prefix_override:/home/aralab/ASBIR/ASBIR-ROS2/install/asbir_navigation/lib/python3.8/site-packages:${PYTHONPATH} /usr/bin/python3 setup.py egg_info --egg-base ../../build/asbir_navigation build --build-base /home/aralab/ASBIR/ASBIR-ROS2/build/asbir_navigation/build install --record /home/aralab/ASBIR/ASBIR-ROS2/build/asbir_navigation/install.log --install-scripts $base/lib/asbir_navigation --single-version-externally-managed
[2.202s] DEBUG:colcon.colcon_core.event_handler.log_command:Invoking command in '/home/aralab/ASBIR/ASBIR-ROS2/src/asbir_panda': PYTHONPATH=/home/aralab/ASBIR/ASBIR-ROS2/build/asbir_panda/prefix_override:/home/aralab/ASBIR/ASBIR-ROS2/install/asbir_panda/lib/python3.8/site-packages:${PYTHONPATH} /usr/bin/python3 setup.py egg_info --egg-base ../../build/asbir_panda build --build-base /home/aralab/ASBIR/ASBIR-ROS2/build/asbir_panda/build install --record /home/aralab/ASBIR/ASBIR-ROS2/build/asbir_panda/install.log --install-scripts $base/lib/asbir_panda --single-version-externally-managed
[2.206s] DEBUG:colcon.colcon_core.event_handler.log_command:Invoking command in '/home/aralab/ASBIR/ASBIR-ROS2/src/asbir_serial': PYTHONPATH=/home/aralab/ASBIR/ASBIR-ROS2/build/asbir_serial/prefix_override:/home/aralab/ASBIR/ASBIR-ROS2/install/asbir_serial/lib/python3.8/site-packages:${PYTHONPATH} /usr/bin/python3 setup.py egg_info --egg-base ../../build/asbir_serial build --build-base /home/aralab/ASBIR/ASBIR-ROS2/build/asbir_serial/build install --record /home/aralab/ASBIR/ASBIR-ROS2/build/asbir_serial/install.log --install-scripts $base/lib/asbir_serial --single-version-externally-managed
[2.211s] DEBUG:colcon.colcon_core.event_handler.log_command:Invoking command in '/home/aralab/ASBIR/ASBIR-ROS2/src/asbir_rc': PYTHONPATH=/home/aralab/ASBIR/ASBIR-ROS2/build/asbir_rc/prefix_override:/home/aralab/ASBIR/ASBIR-ROS2/install/asbir_rc/lib/python3.8/site-packages:${PYTHONPATH} /usr/bin/python3 setup.py egg_info --egg-base ../../build/asbir_rc build --build-base /home/aralab/ASBIR/ASBIR-ROS2/build/asbir_rc/build install --record /home/aralab/ASBIR/ASBIR-ROS2/build/asbir_rc/install.log --install-scripts $base/lib/asbir_rc --single-version-externally-managed
[2.236s] DEBUG:colcon.colcon_core.event_handler.log_command:Invoking command in '/home/aralab/ASBIR/ASBIR-ROS2/src/asbir_status': PYTHONPATH=/home/aralab/ASBIR/ASBIR-ROS2/build/asbir_status/prefix_override:/home/aralab/ASBIR/ASBIR-ROS2/install/asbir_status/lib/python3.8/site-packages:${PYTHONPATH} /usr/bin/python3 setup.py egg_info --egg-base ../../build/asbir_status build --build-base /home/aralab/ASBIR/ASBIR-ROS2/build/asbir_status/build install --record /home/aralab/ASBIR/ASBIR-ROS2/build/asbir_status/install.log --install-scripts $base/lib/asbir_status --single-version-externally-managed
[2.308s] DEBUG:colcon.colcon_core.event_handler.log_command:Invoking command in '/home/aralab/ASBIR/ASBIR-ROS2/src/asbir_xavier_gpio': PYTHONPATH=/home/aralab/ASBIR/ASBIR-ROS2/build/asbir_xavier_gpio/prefix_override:/home/aralab/ASBIR/ASBIR-ROS2/install/asbir_xavier_gpio/lib/python3.8/site-packages:${PYTHONPATH} /usr/bin/python3 setup.py egg_info --egg-base ../../build/asbir_xavier_gpio build --build-base /home/aralab/ASBIR/ASBIR-ROS2/build/asbir_xavier_gpio/build install --record /home/aralab/ASBIR/ASBIR-ROS2/build/asbir_xavier_gpio/install.log --install-scripts $base/lib/asbir_xavier_gpio --single-version-externally-managed
[2.378s] DEBUG:colcon.colcon_core.event_handler.log_command:Invoking command in '/home/aralab/ASBIR/ASBIR-ROS2/src/asbir_image': PYTHONPATH=/home/aralab/ASBIR/ASBIR-ROS2/build/asbir_image/prefix_override:/home/aralab/ASBIR/ASBIR-ROS2/install/asbir_image/lib/python3.8/site-packages:${PYTHONPATH} /usr/bin/python3 setup.py egg_info --egg-base ../../build/asbir_image build --build-base /home/aralab/ASBIR/ASBIR-ROS2/build/asbir_image/build install --record /home/aralab/ASBIR/ASBIR-ROS2/build/asbir_image/install.log --install-scripts $base/lib/asbir_image --single-version-externally-managed
[2.481s] DEBUG:colcon.colcon_core.event_handler.log_command:Invoked command in '/home/aralab/ASBIR/ASBIR-ROS2/src/asbir_panda' returned '0': PYTHONPATH=/home/aralab/ASBIR/ASBIR-ROS2/build/asbir_panda/prefix_override:/home/aralab/ASBIR/ASBIR-ROS2/install/asbir_panda/lib/python3.8/site-packages:${PYTHONPATH} /usr/bin/python3 setup.py egg_info --egg-base ../../build/asbir_panda build --build-base /home/aralab/ASBIR/ASBIR-ROS2/build/asbir_panda/build install --record /home/aralab/ASBIR/ASBIR-ROS2/build/asbir_panda/install.log --install-scripts $base/lib/asbir_panda --single-version-externally-managed
[2.485s] Level 1:colcon.colcon_core.environment:checking '/home/aralab/ASBIR/ASBIR-ROS2/install/asbir_panda' for CMake module files
[2.485s] Level 1:colcon.colcon_core.environment:checking '/home/aralab/ASBIR/ASBIR-ROS2/install/asbir_panda' for CMake config files
[2.487s] Level 1:colcon.colcon_core.environment:checking '/home/aralab/ASBIR/ASBIR-ROS2/install/asbir_panda/lib'
[2.487s] Level 1:colcon.colcon_core.environment:checking '/home/aralab/ASBIR/ASBIR-ROS2/install/asbir_panda/bin'
[2.487s] Level 1:colcon.colcon_core.environment:checking '/home/aralab/ASBIR/ASBIR-ROS2/install/asbir_panda/lib/pkgconfig/asbir_panda.pc'
[2.488s] Level 1:colcon.colcon_core.environment:checking '/home/aralab/ASBIR/ASBIR-ROS2/install/asbir_panda/lib/python3.8/site-packages'
[2.488s] Level 1:colcon.colcon_core.shell:create_environment_hook('asbir_panda', 'pythonpath')
[2.489s] INFO:colcon.colcon_core.shell:Creating environment hook '/home/aralab/ASBIR/ASBIR-ROS2/install/asbir_panda/share/asbir_panda/hook/pythonpath.ps1'
[2.491s] INFO:colcon.colcon_core.shell:Creating environment descriptor '/home/aralab/ASBIR/ASBIR-ROS2/install/asbir_panda/share/asbir_panda/hook/pythonpath.dsv'
[2.491s] INFO:colcon.colcon_core.shell:Creating environment hook '/home/aralab/ASBIR/ASBIR-ROS2/install/asbir_panda/share/asbir_panda/hook/pythonpath.sh'
[2.492s] Level 1:colcon.colcon_core.environment:checking '/home/aralab/ASBIR/ASBIR-ROS2/install/asbir_panda/bin'
[2.492s] Level 1:colcon.colcon_core.environment:create_environment_scripts_only(asbir_panda)
[2.494s] INFO:colcon.colcon_core.shell:Creating package script '/home/aralab/ASBIR/ASBIR-ROS2/install/asbir_panda/share/asbir_panda/package.ps1'
[2.496s] INFO:colcon.colcon_core.shell:Creating package descriptor '/home/aralab/ASBIR/ASBIR-ROS2/install/asbir_panda/share/asbir_panda/package.dsv'
[2.497s] INFO:colcon.colcon_core.shell:Creating package script '/home/aralab/ASBIR/ASBIR-ROS2/install/asbir_panda/share/asbir_panda/package.sh'
[2.498s] INFO:colcon.colcon_core.shell:Creating package script '/home/aralab/ASBIR/ASBIR-ROS2/install/asbir_panda/share/asbir_panda/package.bash'
[2.498s] INFO:colcon.colcon_core.shell:Creating package script '/home/aralab/ASBIR/ASBIR-ROS2/install/asbir_panda/share/asbir_panda/package.zsh'
[2.499s] Level 1:colcon.colcon_core.environment:create_file_with_runtime_dependencies(/home/aralab/ASBIR/ASBIR-ROS2/install/asbir_panda/share/colcon-core/packages/asbir_panda)
[2.501s] Level 1:colcon.colcon_core.environment:checking '/home/aralab/ASBIR/ASBIR-ROS2/install/asbir_navigation' for CMake module files
[2.502s] DEBUG:colcon.colcon_core.event_handler.log_command:Invoked command in '/home/aralab/ASBIR/ASBIR-ROS2/src/asbir_navigation' returned '0': PYTHONPATH=/home/aralab/ASBIR/ASBIR-ROS2/build/asbir_navigation/prefix_override:/home/aralab/ASBIR/ASBIR-ROS2/install/asbir_navigation/lib/python3.8/site-packages:${PYTHONPATH} /usr/bin/python3 setup.py egg_info --egg-base ../../build/asbir_navigation build --build-base /home/aralab/ASBIR/ASBIR-ROS2/build/asbir_navigation/build install --record /home/aralab/ASBIR/ASBIR-ROS2/build/asbir_navigation/install.log --install-scripts $base/lib/asbir_navigation --single-version-externally-managed
[2.503s] Level 1:colcon.colcon_core.environment:checking '/home/aralab/ASBIR/ASBIR-ROS2/install/asbir_navigation' for CMake config files
[2.503s] Level 1:colcon.colcon_core.environment:checking '/home/aralab/ASBIR/ASBIR-ROS2/install/asbir_navigation/lib'
[2.503s] Level 1:colcon.colcon_core.environment:checking '/home/aralab/ASBIR/ASBIR-ROS2/install/asbir_navigation/bin'
[2.503s] Level 1:colcon.colcon_core.environment:checking '/home/aralab/ASBIR/ASBIR-ROS2/install/asbir_navigation/lib/pkgconfig/asbir_navigation.pc'
[2.504s] Level 1:colcon.colcon_core.environment:checking '/home/aralab/ASBIR/ASBIR-ROS2/install/asbir_navigation/lib/python3.8/site-packages'
[2.504s] Level 1:colcon.colcon_core.shell:create_environment_hook('asbir_navigation', 'pythonpath')
[2.505s] INFO:colcon.colcon_core.shell:Creating environment hook '/home/aralab/ASBIR/ASBIR-ROS2/install/asbir_navigation/share/asbir_navigation/hook/pythonpath.ps1'
[2.505s] INFO:colcon.colcon_core.shell:Creating environment descriptor '/home/aralab/ASBIR/ASBIR-ROS2/install/asbir_navigation/share/asbir_navigation/hook/pythonpath.dsv'
[2.505s] INFO:colcon.colcon_core.shell:Creating environment hook '/home/aralab/ASBIR/ASBIR-ROS2/install/asbir_navigation/share/asbir_navigation/hook/pythonpath.sh'
[2.506s] Level 1:colcon.colcon_core.environment:checking '/home/aralab/ASBIR/ASBIR-ROS2/install/asbir_navigation/bin'
[2.506s] Level 1:colcon.colcon_core.environment:create_environment_scripts_only(asbir_navigation)
[2.507s] INFO:colcon.colcon_core.shell:Creating package script '/home/aralab/ASBIR/ASBIR-ROS2/install/asbir_navigation/share/asbir_navigation/package.ps1'
[2.508s] INFO:colcon.colcon_core.shell:Creating package descriptor '/home/aralab/ASBIR/ASBIR-ROS2/install/asbir_navigation/share/asbir_navigation/package.dsv'
[2.508s] INFO:colcon.colcon_core.shell:Creating package script '/home/aralab/ASBIR/ASBIR-ROS2/install/asbir_navigation/share/asbir_navigation/package.sh'
[2.508s] INFO:colcon.colcon_core.shell:Creating package script '/home/aralab/ASBIR/ASBIR-ROS2/install/asbir_navigation/share/asbir_navigation/package.bash'
[2.509s] INFO:colcon.colcon_core.shell:Creating package script '/home/aralab/ASBIR/ASBIR-ROS2/install/asbir_navigation/share/asbir_navigation/package.zsh'
[2.509s] Level 1:colcon.colcon_core.environment:create_file_with_runtime_dependencies(/home/aralab/ASBIR/ASBIR-ROS2/install/asbir_navigation/share/colcon-core/packages/asbir_navigation)
[2.513s] Level 1:colcon.colcon_core.environment:checking '/home/aralab/ASBIR/ASBIR-ROS2/install/asbir_serial' for CMake module files
[2.514s] Level 1:colcon.colcon_core.environment:checking '/home/aralab/ASBIR/ASBIR-ROS2/install/asbir_serial' for CMake config files
[2.514s] DEBUG:colcon.colcon_core.event_handler.log_command:Invoked command in '/home/aralab/ASBIR/ASBIR-ROS2/src/asbir_serial' returned '0': PYTHONPATH=/home/aralab/ASBIR/ASBIR-ROS2/build/asbir_serial/prefix_override:/home/aralab/ASBIR/ASBIR-ROS2/install/asbir_serial/lib/python3.8/site-packages:${PYTHONPATH} /usr/bin/python3 setup.py egg_info --egg-base ../../build/asbir_serial build --build-base /home/aralab/ASBIR/ASBIR-ROS2/build/asbir_serial/build install --record /home/aralab/ASBIR/ASBIR-ROS2/build/asbir_serial/install.log --install-scripts $base/lib/asbir_serial --single-version-externally-managed
[2.515s] Level 1:colcon.colcon_core.environment:checking '/home/aralab/ASBIR/ASBIR-ROS2/install/asbir_serial/lib'
[2.515s] Level 1:colcon.colcon_core.environment:checking '/home/aralab/ASBIR/ASBIR-ROS2/install/asbir_serial/bin'
[2.515s] Level 1:colcon.colcon_core.environment:checking '/home/aralab/ASBIR/ASBIR-ROS2/install/asbir_serial/lib/pkgconfig/asbir_serial.pc'
[2.515s] Level 1:colcon.colcon_core.environment:checking '/home/aralab/ASBIR/ASBIR-ROS2/install/asbir_serial/lib/python3.8/site-packages'
[2.515s] Level 1:colcon.colcon_core.shell:create_environment_hook('asbir_serial', 'pythonpath')
[2.517s] INFO:colcon.colcon_core.shell:Creating environment hook '/home/aralab/ASBIR/ASBIR-ROS2/install/asbir_serial/share/asbir_serial/hook/pythonpath.ps1'
[2.518s] INFO:colcon.colcon_core.shell:Creating environment descriptor '/home/aralab/ASBIR/ASBIR-ROS2/install/asbir_serial/share/asbir_serial/hook/pythonpath.dsv'
[2.518s] INFO:colcon.colcon_core.shell:Creating environment hook '/home/aralab/ASBIR/ASBIR-ROS2/install/asbir_serial/share/asbir_serial/hook/pythonpath.sh'
[2.519s] Level 1:colcon.colcon_core.environment:checking '/home/aralab/ASBIR/ASBIR-ROS2/install/asbir_serial/bin'
[2.519s] Level 1:colcon.colcon_core.environment:create_environment_scripts_only(asbir_serial)
[2.520s] INFO:colcon.colcon_core.shell:Creating package script '/home/aralab/ASBIR/ASBIR-ROS2/install/asbir_serial/share/asbir_serial/package.ps1'
[2.520s] INFO:colcon.colcon_core.shell:Creating package descriptor '/home/aralab/ASBIR/ASBIR-ROS2/install/asbir_serial/share/asbir_serial/package.dsv'
[2.521s] INFO:colcon.colcon_core.shell:Creating package script '/home/aralab/ASBIR/ASBIR-ROS2/install/asbir_serial/share/asbir_serial/package.sh'
[2.521s] INFO:colcon.colcon_core.shell:Creating package script '/home/aralab/ASBIR/ASBIR-ROS2/install/asbir_serial/share/asbir_serial/package.bash'
[2.522s] INFO:colcon.colcon_core.shell:Creating package script '/home/aralab/ASBIR/ASBIR-ROS2/install/asbir_serial/share/asbir_serial/package.zsh'
[2.522s] Level 1:colcon.colcon_core.environment:create_file_with_runtime_dependencies(/home/aralab/ASBIR/ASBIR-ROS2/install/asbir_serial/share/colcon-core/packages/asbir_serial)
[2.543s] Level 1:colcon.colcon_core.environment:checking '/home/aralab/ASBIR/ASBIR-ROS2/install/asbir_rc' for CMake module files
[2.544s] DEBUG:colcon.colcon_core.event_handler.log_command:Invoked command in '/home/aralab/ASBIR/ASBIR-ROS2/src/asbir_rc' returned '0': PYTHONPATH=/home/aralab/ASBIR/ASBIR-ROS2/build/asbir_rc/prefix_override:/home/aralab/ASBIR/ASBIR-ROS2/install/asbir_rc/lib/python3.8/site-packages:${PYTHONPATH} /usr/bin/python3 setup.py egg_info --egg-base ../../build/asbir_rc build --build-base /home/aralab/ASBIR/ASBIR-ROS2/build/asbir_rc/build install --record /home/aralab/ASBIR/ASBIR-ROS2/build/asbir_rc/install.log --install-scripts $base/lib/asbir_rc --single-version-externally-managed
[2.544s] Level 1:colcon.colcon_core.environment:checking '/home/aralab/ASBIR/ASBIR-ROS2/install/asbir_rc' for CMake config files
[2.545s] Level 1:colcon.colcon_core.environment:checking '/home/aralab/ASBIR/ASBIR-ROS2/install/asbir_rc/lib'
[2.545s] Level 1:colcon.colcon_core.environment:checking '/home/aralab/ASBIR/ASBIR-ROS2/install/asbir_rc/bin'
[2.545s] Level 1:colcon.colcon_core.environment:checking '/home/aralab/ASBIR/ASBIR-ROS2/install/asbir_rc/lib/pkgconfig/asbir_rc.pc'
[2.545s] Level 1:colcon.colcon_core.environment:checking '/home/aralab/ASBIR/ASBIR-ROS2/install/asbir_rc/lib/python3.8/site-packages'
[2.545s] Level 1:colcon.colcon_core.shell:create_environment_hook('asbir_rc', 'pythonpath')
[2.547s] INFO:colcon.colcon_core.shell:Creating environment hook '/home/aralab/ASBIR/ASBIR-ROS2/install/asbir_rc/share/asbir_rc/hook/pythonpath.ps1'
[2.547s] INFO:colcon.colcon_core.shell:Creating environment descriptor '/home/aralab/ASBIR/ASBIR-ROS2/install/asbir_rc/share/asbir_rc/hook/pythonpath.dsv'
[2.547s] INFO:colcon.colcon_core.shell:Creating environment hook '/home/aralab/ASBIR/ASBIR-ROS2/install/asbir_rc/share/asbir_rc/hook/pythonpath.sh'
[2.548s] Level 1:colcon.colcon_core.environment:checking '/home/aralab/ASBIR/ASBIR-ROS2/install/asbir_rc/bin'
[2.548s] Level 1:colcon.colcon_core.environment:create_environment_scripts_only(asbir_rc)
[2.551s] INFO:colcon.colcon_core.shell:Creating package script '/home/aralab/ASBIR/ASBIR-ROS2/install/asbir_rc/share/asbir_rc/package.ps1'
[2.551s] INFO:colcon.colcon_core.shell:Creating package descriptor '/home/aralab/ASBIR/ASBIR-ROS2/install/asbir_rc/share/asbir_rc/package.dsv'
[2.552s] INFO:colcon.colcon_core.shell:Creating package script '/home/aralab/ASBIR/ASBIR-ROS2/install/asbir_rc/share/asbir_rc/package.sh'
[2.552s] INFO:colcon.colcon_core.shell:Creating package script '/home/aralab/ASBIR/ASBIR-ROS2/install/asbir_rc/share/asbir_rc/package.bash'
[2.552s] INFO:colcon.colcon_core.shell:Creating package script '/home/aralab/ASBIR/ASBIR-ROS2/install/asbir_rc/share/asbir_rc/package.zsh'
[2.552s] Level 1:colcon.colcon_core.environment:create_file_with_runtime_dependencies(/home/aralab/ASBIR/ASBIR-ROS2/install/asbir_rc/share/colcon-core/packages/asbir_rc)
[2.559s] Level 1:colcon.colcon_core.environment:checking '/home/aralab/ASBIR/ASBIR-ROS2/install/asbir_status' for CMake module files
[2.560s] DEBUG:colcon.colcon_core.event_handler.log_command:Invoked command in '/home/aralab/ASBIR/ASBIR-ROS2/src/asbir_status' returned '0': PYTHONPATH=/home/aralab/ASBIR/ASBIR-ROS2/build/asbir_status/prefix_override:/home/aralab/ASBIR/ASBIR-ROS2/install/asbir_status/lib/python3.8/site-packages:${PYTHONPATH} /usr/bin/python3 setup.py egg_info --egg-base ../../build/asbir_status build --build-base /home/aralab/ASBIR/ASBIR-ROS2/build/asbir_status/build install --record /home/aralab/ASBIR/ASBIR-ROS2/build/asbir_status/install.log --install-scripts $base/lib/asbir_status --single-version-externally-managed
[2.560s] Level 1:colcon.colcon_core.environment:checking '/home/aralab/ASBIR/ASBIR-ROS2/install/asbir_status' for CMake config files
[2.560s] Level 1:colcon.colcon_core.environment:checking '/home/aralab/ASBIR/ASBIR-ROS2/install/asbir_status/lib'
[2.561s] Level 1:colcon.colcon_core.environment:checking '/home/aralab/ASBIR/ASBIR-ROS2/install/asbir_status/bin'
[2.561s] Level 1:colcon.colcon_core.environment:checking '/home/aralab/ASBIR/ASBIR-ROS2/install/asbir_status/lib/pkgconfig/asbir_status.pc'
[2.561s] Level 1:colcon.colcon_core.environment:checking '/home/aralab/ASBIR/ASBIR-ROS2/install/asbir_status/lib/python3.8/site-packages'
[2.561s] Level 1:colcon.colcon_core.shell:create_environment_hook('asbir_status', 'pythonpath')
[2.562s] INFO:colcon.colcon_core.shell:Creating environment hook '/home/aralab/ASBIR/ASBIR-ROS2/install/asbir_status/share/asbir_status/hook/pythonpath.ps1'
[2.563s] INFO:colcon.colcon_core.shell:Creating environment descriptor '/home/aralab/ASBIR/ASBIR-ROS2/install/asbir_status/share/asbir_status/hook/pythonpath.dsv'
[2.563s] INFO:colcon.colcon_core.shell:Creating environment hook '/home/aralab/ASBIR/ASBIR-ROS2/install/asbir_status/share/asbir_status/hook/pythonpath.sh'
[2.564s] Level 1:colcon.colcon_core.environment:checking '/home/aralab/ASBIR/ASBIR-ROS2/install/asbir_status/bin'
[2.564s] Level 1:colcon.colcon_core.environment:create_environment_scripts_only(asbir_status)
[2.565s] INFO:colcon.colcon_core.shell:Creating package script '/home/aralab/ASBIR/ASBIR-ROS2/install/asbir_status/share/asbir_status/package.ps1'
[2.566s] INFO:colcon.colcon_core.shell:Creating package descriptor '/home/aralab/ASBIR/ASBIR-ROS2/install/asbir_status/share/asbir_status/package.dsv'
[2.566s] INFO:colcon.colcon_core.shell:Creating package script '/home/aralab/ASBIR/ASBIR-ROS2/install/asbir_status/share/asbir_status/package.sh'
[2.566s] INFO:colcon.colcon_core.shell:Creating package script '/home/aralab/ASBIR/ASBIR-ROS2/install/asbir_status/share/asbir_status/package.bash'
[2.567s] INFO:colcon.colcon_core.shell:Creating package script '/home/aralab/ASBIR/ASBIR-ROS2/install/asbir_status/share/asbir_status/package.zsh'
[2.567s] Level 1:colcon.colcon_core.environment:create_file_with_runtime_dependencies(/home/aralab/ASBIR/ASBIR-ROS2/install/asbir_status/share/colcon-core/packages/asbir_status)
[2.598s] Level 1:colcon.colcon_core.environment:checking '/home/aralab/ASBIR/ASBIR-ROS2/install/asbir_xavier_gpio' for CMake module files
[2.599s] DEBUG:colcon.colcon_core.event_handler.log_command:Invoked command in '/home/aralab/ASBIR/ASBIR-ROS2/src/asbir_xavier_gpio' returned '0': PYTHONPATH=/home/aralab/ASBIR/ASBIR-ROS2/build/asbir_xavier_gpio/prefix_override:/home/aralab/ASBIR/ASBIR-ROS2/install/asbir_xavier_gpio/lib/python3.8/site-packages:${PYTHONPATH} /usr/bin/python3 setup.py egg_info --egg-base ../../build/asbir_xavier_gpio build --build-base /home/aralab/ASBIR/ASBIR-ROS2/build/asbir_xavier_gpio/build install --record /home/aralab/ASBIR/ASBIR-ROS2/build/asbir_xavier_gpio/install.log --install-scripts $base/lib/asbir_xavier_gpio --single-version-externally-managed
[2.599s] Level 1:colcon.colcon_core.environment:checking '/home/aralab/ASBIR/ASBIR-ROS2/install/asbir_xavier_gpio' for CMake config files
[2.599s] Level 1:colcon.colcon_core.environment:checking '/home/aralab/ASBIR/ASBIR-ROS2/install/asbir_xavier_gpio/lib'
[2.599s] Level 1:colcon.colcon_core.environment:checking '/home/aralab/ASBIR/ASBIR-ROS2/install/asbir_xavier_gpio/bin'
[2.599s] Level 1:colcon.colcon_core.environment:checking '/home/aralab/ASBIR/ASBIR-ROS2/install/asbir_xavier_gpio/lib/pkgconfig/asbir_xavier_gpio.pc'
[2.600s] Level 1:colcon.colcon_core.environment:checking '/home/aralab/ASBIR/ASBIR-ROS2/install/asbir_xavier_gpio/lib/python3.8/site-packages'
[2.600s] Level 1:colcon.colcon_core.shell:create_environment_hook('asbir_xavier_gpio', 'pythonpath')
[2.601s] INFO:colcon.colcon_core.shell:Creating environment hook '/home/aralab/ASBIR/ASBIR-ROS2/install/asbir_xavier_gpio/share/asbir_xavier_gpio/hook/pythonpath.ps1'
[2.601s] INFO:colcon.colcon_core.shell:Creating environment descriptor '/home/aralab/ASBIR/ASBIR-ROS2/install/asbir_xavier_gpio/share/asbir_xavier_gpio/hook/pythonpath.dsv'
[2.601s] INFO:colcon.colcon_core.shell:Creating environment hook '/home/aralab/ASBIR/ASBIR-ROS2/install/asbir_xavier_gpio/share/asbir_xavier_gpio/hook/pythonpath.sh'
[2.602s] Level 1:colcon.colcon_core.environment:checking '/home/aralab/ASBIR/ASBIR-ROS2/install/asbir_xavier_gpio/bin'
[2.602s] Level 1:colcon.colcon_core.environment:create_environment_scripts_only(asbir_xavier_gpio)
[2.603s] INFO:colcon.colcon_core.shell:Creating package script '/home/aralab/ASBIR/ASBIR-ROS2/install/asbir_xavier_gpio/share/asbir_xavier_gpio/package.ps1'
[2.603s] INFO:colcon.colcon_core.shell:Creating package descriptor '/home/aralab/ASBIR/ASBIR-ROS2/install/asbir_xavier_gpio/share/asbir_xavier_gpio/package.dsv'
[2.603s] INFO:colcon.colcon_core.shell:Creating package script '/home/aralab/ASBIR/ASBIR-ROS2/install/asbir_xavier_gpio/share/asbir_xavier_gpio/package.sh'
[2.604s] INFO:colcon.colcon_core.shell:Creating package script '/home/aralab/ASBIR/ASBIR-ROS2/install/asbir_xavier_gpio/share/asbir_xavier_gpio/package.bash'
[2.604s] INFO:colcon.colcon_core.shell:Creating package script '/home/aralab/ASBIR/ASBIR-ROS2/install/asbir_xavier_gpio/share/asbir_xavier_gpio/package.zsh'
[2.604s] Level 1:colcon.colcon_core.environment:create_file_with_runtime_dependencies(/home/aralab/ASBIR/ASBIR-ROS2/install/asbir_xavier_gpio/share/colcon-core/packages/asbir_xavier_gpio)
[2.689s] Level 1:colcon.colcon_core.environment:checking '/home/aralab/ASBIR/ASBIR-ROS2/install/asbir_image' for CMake module files
[2.689s] DEBUG:colcon.colcon_core.event_handler.log_command:Invoked command in '/home/aralab/ASBIR/ASBIR-ROS2/src/asbir_image' returned '0': PYTHONPATH=/home/aralab/ASBIR/ASBIR-ROS2/build/asbir_image/prefix_override:/home/aralab/ASBIR/ASBIR-ROS2/install/asbir_image/lib/python3.8/site-packages:${PYTHONPATH} /usr/bin/python3 setup.py egg_info --egg-base ../../build/asbir_image build --build-base /home/aralab/ASBIR/ASBIR-ROS2/build/asbir_image/build install --record /home/aralab/ASBIR/ASBIR-ROS2/build/asbir_image/install.log --install-scripts $base/lib/asbir_image --single-version-externally-managed
[2.689s] Level 1:colcon.colcon_core.environment:checking '/home/aralab/ASBIR/ASBIR-ROS2/install/asbir_image' for CMake config files
[2.690s] Level 1:colcon.colcon_core.environment:checking '/home/aralab/ASBIR/ASBIR-ROS2/install/asbir_image/lib'
[2.690s] Level 1:colcon.colcon_core.environment:checking '/home/aralab/ASBIR/ASBIR-ROS2/install/asbir_image/bin'
[2.690s] Level 1:colcon.colcon_core.environment:checking '/home/aralab/ASBIR/ASBIR-ROS2/install/asbir_image/lib/pkgconfig/asbir_image.pc'
[2.690s] Level 1:colcon.colcon_core.environment:checking '/home/aralab/ASBIR/ASBIR-ROS2/install/asbir_image/lib/python3.8/site-packages'
[2.690s] Level 1:colcon.colcon_core.shell:create_environment_hook('asbir_image', 'pythonpath')
[2.691s] INFO:colcon.colcon_core.shell:Creating environment hook '/home/aralab/ASBIR/ASBIR-ROS2/install/asbir_image/share/asbir_image/hook/pythonpath.ps1'
[2.691s] INFO:colcon.colcon_core.shell:Creating environment descriptor '/home/aralab/ASBIR/ASBIR-ROS2/install/asbir_image/share/asbir_image/hook/pythonpath.dsv'
[2.692s] INFO:colcon.colcon_core.shell:Creating environment hook '/home/aralab/ASBIR/ASBIR-ROS2/install/asbir_image/share/asbir_image/hook/pythonpath.sh'
[2.692s] Level 1:colcon.colcon_core.environment:checking '/home/aralab/ASBIR/ASBIR-ROS2/install/asbir_image/bin'
[2.692s] Level 1:colcon.colcon_core.environment:create_environment_scripts_only(asbir_image)
[2.693s] INFO:colcon.colcon_core.shell:Creating package script '/home/aralab/ASBIR/ASBIR-ROS2/install/asbir_image/share/asbir_image/package.ps1'
[2.694s] INFO:colcon.colcon_core.shell:Creating package descriptor '/home/aralab/ASBIR/ASBIR-ROS2/install/asbir_image/share/asbir_image/package.dsv'
[2.694s] INFO:colcon.colcon_core.shell:Creating package script '/home/aralab/ASBIR/ASBIR-ROS2/install/asbir_image/share/asbir_image/package.sh'
[2.695s] INFO:colcon.colcon_core.shell:Creating package script '/home/aralab/ASBIR/ASBIR-ROS2/install/asbir_image/share/asbir_image/package.bash'
[2.695s] INFO:colcon.colcon_core.shell:Creating package script '/home/aralab/ASBIR/ASBIR-ROS2/install/asbir_image/share/asbir_image/package.zsh'
[2.695s] Level 1:colcon.colcon_core.environment:create_file_with_runtime_dependencies(/home/aralab/ASBIR/ASBIR-ROS2/install/asbir_image/share/colcon-core/packages/asbir_image)
[2.696s] DEBUG:colcon.colcon_parallel_executor.executor.parallel:closing loop
[2.696s] DEBUG:colcon.colcon_parallel_executor.executor.parallel:loop closed
[2.696s] DEBUG:colcon.colcon_parallel_executor.executor.parallel:run_until_complete finished with '0'
[2.696s] DEBUG:colcon.colcon_core.event_reactor:joining thread
[2.702s] INFO:colcon.colcon_core.plugin_system:Skipping extension 'colcon_notification.desktop_notification.terminal_notifier': Not used on non-Darwin systems
[2.702s] INFO:colcon.colcon_core.plugin_system:Skipping extension 'colcon_notification.desktop_notification.win32': Not used on non-Windows systems
[2.702s] INFO:colcon.colcon_notification.desktop_notification:Sending desktop notification using 'notify2'
[2.713s] DEBUG:colcon.colcon_core.event_reactor:joined thread
[2.716s] INFO:colcon.colcon_core.shell:Creating prefix script '/home/aralab/ASBIR/ASBIR-ROS2/install/local_setup.ps1'
[2.717s] INFO:colcon.colcon_core.shell:Creating prefix util module '/home/aralab/ASBIR/ASBIR-ROS2/install/_local_setup_util_ps1.py'
[2.718s] INFO:colcon.colcon_core.shell:Creating prefix chain script '/home/aralab/ASBIR/ASBIR-ROS2/install/setup.ps1'
[2.720s] INFO:colcon.colcon_core.shell:Creating prefix script '/home/aralab/ASBIR/ASBIR-ROS2/install/local_setup.sh'
[2.721s] INFO:colcon.colcon_core.shell:Creating prefix util module '/home/aralab/ASBIR/ASBIR-ROS2/install/_local_setup_util_sh.py'
[2.722s] INFO:colcon.colcon_core.shell:Creating prefix chain script '/home/aralab/ASBIR/ASBIR-ROS2/install/setup.sh'
[2.724s] INFO:colcon.colcon_core.shell:Creating prefix script '/home/aralab/ASBIR/ASBIR-ROS2/install/local_setup.bash'
[2.724s] INFO:colcon.colcon_core.shell:Creating prefix chain script '/home/aralab/ASBIR/ASBIR-ROS2/install/setup.bash'
[2.726s] INFO:colcon.colcon_core.shell:Creating prefix script '/home/aralab/ASBIR/ASBIR-ROS2/install/local_setup.zsh'
[2.726s] INFO:colcon.colcon_core.shell:Creating prefix chain script '/home/aralab/ASBIR/ASBIR-ROS2/install/setup.zsh'
