[1.844s] Invoking command in '/home/aralab/ASBIR/ASBIR-ROS2/src/asbir_status': PYTHONPATH=/home/aralab/ASBIR/ASBIR-ROS2/build/asbir_status/prefix_override:/home/aralab/ASBIR/ASBIR-ROS2/install/asbir_status/lib/python3.8/site-packages:${PYTHONPATH} /usr/bin/python3 setup.py egg_info --egg-base ../../build/asbir_status build --build-base /home/aralab/ASBIR/ASBIR-ROS2/build/asbir_status/build install --record /home/aralab/ASBIR/ASBIR-ROS2/build/asbir_status/install.log --install-scripts $base/lib/asbir_status --single-version-externally-managed
[2.055s] running egg_info
[2.056s] writing ../../build/asbir_status/asbir_status.egg-info/PKG-INFO
[2.056s] writing dependency_links to ../../build/asbir_status/asbir_status.egg-info/dependency_links.txt
[2.056s] writing entry points to ../../build/asbir_status/asbir_status.egg-info/entry_points.txt
[2.056s] writing requirements to ../../build/asbir_status/asbir_status.egg-info/requires.txt
[2.056s] writing top-level names to ../../build/asbir_status/asbir_status.egg-info/top_level.txt
[2.097s] reading manifest file '../../build/asbir_status/asbir_status.egg-info/SOURCES.txt'
[2.098s] writing manifest file '../../build/asbir_status/asbir_status.egg-info/SOURCES.txt'
[2.098s] running build
[2.099s] running build_py
[2.099s] running install
[2.100s] running install_lib
[2.101s] running install_data
[2.101s] running install_egg_info
[2.103s] removing '/home/aralab/ASBIR/ASBIR-ROS2/install/asbir_status/lib/python3.8/site-packages/asbir_status-0.0.0-py3.8.egg-info' (and everything under it)
[2.104s] Copying ../../build/asbir_status/asbir_status.egg-info to /home/aralab/ASBIR/ASBIR-ROS2/install/asbir_status/lib/python3.8/site-packages/asbir_status-0.0.0-py3.8.egg-info
[2.104s] running install_scripts
[2.126s] Installing nodeController script to /home/aralab/ASBIR/ASBIR-ROS2/install/asbir_status/lib/asbir_status
[2.127s] Installing statusListener script to /home/aralab/ASBIR/ASBIR-ROS2/install/asbir_status/lib/asbir_status
[2.127s] writing list of installed files to '/home/aralab/ASBIR/ASBIR-ROS2/build/asbir_status/install.log'
[2.160s] Invoked command in '/home/aralab/ASBIR/ASBIR-ROS2/src/asbir_status' returned '0': PYTHONPATH=/home/aralab/ASBIR/ASBIR-ROS2/build/asbir_status/prefix_override:/home/aralab/ASBIR/ASBIR-ROS2/install/asbir_status/lib/python3.8/site-packages:${PYTHONPATH} /usr/bin/python3 setup.py egg_info --egg-base ../../build/asbir_status build --build-base /home/aralab/ASBIR/ASBIR-ROS2/build/asbir_status/build install --record /home/aralab/ASBIR/ASBIR-ROS2/build/asbir_status/install.log --install-scripts $base/lib/asbir_status --single-version-externally-managed
