[2.029s] Invoking command in '/home/aralab/ASBIR/ASBIR-ROS2/src/asbir_serial': PYTHONPATH=/home/aralab/ASBIR/ASBIR-ROS2/build/asbir_serial/prefix_override:/home/aralab/ASBIR/ASBIR-ROS2/install/asbir_serial/lib/python3.8/site-packages:${PYTHONPATH} /usr/bin/python3 setup.py egg_info --egg-base ../../build/asbir_serial build --build-base /home/aralab/ASBIR/ASBIR-ROS2/build/asbir_serial/build install --record /home/aralab/ASBIR/ASBIR-ROS2/build/asbir_serial/install.log --install-scripts $base/lib/asbir_serial --single-version-externally-managed
[2.335s] running egg_info
[2.335s] writing ../../build/asbir_serial/asbir_serial.egg-info/PKG-INFO
[2.335s] writing dependency_links to ../../build/asbir_serial/asbir_serial.egg-info/dependency_links.txt
[2.336s] writing entry points to ../../build/asbir_serial/asbir_serial.egg-info/entry_points.txt
[2.336s] writing requirements to ../../build/asbir_serial/asbir_serial.egg-info/requires.txt
[2.336s] writing top-level names to ../../build/asbir_serial/asbir_serial.egg-info/top_level.txt
[2.391s] reading manifest file '../../build/asbir_serial/asbir_serial.egg-info/SOURCES.txt'
[2.394s] writing manifest file '../../build/asbir_serial/asbir_serial.egg-info/SOURCES.txt'
[2.395s] running build
[2.396s] running build_py
[2.396s] running install
[2.396s] running install_lib
[2.396s] running install_data
[2.396s] running install_egg_info
[2.399s] removing '/home/aralab/ASBIR/ASBIR-ROS2/install/asbir_serial/lib/python3.8/site-packages/asbir_serial-0.0.0-py3.8.egg-info' (and everything under it)
[2.399s] Copying ../../build/asbir_serial/asbir_serial.egg-info to /home/aralab/ASBIR/ASBIR-ROS2/install/asbir_serial/lib/python3.8/site-packages/asbir_serial-0.0.0-py3.8.egg-info
[2.401s] running install_scripts
[2.422s] Installing serialComm script to /home/aralab/ASBIR/ASBIR-ROS2/install/asbir_serial/lib/asbir_serial
[2.422s] writing list of installed files to '/home/aralab/ASBIR/ASBIR-ROS2/build/asbir_serial/install.log'
[2.451s] Invoked command in '/home/aralab/ASBIR/ASBIR-ROS2/src/asbir_serial' returned '0': PYTHONPATH=/home/aralab/ASBIR/ASBIR-ROS2/build/asbir_serial/prefix_override:/home/aralab/ASBIR/ASBIR-ROS2/install/asbir_serial/lib/python3.8/site-packages:${PYTHONPATH} /usr/bin/python3 setup.py egg_info --egg-base ../../build/asbir_serial build --build-base /home/aralab/ASBIR/ASBIR-ROS2/build/asbir_serial/build install --record /home/aralab/ASBIR/ASBIR-ROS2/build/asbir_serial/install.log --install-scripts $base/lib/asbir_serial --single-version-externally-managed
