[0.268s] DEBUG:colcon:Command line arguments: ['/usr/bin/colcon', 'build']
[0.268s] DEBUG:colcon:Parsed command line arguments: Namespace(allow_overriding=[], ament_cmake_args=None, base_paths=['.'], build_base='build', catkin_cmake_args=None, catkin_skip_building_tests=False, cmake_args=None, cmake_clean_cache=False, cmake_clean_first=False, cmake_force_configure=False, cmake_target=None, cmake_target_skip_unavailable=False, continue_on_error=False, event_handlers=None, executor='parallel', ignore_user_meta=False, install_base='install', log_base=None, log_level=None, main=<bound method BuildVerb.main of <colcon_core.verb.build.BuildVerb object at 0x7fee2f5496d0>>, merge_install=False, metas=['./colcon.meta'], packages_above=None, packages_above_and_dependencies=None, packages_above_depth=None, packages_end=None, packages_ignore=None, packages_ignore_regex=None, packages_select=None, packages_select_build_failed=False, packages_select_by_dep=None, packages_select_regex=None, packages_select_test_failures=False, packages_skip=None, packages_skip_build_finished=False, packages_skip_by_dep=None, packages_skip_regex=None, packages_skip_test_passed=False, packages_skip_up_to=None, packages_start=None, packages_up_to=None, packages_up_to_regex=None, parallel_workers=12, paths=None, symlink_install=False, test_result_base=None, verb_extension=<colcon_core.verb.build.BuildVerb object at 0x7fee2f5496d0>, verb_name='build', verb_parser=<colcon_defaults.argument_parser.defaults.DefaultArgumentsDecorator object at 0x7fee2f549c10>)
[0.293s] Level 1:colcon.colcon_core.package_discovery:discover_packages(colcon_meta) check parameters
[0.293s] Level 1:colcon.colcon_core.package_discovery:discover_packages(recursive) check parameters
[0.293s] Level 1:colcon.colcon_core.package_discovery:discover_packages(ignore) check parameters
[0.293s] Level 1:colcon.colcon_core.package_discovery:discover_packages(path) check parameters
[0.293s] Level 1:colcon.colcon_core.package_discovery:discover_packages(colcon_meta) discover
[0.293s] Level 1:colcon.colcon_core.package_discovery:discover_packages(recursive) discover
[0.293s] INFO:colcon.colcon_core.package_discovery:Crawling recursively for packages in '/home/aralab/ASBIR/ASBIR-ROS2'
[0.293s] Level 1:colcon.colcon_core.package_identification:_identify(.) by extensions ['ignore', 'ignore_ament_install']
[0.293s] Level 1:colcon.colcon_core.package_identification:_identify(.) by extension 'ignore'
[0.293s] Level 1:colcon.colcon_core.package_identification:_identify(.) by extension 'ignore_ament_install'
[0.293s] Level 1:colcon.colcon_core.package_identification:_identify(.) by extensions ['colcon_pkg']
[0.293s] Level 1:colcon.colcon_core.package_identification:_identify(.) by extension 'colcon_pkg'
[0.293s] Level 1:colcon.colcon_core.package_identification:_identify(.) by extensions ['colcon_meta']
[0.293s] Level 1:colcon.colcon_core.package_identification:_identify(.) by extension 'colcon_meta'
[0.293s] Level 1:colcon.colcon_core.package_identification:_identify(.) by extensions ['ros']
[0.293s] Level 1:colcon.colcon_core.package_identification:_identify(.) by extension 'ros'
[0.308s] Level 1:colcon.colcon_core.package_identification:_identify(.) by extensions ['cmake', 'python']
[0.308s] Level 1:colcon.colcon_core.package_identification:_identify(.) by extension 'cmake'
[0.308s] Level 1:colcon.colcon_core.package_identification:_identify(.) by extension 'python'
[0.308s] Level 1:colcon.colcon_core.package_identification:_identify(.) by extensions ['python_setup_py']
[0.308s] Level 1:colcon.colcon_core.package_identification:_identify(.) by extension 'python_setup_py'
[0.308s] Level 1:colcon.colcon_core.package_identification:_identify(build) by extensions ['ignore', 'ignore_ament_install']
[0.308s] Level 1:colcon.colcon_core.package_identification:_identify(build) by extension 'ignore'
[0.308s] Level 1:colcon.colcon_core.package_identification:_identify(build) ignored
[0.308s] Level 1:colcon.colcon_core.package_identification:_identify(install) by extensions ['ignore', 'ignore_ament_install']
[0.309s] Level 1:colcon.colcon_core.package_identification:_identify(install) by extension 'ignore'
[0.309s] Level 1:colcon.colcon_core.package_identification:_identify(install) ignored
[0.309s] Level 1:colcon.colcon_core.package_identification:_identify(log) by extensions ['ignore', 'ignore_ament_install']
[0.309s] Level 1:colcon.colcon_core.package_identification:_identify(log) by extension 'ignore'
[0.309s] Level 1:colcon.colcon_core.package_identification:_identify(log) ignored
[0.309s] Level 1:colcon.colcon_core.package_identification:_identify(src) by extensions ['ignore', 'ignore_ament_install']
[0.309s] Level 1:colcon.colcon_core.package_identification:_identify(src) by extension 'ignore'
[0.309s] Level 1:colcon.colcon_core.package_identification:_identify(src) by extension 'ignore_ament_install'
[0.309s] Level 1:colcon.colcon_core.package_identification:_identify(src) by extensions ['colcon_pkg']
[0.309s] Level 1:colcon.colcon_core.package_identification:_identify(src) by extension 'colcon_pkg'
[0.309s] Level 1:colcon.colcon_core.package_identification:_identify(src) by extensions ['colcon_meta']
[0.309s] Level 1:colcon.colcon_core.package_identification:_identify(src) by extension 'colcon_meta'
[0.309s] Level 1:colcon.colcon_core.package_identification:_identify(src) by extensions ['ros']
[0.309s] Level 1:colcon.colcon_core.package_identification:_identify(src) by extension 'ros'
[0.309s] Level 1:colcon.colcon_core.package_identification:_identify(src) by extensions ['cmake', 'python']
[0.309s] Level 1:colcon.colcon_core.package_identification:_identify(src) by extension 'cmake'
[0.309s] Level 1:colcon.colcon_core.package_identification:_identify(src) by extension 'python'
[0.309s] Level 1:colcon.colcon_core.package_identification:_identify(src) by extensions ['python_setup_py']
[0.309s] Level 1:colcon.colcon_core.package_identification:_identify(src) by extension 'python_setup_py'
[0.309s] Level 1:colcon.colcon_core.package_identification:_identify(src/asbir_image) by extensions ['ignore', 'ignore_ament_install']
[0.310s] Level 1:colcon.colcon_core.package_identification:_identify(src/asbir_image) by extension 'ignore'
[0.310s] Level 1:colcon.colcon_core.package_identification:_identify(src/asbir_image) by extension 'ignore_ament_install'
[0.310s] Level 1:colcon.colcon_core.package_identification:_identify(src/asbir_image) by extensions ['colcon_pkg']
[0.310s] Level 1:colcon.colcon_core.package_identification:_identify(src/asbir_image) by extension 'colcon_pkg'
[0.310s] Level 1:colcon.colcon_core.package_identification:_identify(src/asbir_image) by extensions ['colcon_meta']
[0.310s] Level 1:colcon.colcon_core.package_identification:_identify(src/asbir_image) by extension 'colcon_meta'
[0.310s] Level 1:colcon.colcon_core.package_identification:_identify(src/asbir_image) by extensions ['ros']
[0.310s] Level 1:colcon.colcon_core.package_identification:_identify(src/asbir_image) by extension 'ros'
[0.312s] DEBUG:colcon.colcon_core.package_identification:Package 'src/asbir_image' with type 'ros.ament_python' and name 'asbir_image'
[0.312s] Level 1:colcon.colcon_core.package_identification:_identify(src/asbir_navigation) by extensions ['ignore', 'ignore_ament_install']
[0.312s] Level 1:colcon.colcon_core.package_identification:_identify(src/asbir_navigation) by extension 'ignore'
[0.312s] Level 1:colcon.colcon_core.package_identification:_identify(src/asbir_navigation) by extension 'ignore_ament_install'
[0.312s] Level 1:colcon.colcon_core.package_identification:_identify(src/asbir_navigation) by extensions ['colcon_pkg']
[0.312s] Level 1:colcon.colcon_core.package_identification:_identify(src/asbir_navigation) by extension 'colcon_pkg'
[0.312s] Level 1:colcon.colcon_core.package_identification:_identify(src/asbir_navigation) by extensions ['colcon_meta']
[0.312s] Level 1:colcon.colcon_core.package_identification:_identify(src/asbir_navigation) by extension 'colcon_meta'
[0.312s] Level 1:colcon.colcon_core.package_identification:_identify(src/asbir_navigation) by extensions ['ros']
[0.312s] Level 1:colcon.colcon_core.package_identification:_identify(src/asbir_navigation) by extension 'ros'
[0.312s] DEBUG:colcon.colcon_core.package_identification:Package 'src/asbir_navigation' with type 'ros.ament_python' and name 'asbir_navigation'
[0.313s] Level 1:colcon.colcon_core.package_identification:_identify(src/asbir_panda) by extensions ['ignore', 'ignore_ament_install']
[0.313s] Level 1:colcon.colcon_core.package_identification:_identify(src/asbir_panda) by extension 'ignore'
[0.313s] Level 1:colcon.colcon_core.package_identification:_identify(src/asbir_panda) by extension 'ignore_ament_install'
[0.313s] Level 1:colcon.colcon_core.package_identification:_identify(src/asbir_panda) by extensions ['colcon_pkg']
[0.313s] Level 1:colcon.colcon_core.package_identification:_identify(src/asbir_panda) by extension 'colcon_pkg'
[0.313s] Level 1:colcon.colcon_core.package_identification:_identify(src/asbir_panda) by extensions ['colcon_meta']
[0.313s] Level 1:colcon.colcon_core.package_identification:_identify(src/asbir_panda) by extension 'colcon_meta'
[0.313s] Level 1:colcon.colcon_core.package_identification:_identify(src/asbir_panda) by extensions ['ros']
[0.313s] Level 1:colcon.colcon_core.package_identification:_identify(src/asbir_panda) by extension 'ros'
[0.313s] DEBUG:colcon.colcon_core.package_identification:Package 'src/asbir_panda' with type 'ros.ament_python' and name 'asbir_panda'
[0.313s] Level 1:colcon.colcon_core.package_identification:_identify(src/asbir_rc) by extensions ['ignore', 'ignore_ament_install']
[0.313s] Level 1:colcon.colcon_core.package_identification:_identify(src/asbir_rc) by extension 'ignore'
[0.313s] Level 1:colcon.colcon_core.package_identification:_identify(src/asbir_rc) by extension 'ignore_ament_install'
[0.314s] Level 1:colcon.colcon_core.package_identification:_identify(src/asbir_rc) by extensions ['colcon_pkg']
[0.314s] Level 1:colcon.colcon_core.package_identification:_identify(src/asbir_rc) by extension 'colcon_pkg'
[0.314s] Level 1:colcon.colcon_core.package_identification:_identify(src/asbir_rc) by extensions ['colcon_meta']
[0.314s] Level 1:colcon.colcon_core.package_identification:_identify(src/asbir_rc) by extension 'colcon_meta'
[0.314s] Level 1:colcon.colcon_core.package_identification:_identify(src/asbir_rc) by extensions ['ros']
[0.314s] Level 1:colcon.colcon_core.package_identification:_identify(src/asbir_rc) by extension 'ros'
[0.314s] DEBUG:colcon.colcon_core.package_identification:Package 'src/asbir_rc' with type 'ros.ament_python' and name 'asbir_rc'
[0.314s] Level 1:colcon.colcon_core.package_identification:_identify(src/asbir_serial) by extensions ['ignore', 'ignore_ament_install']
[0.314s] Level 1:colcon.colcon_core.package_identification:_identify(src/asbir_serial) by extension 'ignore'
[0.314s] Level 1:colcon.colcon_core.package_identification:_identify(src/asbir_serial) by extension 'ignore_ament_install'
[0.314s] Level 1:colcon.colcon_core.package_identification:_identify(src/asbir_serial) by extensions ['colcon_pkg']
[0.314s] Level 1:colcon.colcon_core.package_identification:_identify(src/asbir_serial) by extension 'colcon_pkg'
[0.314s] Level 1:colcon.colcon_core.package_identification:_identify(src/asbir_serial) by extensions ['colcon_meta']
[0.314s] Level 1:colcon.colcon_core.package_identification:_identify(src/asbir_serial) by extension 'colcon_meta'
[0.314s] Level 1:colcon.colcon_core.package_identification:_identify(src/asbir_serial) by extensions ['ros']
[0.314s] Level 1:colcon.colcon_core.package_identification:_identify(src/asbir_serial) by extension 'ros'
[0.315s] DEBUG:colcon.colcon_core.package_identification:Package 'src/asbir_serial' with type 'ros.ament_python' and name 'asbir_serial'
[0.315s] Level 1:colcon.colcon_core.package_identification:_identify(src/asbir_status) by extensions ['ignore', 'ignore_ament_install']
[0.315s] Level 1:colcon.colcon_core.package_identification:_identify(src/asbir_status) by extension 'ignore'
[0.315s] Level 1:colcon.colcon_core.package_identification:_identify(src/asbir_status) by extension 'ignore_ament_install'
[0.315s] Level 1:colcon.colcon_core.package_identification:_identify(src/asbir_status) by extensions ['colcon_pkg']
[0.315s] Level 1:colcon.colcon_core.package_identification:_identify(src/asbir_status) by extension 'colcon_pkg'
[0.315s] Level 1:colcon.colcon_core.package_identification:_identify(src/asbir_status) by extensions ['colcon_meta']
[0.315s] Level 1:colcon.colcon_core.package_identification:_identify(src/asbir_status) by extension 'colcon_meta'
[0.315s] Level 1:colcon.colcon_core.package_identification:_identify(src/asbir_status) by extensions ['ros']
[0.315s] Level 1:colcon.colcon_core.package_identification:_identify(src/asbir_status) by extension 'ros'
[0.316s] DEBUG:colcon.colcon_core.package_identification:Package 'src/asbir_status' with type 'ros.ament_python' and name 'asbir_status'
[0.316s] Level 1:colcon.colcon_core.package_identification:_identify(src/asbir_xavier_gpio) by extensions ['ignore', 'ignore_ament_install']
[0.316s] Level 1:colcon.colcon_core.package_identification:_identify(src/asbir_xavier_gpio) by extension 'ignore'
[0.316s] Level 1:colcon.colcon_core.package_identification:_identify(src/asbir_xavier_gpio) by extension 'ignore_ament_install'
[0.316s] Level 1:colcon.colcon_core.package_identification:_identify(src/asbir_xavier_gpio) by extensions ['colcon_pkg']
[0.316s] Level 1:colcon.colcon_core.package_identification:_identify(src/asbir_xavier_gpio) by extension 'colcon_pkg'
[0.316s] Level 1:colcon.colcon_core.package_identification:_identify(src/asbir_xavier_gpio) by extensions ['colcon_meta']
[0.316s] Level 1:colcon.colcon_core.package_identification:_identify(src/asbir_xavier_gpio) by extension 'colcon_meta'
[0.316s] Level 1:colcon.colcon_core.package_identification:_identify(src/asbir_xavier_gpio) by extensions ['ros']
[0.316s] Level 1:colcon.colcon_core.package_identification:_identify(src/asbir_xavier_gpio) by extension 'ros'
[0.316s] DEBUG:colcon.colcon_core.package_identification:Package 'src/asbir_xavier_gpio' with type 'ros.ament_python' and name 'asbir_xavier_gpio'
[0.317s] Level 1:colcon.colcon_core.package_identification:_identify(src/objects) by extensions ['ignore', 'ignore_ament_install']
[0.317s] Level 1:colcon.colcon_core.package_identification:_identify(src/objects) by extension 'ignore'
[0.317s] Level 1:colcon.colcon_core.package_identification:_identify(src/objects) by extension 'ignore_ament_install'
[0.317s] Level 1:colcon.colcon_core.package_identification:_identify(src/objects) by extensions ['colcon_pkg']
[0.317s] Level 1:colcon.colcon_core.package_identification:_identify(src/objects) by extension 'colcon_pkg'
[0.317s] Level 1:colcon.colcon_core.package_identification:_identify(src/objects) by extensions ['colcon_meta']
[0.317s] Level 1:colcon.colcon_core.package_identification:_identify(src/objects) by extension 'colcon_meta'
[0.317s] Level 1:colcon.colcon_core.package_identification:_identify(src/objects) by extensions ['ros']
[0.317s] Level 1:colcon.colcon_core.package_identification:_identify(src/objects) by extension 'ros'
[0.317s] Level 1:colcon.colcon_core.package_identification:_identify(src/objects) by extensions ['cmake', 'python']
[0.317s] Level 1:colcon.colcon_core.package_identification:_identify(src/objects) by extension 'cmake'
[0.317s] Level 1:colcon.colcon_core.package_identification:_identify(src/objects) by extension 'python'
[0.317s] Level 1:colcon.colcon_core.package_identification:_identify(src/objects) by extensions ['python_setup_py']
[0.317s] Level 1:colcon.colcon_core.package_identification:_identify(src/objects) by extension 'python_setup_py'
[0.317s] Level 1:colcon.colcon_core.package_discovery:discover_packages(recursive) using defaults
[0.317s] Level 1:colcon.colcon_core.package_discovery:discover_packages(ignore) discover
[0.317s] Level 1:colcon.colcon_core.package_discovery:discover_packages(ignore) using defaults
[0.317s] Level 1:colcon.colcon_core.package_discovery:discover_packages(path) discover
[0.317s] Level 1:colcon.colcon_core.package_discovery:discover_packages(path) using defaults
[0.334s] Level 1:colcon.colcon_core.package_discovery:discover_packages(prefix_path) check parameters
[0.334s] Level 1:colcon.colcon_core.package_discovery:discover_packages(prefix_path) discover
[0.336s] DEBUG:colcon.colcon_installed_package_information.package_discovery:Found 4 installed packages in /home/aralab/ros_foxy_pkgs/install
[0.337s] DEBUG:colcon.colcon_installed_package_information.package_discovery:Found 7 installed packages in /home/aralab/ASBIR/ASBIR-ROS2/install
[0.339s] DEBUG:colcon.colcon_installed_package_information.package_discovery:Found 265 installed packages in /opt/ros/foxy
[0.340s] Level 1:colcon.colcon_core.package_discovery:discover_packages(prefix_path) using defaults
[0.396s] Level 5:colcon.colcon_core.verb:set package 'asbir_image' build argument 'cmake_args' from command line to 'None'
[0.396s] Level 5:colcon.colcon_core.verb:set package 'asbir_image' build argument 'cmake_target' from command line to 'None'
[0.397s] Level 5:colcon.colcon_core.verb:set package 'asbir_image' build argument 'cmake_target_skip_unavailable' from command line to 'False'
[0.397s] Level 5:colcon.colcon_core.verb:set package 'asbir_image' build argument 'cmake_clean_cache' from command line to 'False'
[0.397s] Level 5:colcon.colcon_core.verb:set package 'asbir_image' build argument 'cmake_clean_first' from command line to 'False'
[0.397s] Level 5:colcon.colcon_core.verb:set package 'asbir_image' build argument 'cmake_force_configure' from command line to 'False'
[0.397s] Level 5:colcon.colcon_core.verb:set package 'asbir_image' build argument 'ament_cmake_args' from command line to 'None'
[0.397s] Level 5:colcon.colcon_core.verb:set package 'asbir_image' build argument 'catkin_cmake_args' from command line to 'None'
[0.397s] Level 5:colcon.colcon_core.verb:set package 'asbir_image' build argument 'catkin_skip_building_tests' from command line to 'False'
[0.397s] DEBUG:colcon.colcon_core.verb:Building package 'asbir_image' with the following arguments: {'ament_cmake_args': None, 'build_base': '/home/aralab/ASBIR/ASBIR-ROS2/build/asbir_image', 'catkin_cmake_args': None, 'catkin_skip_building_tests': False, 'cmake_args': None, 'cmake_clean_cache': False, 'cmake_clean_first': False, 'cmake_force_configure': False, 'cmake_target': None, 'cmake_target_skip_unavailable': False, 'install_base': '/home/aralab/ASBIR/ASBIR-ROS2/install/asbir_image', 'merge_install': False, 'path': '/home/aralab/ASBIR/ASBIR-ROS2/src/asbir_image', 'symlink_install': False, 'test_result_base': None}
[0.397s] Level 5:colcon.colcon_core.verb:set package 'asbir_navigation' build argument 'cmake_args' from command line to 'None'
[0.398s] Level 5:colcon.colcon_core.verb:set package 'asbir_navigation' build argument 'cmake_target' from command line to 'None'
[0.398s] Level 5:colcon.colcon_core.verb:set package 'asbir_navigation' build argument 'cmake_target_skip_unavailable' from command line to 'False'
[0.398s] Level 5:colcon.colcon_core.verb:set package 'asbir_navigation' build argument 'cmake_clean_cache' from command line to 'False'
[0.398s] Level 5:colcon.colcon_core.verb:set package 'asbir_navigation' build argument 'cmake_clean_first' from command line to 'False'
[0.398s] Level 5:colcon.colcon_core.verb:set package 'asbir_navigation' build argument 'cmake_force_configure' from command line to 'False'
[0.398s] Level 5:colcon.colcon_core.verb:set package 'asbir_navigation' build argument 'ament_cmake_args' from command line to 'None'
[0.398s] Level 5:colcon.colcon_core.verb:set package 'asbir_navigation' build argument 'catkin_cmake_args' from command line to 'None'
[0.398s] Level 5:colcon.colcon_core.verb:set package 'asbir_navigation' build argument 'catkin_skip_building_tests' from command line to 'False'
[0.398s] DEBUG:colcon.colcon_core.verb:Building package 'asbir_navigation' with the following arguments: {'ament_cmake_args': None, 'build_base': '/home/aralab/ASBIR/ASBIR-ROS2/build/asbir_navigation', 'catkin_cmake_args': None, 'catkin_skip_building_tests': False, 'cmake_args': None, 'cmake_clean_cache': False, 'cmake_clean_first': False, 'cmake_force_configure': False, 'cmake_target': None, 'cmake_target_skip_unavailable': False, 'install_base': '/home/aralab/ASBIR/ASBIR-ROS2/install/asbir_navigation', 'merge_install': False, 'path': '/home/aralab/ASBIR/ASBIR-ROS2/src/asbir_navigation', 'symlink_install': False, 'test_result_base': None}
[0.399s] Level 5:colcon.colcon_core.verb:set package 'asbir_panda' build argument 'cmake_args' from command line to 'None'
[0.399s] Level 5:colcon.colcon_core.verb:set package 'asbir_panda' build argument 'cmake_target' from command line to 'None'
[0.399s] Level 5:colcon.colcon_core.verb:set package 'asbir_panda' build argument 'cmake_target_skip_unavailable' from command line to 'False'
[0.399s] Level 5:colcon.colcon_core.verb:set package 'asbir_panda' build argument 'cmake_clean_cache' from command line to 'False'
[0.399s] Level 5:colcon.colcon_core.verb:set package 'asbir_panda' build argument 'cmake_clean_first' from command line to 'False'
[0.399s] Level 5:colcon.colcon_core.verb:set package 'asbir_panda' build argument 'cmake_force_configure' from command line to 'False'
[0.399s] Level 5:colcon.colcon_core.verb:set package 'asbir_panda' build argument 'ament_cmake_args' from command line to 'None'
[0.399s] Level 5:colcon.colcon_core.verb:set package 'asbir_panda' build argument 'catkin_cmake_args' from command line to 'None'
[0.399s] Level 5:colcon.colcon_core.verb:set package 'asbir_panda' build argument 'catkin_skip_building_tests' from command line to 'False'
[0.399s] DEBUG:colcon.colcon_core.verb:Building package 'asbir_panda' with the following arguments: {'ament_cmake_args': None, 'build_base': '/home/aralab/ASBIR/ASBIR-ROS2/build/asbir_panda', 'catkin_cmake_args': None, 'catkin_skip_building_tests': False, 'cmake_args': None, 'cmake_clean_cache': False, 'cmake_clean_first': False, 'cmake_force_configure': False, 'cmake_target': None, 'cmake_target_skip_unavailable': False, 'install_base': '/home/aralab/ASBIR/ASBIR-ROS2/install/asbir_panda', 'merge_install': False, 'path': '/home/aralab/ASBIR/ASBIR-ROS2/src/asbir_panda', 'symlink_install': False, 'test_result_base': None}
[0.400s] Level 5:colcon.colcon_core.verb:set package 'asbir_rc' build argument 'cmake_args' from command line to 'None'
[0.400s] Level 5:colcon.colcon_core.verb:set package 'asbir_rc' build argument 'cmake_target' from command line to 'None'
[0.400s] Level 5:colcon.colcon_core.verb:set package 'asbir_rc' build argument 'cmake_target_skip_unavailable' from command line to 'False'
[0.400s] Level 5:colcon.colcon_core.verb:set package 'asbir_rc' build argument 'cmake_clean_cache' from command line to 'False'
[0.400s] Level 5:colcon.colcon_core.verb:set package 'asbir_rc' build argument 'cmake_clean_first' from command line to 'False'
[0.400s] Level 5:colcon.colcon_core.verb:set package 'asbir_rc' build argument 'cmake_force_configure' from command line to 'False'
[0.400s] Level 5:colcon.colcon_core.verb:set package 'asbir_rc' build argument 'ament_cmake_args' from command line to 'None'
[0.400s] Level 5:colcon.colcon_core.verb:set package 'asbir_rc' build argument 'catkin_cmake_args' from command line to 'None'
[0.400s] Level 5:colcon.colcon_core.verb:set package 'asbir_rc' build argument 'catkin_skip_building_tests' from command line to 'False'
[0.400s] DEBUG:colcon.colcon_core.verb:Building package 'asbir_rc' with the following arguments: {'ament_cmake_args': None, 'build_base': '/home/aralab/ASBIR/ASBIR-ROS2/build/asbir_rc', 'catkin_cmake_args': None, 'catkin_skip_building_tests': False, 'cmake_args': None, 'cmake_clean_cache': False, 'cmake_clean_first': False, 'cmake_force_configure': False, 'cmake_target': None, 'cmake_target_skip_unavailable': False, 'install_base': '/home/aralab/ASBIR/ASBIR-ROS2/install/asbir_rc', 'merge_install': False, 'path': '/home/aralab/ASBIR/ASBIR-ROS2/src/asbir_rc', 'symlink_install': False, 'test_result_base': None}
[0.401s] Level 5:colcon.colcon_core.verb:set package 'asbir_serial' build argument 'cmake_args' from command line to 'None'
[0.401s] Level 5:colcon.colcon_core.verb:set package 'asbir_serial' build argument 'cmake_target' from command line to 'None'
[0.401s] Level 5:colcon.colcon_core.verb:set package 'asbir_serial' build argument 'cmake_target_skip_unavailable' from command line to 'False'
[0.401s] Level 5:colcon.colcon_core.verb:set package 'asbir_serial' build argument 'cmake_clean_cache' from command line to 'False'
[0.401s] Level 5:colcon.colcon_core.verb:set package 'asbir_serial' build argument 'cmake_clean_first' from command line to 'False'
[0.401s] Level 5:colcon.colcon_core.verb:set package 'asbir_serial' build argument 'cmake_force_configure' from command line to 'False'
[0.401s] Level 5:colcon.colcon_core.verb:set package 'asbir_serial' build argument 'ament_cmake_args' from command line to 'None'
[0.401s] Level 5:colcon.colcon_core.verb:set package 'asbir_serial' build argument 'catkin_cmake_args' from command line to 'None'
[0.401s] Level 5:colcon.colcon_core.verb:set package 'asbir_serial' build argument 'catkin_skip_building_tests' from command line to 'False'
[0.401s] DEBUG:colcon.colcon_core.verb:Building package 'asbir_serial' with the following arguments: {'ament_cmake_args': None, 'build_base': '/home/aralab/ASBIR/ASBIR-ROS2/build/asbir_serial', 'catkin_cmake_args': None, 'catkin_skip_building_tests': False, 'cmake_args': None, 'cmake_clean_cache': False, 'cmake_clean_first': False, 'cmake_force_configure': False, 'cmake_target': None, 'cmake_target_skip_unavailable': False, 'install_base': '/home/aralab/ASBIR/ASBIR-ROS2/install/asbir_serial', 'merge_install': False, 'path': '/home/aralab/ASBIR/ASBIR-ROS2/src/asbir_serial', 'symlink_install': False, 'test_result_base': None}
[0.402s] Level 5:colcon.colcon_core.verb:set package 'asbir_status' build argument 'cmake_args' from command line to 'None'
[0.402s] Level 5:colcon.colcon_core.verb:set package 'asbir_status' build argument 'cmake_target' from command line to 'None'
[0.402s] Level 5:colcon.colcon_core.verb:set package 'asbir_status' build argument 'cmake_target_skip_unavailable' from command line to 'False'
[0.402s] Level 5:colcon.colcon_core.verb:set package 'asbir_status' build argument 'cmake_clean_cache' from command line to 'False'
[0.402s] Level 5:colcon.colcon_core.verb:set package 'asbir_status' build argument 'cmake_clean_first' from command line to 'False'
[0.402s] Level 5:colcon.colcon_core.verb:set package 'asbir_status' build argument 'cmake_force_configure' from command line to 'False'
[0.402s] Level 5:colcon.colcon_core.verb:set package 'asbir_status' build argument 'ament_cmake_args' from command line to 'None'
[0.402s] Level 5:colcon.colcon_core.verb:set package 'asbir_status' build argument 'catkin_cmake_args' from command line to 'None'
[0.402s] Level 5:colcon.colcon_core.verb:set package 'asbir_status' build argument 'catkin_skip_building_tests' from command line to 'False'
[0.402s] DEBUG:colcon.colcon_core.verb:Building package 'asbir_status' with the following arguments: {'ament_cmake_args': None, 'build_base': '/home/aralab/ASBIR/ASBIR-ROS2/build/asbir_status', 'catkin_cmake_args': None, 'catkin_skip_building_tests': False, 'cmake_args': None, 'cmake_clean_cache': False, 'cmake_clean_first': False, 'cmake_force_configure': False, 'cmake_target': None, 'cmake_target_skip_unavailable': False, 'install_base': '/home/aralab/ASBIR/ASBIR-ROS2/install/asbir_status', 'merge_install': False, 'path': '/home/aralab/ASBIR/ASBIR-ROS2/src/asbir_status', 'symlink_install': False, 'test_result_base': None}
[0.403s] Level 5:colcon.colcon_core.verb:set package 'asbir_xavier_gpio' build argument 'cmake_args' from command line to 'None'
[0.403s] Level 5:colcon.colcon_core.verb:set package 'asbir_xavier_gpio' build argument 'cmake_target' from command line to 'None'
[0.403s] Level 5:colcon.colcon_core.verb:set package 'asbir_xavier_gpio' build argument 'cmake_target_skip_unavailable' from command line to 'False'
[0.403s] Level 5:colcon.colcon_core.verb:set package 'asbir_xavier_gpio' build argument 'cmake_clean_cache' from command line to 'False'
[0.403s] Level 5:colcon.colcon_core.verb:set package 'asbir_xavier_gpio' build argument 'cmake_clean_first' from command line to 'False'
[0.403s] Level 5:colcon.colcon_core.verb:set package 'asbir_xavier_gpio' build argument 'cmake_force_configure' from command line to 'False'
[0.403s] Level 5:colcon.colcon_core.verb:set package 'asbir_xavier_gpio' build argument 'ament_cmake_args' from command line to 'None'
[0.403s] Level 5:colcon.colcon_core.verb:set package 'asbir_xavier_gpio' build argument 'catkin_cmake_args' from command line to 'None'
[0.403s] Level 5:colcon.colcon_core.verb:set package 'asbir_xavier_gpio' build argument 'catkin_skip_building_tests' from command line to 'False'
[0.403s] DEBUG:colcon.colcon_core.verb:Building package 'asbir_xavier_gpio' with the following arguments: {'ament_cmake_args': None, 'build_base': '/home/aralab/ASBIR/ASBIR-ROS2/build/asbir_xavier_gpio', 'catkin_cmake_args': None, 'catkin_skip_building_tests': False, 'cmake_args': None, 'cmake_clean_cache': False, 'cmake_clean_first': False, 'cmake_force_configure': False, 'cmake_target': None, 'cmake_target_skip_unavailable': False, 'install_base': '/home/aralab/ASBIR/ASBIR-ROS2/install/asbir_xavier_gpio', 'merge_install': False, 'path': '/home/aralab/ASBIR/ASBIR-ROS2/src/asbir_xavier_gpio', 'symlink_install': False, 'test_result_base': None}
[0.404s] INFO:colcon.colcon_core.executor:Executing jobs using 'parallel' executor
[0.408s] DEBUG:colcon.colcon_parallel_executor.executor.parallel:run_until_complete
[0.408s] INFO:colcon.colcon_ros.task.ament_python.build:Building ROS package in '/home/aralab/ASBIR/ASBIR-ROS2/src/asbir_image' with build type 'ament_python'
[0.408s] Level 1:colcon.colcon_core.shell:create_environment_hook('asbir_image', 'ament_prefix_path')
[0.412s] INFO:colcon.colcon_core.plugin_system:Skipping extension 'colcon_core.shell.bat': Not used on non-Windows systems
[0.413s] INFO:colcon.colcon_core.shell:Creating environment hook '/home/aralab/ASBIR/ASBIR-ROS2/install/asbir_image/share/asbir_image/hook/ament_prefix_path.ps1'
[0.413s] INFO:colcon.colcon_core.shell:Creating environment descriptor '/home/aralab/ASBIR/ASBIR-ROS2/install/asbir_image/share/asbir_image/hook/ament_prefix_path.dsv'
[0.414s] INFO:colcon.colcon_core.shell:Creating environment hook '/home/aralab/ASBIR/ASBIR-ROS2/install/asbir_image/share/asbir_image/hook/ament_prefix_path.sh'
[0.416s] INFO:colcon.colcon_core.shell:Skip shell extension 'powershell' for command environment: Not usable outside of PowerShell
[0.417s] DEBUG:colcon.colcon_core.shell:Skip shell extension 'dsv' for command environment
[0.422s] INFO:colcon.colcon_ros.task.ament_python.build:Building ROS package in '/home/aralab/ASBIR/ASBIR-ROS2/src/asbir_navigation' with build type 'ament_python'
[0.423s] Level 1:colcon.colcon_core.shell:create_environment_hook('asbir_navigation', 'ament_prefix_path')
[0.424s] INFO:colcon.colcon_core.shell:Creating environment hook '/home/aralab/ASBIR/ASBIR-ROS2/install/asbir_navigation/share/asbir_navigation/hook/ament_prefix_path.ps1'
[0.425s] INFO:colcon.colcon_core.shell:Creating environment descriptor '/home/aralab/ASBIR/ASBIR-ROS2/install/asbir_navigation/share/asbir_navigation/hook/ament_prefix_path.dsv'
[0.425s] INFO:colcon.colcon_core.shell:Creating environment hook '/home/aralab/ASBIR/ASBIR-ROS2/install/asbir_navigation/share/asbir_navigation/hook/ament_prefix_path.sh'
[0.427s] INFO:colcon.colcon_core.shell:Skip shell extension 'powershell' for command environment: Not usable outside of PowerShell
[0.427s] DEBUG:colcon.colcon_core.shell:Skip shell extension 'dsv' for command environment
[0.433s] INFO:colcon.colcon_ros.task.ament_python.build:Building ROS package in '/home/aralab/ASBIR/ASBIR-ROS2/src/asbir_panda' with build type 'ament_python'
[0.434s] Level 1:colcon.colcon_core.shell:create_environment_hook('asbir_panda', 'ament_prefix_path')
[0.435s] INFO:colcon.colcon_core.shell:Creating environment hook '/home/aralab/ASBIR/ASBIR-ROS2/install/asbir_panda/share/asbir_panda/hook/ament_prefix_path.ps1'
[0.436s] INFO:colcon.colcon_core.shell:Creating environment descriptor '/home/aralab/ASBIR/ASBIR-ROS2/install/asbir_panda/share/asbir_panda/hook/ament_prefix_path.dsv'
[0.436s] INFO:colcon.colcon_core.shell:Creating environment hook '/home/aralab/ASBIR/ASBIR-ROS2/install/asbir_panda/share/asbir_panda/hook/ament_prefix_path.sh'
[0.437s] INFO:colcon.colcon_core.shell:Skip shell extension 'powershell' for command environment: Not usable outside of PowerShell
[0.437s] DEBUG:colcon.colcon_core.shell:Skip shell extension 'dsv' for command environment
[0.444s] INFO:colcon.colcon_ros.task.ament_python.build:Building ROS package in '/home/aralab/ASBIR/ASBIR-ROS2/src/asbir_rc' with build type 'ament_python'
[0.444s] Level 1:colcon.colcon_core.shell:create_environment_hook('asbir_rc', 'ament_prefix_path')
[0.445s] INFO:colcon.colcon_core.shell:Creating environment hook '/home/aralab/ASBIR/ASBIR-ROS2/install/asbir_rc/share/asbir_rc/hook/ament_prefix_path.ps1'
[0.446s] INFO:colcon.colcon_core.shell:Creating environment descriptor '/home/aralab/ASBIR/ASBIR-ROS2/install/asbir_rc/share/asbir_rc/hook/ament_prefix_path.dsv'
[0.446s] INFO:colcon.colcon_core.shell:Creating environment hook '/home/aralab/ASBIR/ASBIR-ROS2/install/asbir_rc/share/asbir_rc/hook/ament_prefix_path.sh'
[0.447s] INFO:colcon.colcon_core.shell:Skip shell extension 'powershell' for command environment: Not usable outside of PowerShell
[0.448s] DEBUG:colcon.colcon_core.shell:Skip shell extension 'dsv' for command environment
[0.453s] INFO:colcon.colcon_ros.task.ament_python.build:Building ROS package in '/home/aralab/ASBIR/ASBIR-ROS2/src/asbir_serial' with build type 'ament_python'
[0.454s] Level 1:colcon.colcon_core.shell:create_environment_hook('asbir_serial', 'ament_prefix_path')
[0.455s] INFO:colcon.colcon_core.shell:Creating environment hook '/home/aralab/ASBIR/ASBIR-ROS2/install/asbir_serial/share/asbir_serial/hook/ament_prefix_path.ps1'
[0.456s] INFO:colcon.colcon_core.shell:Creating environment descriptor '/home/aralab/ASBIR/ASBIR-ROS2/install/asbir_serial/share/asbir_serial/hook/ament_prefix_path.dsv'
[0.456s] INFO:colcon.colcon_core.shell:Creating environment hook '/home/aralab/ASBIR/ASBIR-ROS2/install/asbir_serial/share/asbir_serial/hook/ament_prefix_path.sh'
[0.457s] INFO:colcon.colcon_core.shell:Skip shell extension 'powershell' for command environment: Not usable outside of PowerShell
[0.458s] DEBUG:colcon.colcon_core.shell:Skip shell extension 'dsv' for command environment
[0.463s] INFO:colcon.colcon_ros.task.ament_python.build:Building ROS package in '/home/aralab/ASBIR/ASBIR-ROS2/src/asbir_status' with build type 'ament_python'
[0.464s] Level 1:colcon.colcon_core.shell:create_environment_hook('asbir_status', 'ament_prefix_path')
[0.465s] INFO:colcon.colcon_core.shell:Creating environment hook '/home/aralab/ASBIR/ASBIR-ROS2/install/asbir_status/share/asbir_status/hook/ament_prefix_path.ps1'
[0.466s] INFO:colcon.colcon_core.shell:Creating environment descriptor '/home/aralab/ASBIR/ASBIR-ROS2/install/asbir_status/share/asbir_status/hook/ament_prefix_path.dsv'
[0.467s] INFO:colcon.colcon_core.shell:Creating environment hook '/home/aralab/ASBIR/ASBIR-ROS2/install/asbir_status/share/asbir_status/hook/ament_prefix_path.sh'
[0.468s] INFO:colcon.colcon_core.shell:Skip shell extension 'powershell' for command environment: Not usable outside of PowerShell
[0.468s] DEBUG:colcon.colcon_core.shell:Skip shell extension 'dsv' for command environment
[0.474s] INFO:colcon.colcon_ros.task.ament_python.build:Building ROS package in '/home/aralab/ASBIR/ASBIR-ROS2/src/asbir_xavier_gpio' with build type 'ament_python'
[0.475s] Level 1:colcon.colcon_core.shell:create_environment_hook('asbir_xavier_gpio', 'ament_prefix_path')
[0.476s] INFO:colcon.colcon_core.shell:Creating environment hook '/home/aralab/ASBIR/ASBIR-ROS2/install/asbir_xavier_gpio/share/asbir_xavier_gpio/hook/ament_prefix_path.ps1'
[0.477s] INFO:colcon.colcon_core.shell:Creating environment descriptor '/home/aralab/ASBIR/ASBIR-ROS2/install/asbir_xavier_gpio/share/asbir_xavier_gpio/hook/ament_prefix_path.dsv'
[0.477s] INFO:colcon.colcon_core.shell:Creating environment hook '/home/aralab/ASBIR/ASBIR-ROS2/install/asbir_xavier_gpio/share/asbir_xavier_gpio/hook/ament_prefix_path.sh'
[0.479s] INFO:colcon.colcon_core.shell:Skip shell extension 'powershell' for command environment: Not usable outside of PowerShell
[0.479s] DEBUG:colcon.colcon_core.shell:Skip shell extension 'dsv' for command environment
[0.692s] INFO:colcon.colcon_core.task.python.build:Building Python package in '/home/aralab/ASBIR/ASBIR-ROS2/src/asbir_image'
[0.694s] INFO:colcon.colcon_core.shell:Skip shell extension 'powershell' for command environment: Not usable outside of PowerShell
[0.694s] DEBUG:colcon.colcon_core.shell:Skip shell extension 'dsv' for command environment
[0.916s] INFO:colcon.colcon_core.task.python.build:Building Python package in '/home/aralab/ASBIR/ASBIR-ROS2/src/asbir_navigation'
[0.918s] INFO:colcon.colcon_core.shell:Skip shell extension 'powershell' for command environment: Not usable outside of PowerShell
[0.918s] DEBUG:colcon.colcon_core.shell:Skip shell extension 'dsv' for command environment
[1.129s] INFO:colcon.colcon_core.task.python.build:Building Python package in '/home/aralab/ASBIR/ASBIR-ROS2/src/asbir_panda'
[1.131s] INFO:colcon.colcon_core.shell:Skip shell extension 'powershell' for command environment: Not usable outside of PowerShell
[1.131s] DEBUG:colcon.colcon_core.shell:Skip shell extension 'dsv' for command environment
[1.341s] INFO:colcon.colcon_core.task.python.build:Building Python package in '/home/aralab/ASBIR/ASBIR-ROS2/src/asbir_rc'
[1.342s] INFO:colcon.colcon_core.shell:Skip shell extension 'powershell' for command environment: Not usable outside of PowerShell
[1.342s] DEBUG:colcon.colcon_core.shell:Skip shell extension 'dsv' for command environment
[1.550s] INFO:colcon.colcon_core.task.python.build:Building Python package in '/home/aralab/ASBIR/ASBIR-ROS2/src/asbir_serial'
[1.551s] INFO:colcon.colcon_core.shell:Skip shell extension 'powershell' for command environment: Not usable outside of PowerShell
[1.552s] DEBUG:colcon.colcon_core.shell:Skip shell extension 'dsv' for command environment
[1.765s] INFO:colcon.colcon_core.task.python.build:Building Python package in '/home/aralab/ASBIR/ASBIR-ROS2/src/asbir_status'
[1.766s] INFO:colcon.colcon_core.shell:Skip shell extension 'powershell' for command environment: Not usable outside of PowerShell
[1.766s] DEBUG:colcon.colcon_core.shell:Skip shell extension 'dsv' for command environment
[1.984s] INFO:colcon.colcon_core.task.python.build:Building Python package in '/home/aralab/ASBIR/ASBIR-ROS2/src/asbir_xavier_gpio'
[1.986s] INFO:colcon.colcon_core.shell:Skip shell extension 'powershell' for command environment: Not usable outside of PowerShell
[1.986s] DEBUG:colcon.colcon_core.shell:Skip shell extension 'dsv' for command environment
[2.430s] DEBUG:colcon.colcon_core.event_handler.log_command:Invoking command in '/home/aralab/ASBIR/ASBIR-ROS2/src/asbir_rc': PYTHONPATH=/home/aralab/ASBIR/ASBIR-ROS2/build/asbir_rc/prefix_override:/home/aralab/ASBIR/ASBIR-ROS2/install/asbir_rc/lib/python3.8/site-packages:${PYTHONPATH} /usr/bin/python3 setup.py egg_info --egg-base ../../build/asbir_rc build --build-base /home/aralab/ASBIR/ASBIR-ROS2/build/asbir_rc/build install --record /home/aralab/ASBIR/ASBIR-ROS2/build/asbir_rc/install.log --install-scripts $base/lib/asbir_rc --single-version-externally-managed
[2.444s] DEBUG:colcon.colcon_core.event_handler.log_command:Invoking command in '/home/aralab/ASBIR/ASBIR-ROS2/src/asbir_panda': PYTHONPATH=/home/aralab/ASBIR/ASBIR-ROS2/build/asbir_panda/prefix_override:/home/aralab/ASBIR/ASBIR-ROS2/install/asbir_panda/lib/python3.8/site-packages:${PYTHONPATH} /usr/bin/python3 setup.py egg_info --egg-base ../../build/asbir_panda build --build-base /home/aralab/ASBIR/ASBIR-ROS2/build/asbir_panda/build install --record /home/aralab/ASBIR/ASBIR-ROS2/build/asbir_panda/install.log --install-scripts $base/lib/asbir_panda --single-version-externally-managed
[2.462s] DEBUG:colcon.colcon_core.event_handler.log_command:Invoking command in '/home/aralab/ASBIR/ASBIR-ROS2/src/asbir_xavier_gpio': PYTHONPATH=/home/aralab/ASBIR/ASBIR-ROS2/build/asbir_xavier_gpio/prefix_override:/home/aralab/ASBIR/ASBIR-ROS2/install/asbir_xavier_gpio/lib/python3.8/site-packages:${PYTHONPATH} /usr/bin/python3 setup.py egg_info --egg-base ../../build/asbir_xavier_gpio build --build-base /home/aralab/ASBIR/ASBIR-ROS2/build/asbir_xavier_gpio/build install --record /home/aralab/ASBIR/ASBIR-ROS2/build/asbir_xavier_gpio/install.log --install-scripts $base/lib/asbir_xavier_gpio --single-version-externally-managed
[2.500s] DEBUG:colcon.colcon_core.event_handler.log_command:Invoking command in '/home/aralab/ASBIR/ASBIR-ROS2/src/asbir_navigation': PYTHONPATH=/home/aralab/ASBIR/ASBIR-ROS2/build/asbir_navigation/prefix_override:/home/aralab/ASBIR/ASBIR-ROS2/install/asbir_navigation/lib/python3.8/site-packages:${PYTHONPATH} /usr/bin/python3 setup.py egg_info --egg-base ../../build/asbir_navigation build --build-base /home/aralab/ASBIR/ASBIR-ROS2/build/asbir_navigation/build install --record /home/aralab/ASBIR/ASBIR-ROS2/build/asbir_navigation/install.log --install-scripts $base/lib/asbir_navigation --single-version-externally-managed
[2.579s] DEBUG:colcon.colcon_core.event_handler.log_command:Invoking command in '/home/aralab/ASBIR/ASBIR-ROS2/src/asbir_image': PYTHONPATH=/home/aralab/ASBIR/ASBIR-ROS2/build/asbir_image/prefix_override:/home/aralab/ASBIR/ASBIR-ROS2/install/asbir_image/lib/python3.8/site-packages:${PYTHONPATH} /usr/bin/python3 setup.py egg_info --egg-base ../../build/asbir_image build --build-base /home/aralab/ASBIR/ASBIR-ROS2/build/asbir_image/build install --record /home/aralab/ASBIR/ASBIR-ROS2/build/asbir_image/install.log --install-scripts $base/lib/asbir_image --single-version-externally-managed
[2.595s] DEBUG:colcon.colcon_core.event_handler.log_command:Invoking command in '/home/aralab/ASBIR/ASBIR-ROS2/src/asbir_status': PYTHONPATH=/home/aralab/ASBIR/ASBIR-ROS2/build/asbir_status/prefix_override:/home/aralab/ASBIR/ASBIR-ROS2/install/asbir_status/lib/python3.8/site-packages:${PYTHONPATH} /usr/bin/python3 setup.py egg_info --egg-base ../../build/asbir_status build --build-base /home/aralab/ASBIR/ASBIR-ROS2/build/asbir_status/build install --record /home/aralab/ASBIR/ASBIR-ROS2/build/asbir_status/install.log --install-scripts $base/lib/asbir_status --single-version-externally-managed
[2.610s] DEBUG:colcon.colcon_core.event_handler.log_command:Invoking command in '/home/aralab/ASBIR/ASBIR-ROS2/src/asbir_serial': PYTHONPATH=/home/aralab/ASBIR/ASBIR-ROS2/build/asbir_serial/prefix_override:/home/aralab/ASBIR/ASBIR-ROS2/install/asbir_serial/lib/python3.8/site-packages:${PYTHONPATH} /usr/bin/python3 setup.py egg_info --egg-base ../../build/asbir_serial build --build-base /home/aralab/ASBIR/ASBIR-ROS2/build/asbir_serial/build install --record /home/aralab/ASBIR/ASBIR-ROS2/build/asbir_serial/install.log --install-scripts $base/lib/asbir_serial --single-version-externally-managed
[2.768s] DEBUG:colcon.colcon_core.event_handler.log_command:Invoked command in '/home/aralab/ASBIR/ASBIR-ROS2/src/asbir_rc' returned '0': PYTHONPATH=/home/aralab/ASBIR/ASBIR-ROS2/build/asbir_rc/prefix_override:/home/aralab/ASBIR/ASBIR-ROS2/install/asbir_rc/lib/python3.8/site-packages:${PYTHONPATH} /usr/bin/python3 setup.py egg_info --egg-base ../../build/asbir_rc build --build-base /home/aralab/ASBIR/ASBIR-ROS2/build/asbir_rc/build install --record /home/aralab/ASBIR/ASBIR-ROS2/build/asbir_rc/install.log --install-scripts $base/lib/asbir_rc --single-version-externally-managed
[2.775s] Level 1:colcon.colcon_core.environment:checking '/home/aralab/ASBIR/ASBIR-ROS2/install/asbir_rc' for CMake module files
[2.776s] Level 1:colcon.colcon_core.environment:checking '/home/aralab/ASBIR/ASBIR-ROS2/install/asbir_rc' for CMake config files
[2.777s] Level 1:colcon.colcon_core.environment:checking '/home/aralab/ASBIR/ASBIR-ROS2/install/asbir_rc/lib'
[2.777s] Level 1:colcon.colcon_core.environment:checking '/home/aralab/ASBIR/ASBIR-ROS2/install/asbir_rc/bin'
[2.777s] Level 1:colcon.colcon_core.environment:checking '/home/aralab/ASBIR/ASBIR-ROS2/install/asbir_rc/lib/pkgconfig/asbir_rc.pc'
[2.777s] Level 1:colcon.colcon_core.environment:checking '/home/aralab/ASBIR/ASBIR-ROS2/install/asbir_rc/lib/python3.8/site-packages'
[2.777s] Level 1:colcon.colcon_core.shell:create_environment_hook('asbir_rc', 'pythonpath')
[2.780s] INFO:colcon.colcon_core.shell:Creating environment hook '/home/aralab/ASBIR/ASBIR-ROS2/install/asbir_rc/share/asbir_rc/hook/pythonpath.ps1'
[2.781s] INFO:colcon.colcon_core.shell:Creating environment descriptor '/home/aralab/ASBIR/ASBIR-ROS2/install/asbir_rc/share/asbir_rc/hook/pythonpath.dsv'
[2.781s] INFO:colcon.colcon_core.shell:Creating environment hook '/home/aralab/ASBIR/ASBIR-ROS2/install/asbir_rc/share/asbir_rc/hook/pythonpath.sh'
[2.782s] Level 1:colcon.colcon_core.environment:checking '/home/aralab/ASBIR/ASBIR-ROS2/install/asbir_rc/bin'
[2.782s] Level 1:colcon.colcon_core.environment:create_environment_scripts_only(asbir_rc)
[2.784s] INFO:colcon.colcon_core.shell:Creating package script '/home/aralab/ASBIR/ASBIR-ROS2/install/asbir_rc/share/asbir_rc/package.ps1'
[2.785s] INFO:colcon.colcon_core.shell:Creating package descriptor '/home/aralab/ASBIR/ASBIR-ROS2/install/asbir_rc/share/asbir_rc/package.dsv'
[2.785s] INFO:colcon.colcon_core.shell:Creating package script '/home/aralab/ASBIR/ASBIR-ROS2/install/asbir_rc/share/asbir_rc/package.sh'
[2.786s] INFO:colcon.colcon_core.shell:Creating package script '/home/aralab/ASBIR/ASBIR-ROS2/install/asbir_rc/share/asbir_rc/package.bash'
[2.787s] INFO:colcon.colcon_core.shell:Creating package script '/home/aralab/ASBIR/ASBIR-ROS2/install/asbir_rc/share/asbir_rc/package.zsh'
[2.787s] Level 1:colcon.colcon_core.environment:create_file_with_runtime_dependencies(/home/aralab/ASBIR/ASBIR-ROS2/install/asbir_rc/share/colcon-core/packages/asbir_rc)
[2.824s] Level 1:colcon.colcon_core.environment:checking '/home/aralab/ASBIR/ASBIR-ROS2/install/asbir_panda' for CMake module files
[2.825s] DEBUG:colcon.colcon_core.event_handler.log_command:Invoked command in '/home/aralab/ASBIR/ASBIR-ROS2/src/asbir_panda' returned '0': PYTHONPATH=/home/aralab/ASBIR/ASBIR-ROS2/build/asbir_panda/prefix_override:/home/aralab/ASBIR/ASBIR-ROS2/install/asbir_panda/lib/python3.8/site-packages:${PYTHONPATH} /usr/bin/python3 setup.py egg_info --egg-base ../../build/asbir_panda build --build-base /home/aralab/ASBIR/ASBIR-ROS2/build/asbir_panda/build install --record /home/aralab/ASBIR/ASBIR-ROS2/build/asbir_panda/install.log --install-scripts $base/lib/asbir_panda --single-version-externally-managed
[2.826s] Level 1:colcon.colcon_core.environment:checking '/home/aralab/ASBIR/ASBIR-ROS2/install/asbir_panda' for CMake config files
[2.830s] Level 1:colcon.colcon_core.environment:checking '/home/aralab/ASBIR/ASBIR-ROS2/install/asbir_panda/lib'
[2.830s] Level 1:colcon.colcon_core.environment:checking '/home/aralab/ASBIR/ASBIR-ROS2/install/asbir_panda/bin'
[2.830s] Level 1:colcon.colcon_core.environment:checking '/home/aralab/ASBIR/ASBIR-ROS2/install/asbir_panda/lib/pkgconfig/asbir_panda.pc'
[2.830s] Level 1:colcon.colcon_core.environment:checking '/home/aralab/ASBIR/ASBIR-ROS2/install/asbir_panda/lib/python3.8/site-packages'
[2.830s] Level 1:colcon.colcon_core.shell:create_environment_hook('asbir_panda', 'pythonpath')
[2.833s] INFO:colcon.colcon_core.shell:Creating environment hook '/home/aralab/ASBIR/ASBIR-ROS2/install/asbir_panda/share/asbir_panda/hook/pythonpath.ps1'
[2.833s] INFO:colcon.colcon_core.shell:Creating environment descriptor '/home/aralab/ASBIR/ASBIR-ROS2/install/asbir_panda/share/asbir_panda/hook/pythonpath.dsv'
[2.834s] INFO:colcon.colcon_core.shell:Creating environment hook '/home/aralab/ASBIR/ASBIR-ROS2/install/asbir_panda/share/asbir_panda/hook/pythonpath.sh'
[2.834s] Level 1:colcon.colcon_core.environment:checking '/home/aralab/ASBIR/ASBIR-ROS2/install/asbir_panda/bin'
[2.834s] Level 1:colcon.colcon_core.environment:create_environment_scripts_only(asbir_panda)
[2.837s] INFO:colcon.colcon_core.shell:Creating package script '/home/aralab/ASBIR/ASBIR-ROS2/install/asbir_panda/share/asbir_panda/package.ps1'
[2.837s] INFO:colcon.colcon_core.shell:Creating package descriptor '/home/aralab/ASBIR/ASBIR-ROS2/install/asbir_panda/share/asbir_panda/package.dsv'
[2.838s] INFO:colcon.colcon_core.shell:Creating package script '/home/aralab/ASBIR/ASBIR-ROS2/install/asbir_panda/share/asbir_panda/package.sh'
[2.838s] INFO:colcon.colcon_core.shell:Creating package script '/home/aralab/ASBIR/ASBIR-ROS2/install/asbir_panda/share/asbir_panda/package.bash'
[2.839s] INFO:colcon.colcon_core.shell:Creating package script '/home/aralab/ASBIR/ASBIR-ROS2/install/asbir_panda/share/asbir_panda/package.zsh'
[2.839s] Level 1:colcon.colcon_core.environment:create_file_with_runtime_dependencies(/home/aralab/ASBIR/ASBIR-ROS2/install/asbir_panda/share/colcon-core/packages/asbir_panda)
[2.848s] Level 1:colcon.colcon_core.environment:checking '/home/aralab/ASBIR/ASBIR-ROS2/install/asbir_xavier_gpio' for CMake module files
[2.848s] DEBUG:colcon.colcon_core.event_handler.log_command:Invoked command in '/home/aralab/ASBIR/ASBIR-ROS2/src/asbir_xavier_gpio' returned '0': PYTHONPATH=/home/aralab/ASBIR/ASBIR-ROS2/build/asbir_xavier_gpio/prefix_override:/home/aralab/ASBIR/ASBIR-ROS2/install/asbir_xavier_gpio/lib/python3.8/site-packages:${PYTHONPATH} /usr/bin/python3 setup.py egg_info --egg-base ../../build/asbir_xavier_gpio build --build-base /home/aralab/ASBIR/ASBIR-ROS2/build/asbir_xavier_gpio/build install --record /home/aralab/ASBIR/ASBIR-ROS2/build/asbir_xavier_gpio/install.log --install-scripts $base/lib/asbir_xavier_gpio --single-version-externally-managed
[2.848s] Level 1:colcon.colcon_core.environment:checking '/home/aralab/ASBIR/ASBIR-ROS2/install/asbir_xavier_gpio' for CMake config files
[2.849s] Level 1:colcon.colcon_core.environment:checking '/home/aralab/ASBIR/ASBIR-ROS2/install/asbir_xavier_gpio/lib'
[2.849s] Level 1:colcon.colcon_core.environment:checking '/home/aralab/ASBIR/ASBIR-ROS2/install/asbir_xavier_gpio/bin'
[2.849s] Level 1:colcon.colcon_core.environment:checking '/home/aralab/ASBIR/ASBIR-ROS2/install/asbir_xavier_gpio/lib/pkgconfig/asbir_xavier_gpio.pc'
[2.849s] Level 1:colcon.colcon_core.environment:checking '/home/aralab/ASBIR/ASBIR-ROS2/install/asbir_xavier_gpio/lib/python3.8/site-packages'
[2.849s] Level 1:colcon.colcon_core.shell:create_environment_hook('asbir_xavier_gpio', 'pythonpath')
[2.850s] INFO:colcon.colcon_core.shell:Creating environment hook '/home/aralab/ASBIR/ASBIR-ROS2/install/asbir_xavier_gpio/share/asbir_xavier_gpio/hook/pythonpath.ps1'
[2.851s] INFO:colcon.colcon_core.shell:Creating environment descriptor '/home/aralab/ASBIR/ASBIR-ROS2/install/asbir_xavier_gpio/share/asbir_xavier_gpio/hook/pythonpath.dsv'
[2.851s] INFO:colcon.colcon_core.shell:Creating environment hook '/home/aralab/ASBIR/ASBIR-ROS2/install/asbir_xavier_gpio/share/asbir_xavier_gpio/hook/pythonpath.sh'
[2.851s] Level 1:colcon.colcon_core.environment:checking '/home/aralab/ASBIR/ASBIR-ROS2/install/asbir_xavier_gpio/bin'
[2.851s] Level 1:colcon.colcon_core.environment:create_environment_scripts_only(asbir_xavier_gpio)
[2.853s] INFO:colcon.colcon_core.shell:Creating package script '/home/aralab/ASBIR/ASBIR-ROS2/install/asbir_xavier_gpio/share/asbir_xavier_gpio/package.ps1'
[2.853s] INFO:colcon.colcon_core.shell:Creating package descriptor '/home/aralab/ASBIR/ASBIR-ROS2/install/asbir_xavier_gpio/share/asbir_xavier_gpio/package.dsv'
[2.853s] INFO:colcon.colcon_core.shell:Creating package script '/home/aralab/ASBIR/ASBIR-ROS2/install/asbir_xavier_gpio/share/asbir_xavier_gpio/package.sh'
[2.854s] INFO:colcon.colcon_core.shell:Creating package script '/home/aralab/ASBIR/ASBIR-ROS2/install/asbir_xavier_gpio/share/asbir_xavier_gpio/package.bash'
[2.854s] INFO:colcon.colcon_core.shell:Creating package script '/home/aralab/ASBIR/ASBIR-ROS2/install/asbir_xavier_gpio/share/asbir_xavier_gpio/package.zsh'
[2.854s] Level 1:colcon.colcon_core.environment:create_file_with_runtime_dependencies(/home/aralab/ASBIR/ASBIR-ROS2/install/asbir_xavier_gpio/share/colcon-core/packages/asbir_xavier_gpio)
[2.928s] Level 1:colcon.colcon_core.environment:checking '/home/aralab/ASBIR/ASBIR-ROS2/install/asbir_navigation' for CMake module files
[2.928s] DEBUG:colcon.colcon_core.event_handler.log_command:Invoked command in '/home/aralab/ASBIR/ASBIR-ROS2/src/asbir_navigation' returned '0': PYTHONPATH=/home/aralab/ASBIR/ASBIR-ROS2/build/asbir_navigation/prefix_override:/home/aralab/ASBIR/ASBIR-ROS2/install/asbir_navigation/lib/python3.8/site-packages:${PYTHONPATH} /usr/bin/python3 setup.py egg_info --egg-base ../../build/asbir_navigation build --build-base /home/aralab/ASBIR/ASBIR-ROS2/build/asbir_navigation/build install --record /home/aralab/ASBIR/ASBIR-ROS2/build/asbir_navigation/install.log --install-scripts $base/lib/asbir_navigation --single-version-externally-managed
[2.929s] Level 1:colcon.colcon_core.environment:checking '/home/aralab/ASBIR/ASBIR-ROS2/install/asbir_navigation' for CMake config files
[2.930s] Level 1:colcon.colcon_core.environment:checking '/home/aralab/ASBIR/ASBIR-ROS2/install/asbir_navigation/lib'
[2.931s] Level 1:colcon.colcon_core.environment:checking '/home/aralab/ASBIR/ASBIR-ROS2/install/asbir_navigation/bin'
[2.931s] Level 1:colcon.colcon_core.environment:checking '/home/aralab/ASBIR/ASBIR-ROS2/install/asbir_navigation/lib/pkgconfig/asbir_navigation.pc'
[2.931s] Level 1:colcon.colcon_core.environment:checking '/home/aralab/ASBIR/ASBIR-ROS2/install/asbir_navigation/lib/python3.8/site-packages'
[2.931s] Level 1:colcon.colcon_core.shell:create_environment_hook('asbir_navigation', 'pythonpath')
[2.933s] INFO:colcon.colcon_core.shell:Creating environment hook '/home/aralab/ASBIR/ASBIR-ROS2/install/asbir_navigation/share/asbir_navigation/hook/pythonpath.ps1'
[2.935s] INFO:colcon.colcon_core.shell:Creating environment descriptor '/home/aralab/ASBIR/ASBIR-ROS2/install/asbir_navigation/share/asbir_navigation/hook/pythonpath.dsv'
[2.935s] INFO:colcon.colcon_core.shell:Creating environment hook '/home/aralab/ASBIR/ASBIR-ROS2/install/asbir_navigation/share/asbir_navigation/hook/pythonpath.sh'
[2.937s] Level 1:colcon.colcon_core.environment:checking '/home/aralab/ASBIR/ASBIR-ROS2/install/asbir_navigation/bin'
[2.937s] Level 1:colcon.colcon_core.environment:create_environment_scripts_only(asbir_navigation)
[2.939s] INFO:colcon.colcon_core.shell:Creating package script '/home/aralab/ASBIR/ASBIR-ROS2/install/asbir_navigation/share/asbir_navigation/package.ps1'
[2.940s] INFO:colcon.colcon_core.shell:Creating package descriptor '/home/aralab/ASBIR/ASBIR-ROS2/install/asbir_navigation/share/asbir_navigation/package.dsv'
[2.941s] INFO:colcon.colcon_core.shell:Creating package script '/home/aralab/ASBIR/ASBIR-ROS2/install/asbir_navigation/share/asbir_navigation/package.sh'
[2.941s] INFO:colcon.colcon_core.shell:Creating package script '/home/aralab/ASBIR/ASBIR-ROS2/install/asbir_navigation/share/asbir_navigation/package.bash'
[2.942s] INFO:colcon.colcon_core.shell:Creating package script '/home/aralab/ASBIR/ASBIR-ROS2/install/asbir_navigation/share/asbir_navigation/package.zsh'
[2.942s] Level 1:colcon.colcon_core.environment:create_file_with_runtime_dependencies(/home/aralab/ASBIR/ASBIR-ROS2/install/asbir_navigation/share/colcon-core/packages/asbir_navigation)
[2.978s] Level 1:colcon.colcon_core.environment:checking '/home/aralab/ASBIR/ASBIR-ROS2/install/asbir_status' for CMake module files
[2.979s] DEBUG:colcon.colcon_core.event_handler.log_command:Invoked command in '/home/aralab/ASBIR/ASBIR-ROS2/src/asbir_status' returned '0': PYTHONPATH=/home/aralab/ASBIR/ASBIR-ROS2/build/asbir_status/prefix_override:/home/aralab/ASBIR/ASBIR-ROS2/install/asbir_status/lib/python3.8/site-packages:${PYTHONPATH} /usr/bin/python3 setup.py egg_info --egg-base ../../build/asbir_status build --build-base /home/aralab/ASBIR/ASBIR-ROS2/build/asbir_status/build install --record /home/aralab/ASBIR/ASBIR-ROS2/build/asbir_status/install.log --install-scripts $base/lib/asbir_status --single-version-externally-managed
[2.980s] Level 1:colcon.colcon_core.environment:checking '/home/aralab/ASBIR/ASBIR-ROS2/install/asbir_status' for CMake config files
[2.980s] Level 1:colcon.colcon_core.environment:checking '/home/aralab/ASBIR/ASBIR-ROS2/install/asbir_status/lib'
[2.980s] Level 1:colcon.colcon_core.environment:checking '/home/aralab/ASBIR/ASBIR-ROS2/install/asbir_status/bin'
[2.980s] Level 1:colcon.colcon_core.environment:checking '/home/aralab/ASBIR/ASBIR-ROS2/install/asbir_status/lib/pkgconfig/asbir_status.pc'
[2.981s] Level 1:colcon.colcon_core.environment:checking '/home/aralab/ASBIR/ASBIR-ROS2/install/asbir_status/lib/python3.8/site-packages'
[2.981s] Level 1:colcon.colcon_core.shell:create_environment_hook('asbir_status', 'pythonpath')
[2.982s] INFO:colcon.colcon_core.shell:Creating environment hook '/home/aralab/ASBIR/ASBIR-ROS2/install/asbir_status/share/asbir_status/hook/pythonpath.ps1'
[2.983s] INFO:colcon.colcon_core.shell:Creating environment descriptor '/home/aralab/ASBIR/ASBIR-ROS2/install/asbir_status/share/asbir_status/hook/pythonpath.dsv'
[2.983s] INFO:colcon.colcon_core.shell:Creating environment hook '/home/aralab/ASBIR/ASBIR-ROS2/install/asbir_status/share/asbir_status/hook/pythonpath.sh'
[2.983s] Level 1:colcon.colcon_core.environment:checking '/home/aralab/ASBIR/ASBIR-ROS2/install/asbir_status/bin'
[2.983s] Level 1:colcon.colcon_core.environment:create_environment_scripts_only(asbir_status)
[2.985s] INFO:colcon.colcon_core.shell:Creating package script '/home/aralab/ASBIR/ASBIR-ROS2/install/asbir_status/share/asbir_status/package.ps1'
[2.985s] INFO:colcon.colcon_core.shell:Creating package descriptor '/home/aralab/ASBIR/ASBIR-ROS2/install/asbir_status/share/asbir_status/package.dsv'
[2.985s] INFO:colcon.colcon_core.shell:Creating package script '/home/aralab/ASBIR/ASBIR-ROS2/install/asbir_status/share/asbir_status/package.sh'
[2.986s] INFO:colcon.colcon_core.shell:Creating package script '/home/aralab/ASBIR/ASBIR-ROS2/install/asbir_status/share/asbir_status/package.bash'
[2.986s] INFO:colcon.colcon_core.shell:Creating package script '/home/aralab/ASBIR/ASBIR-ROS2/install/asbir_status/share/asbir_status/package.zsh'
[2.986s] Level 1:colcon.colcon_core.environment:create_file_with_runtime_dependencies(/home/aralab/ASBIR/ASBIR-ROS2/install/asbir_status/share/colcon-core/packages/asbir_status)
[2.989s] Level 1:colcon.colcon_core.environment:checking '/home/aralab/ASBIR/ASBIR-ROS2/install/asbir_image' for CMake module files
[2.990s] DEBUG:colcon.colcon_core.event_handler.log_command:Invoked command in '/home/aralab/ASBIR/ASBIR-ROS2/src/asbir_image' returned '0': PYTHONPATH=/home/aralab/ASBIR/ASBIR-ROS2/build/asbir_image/prefix_override:/home/aralab/ASBIR/ASBIR-ROS2/install/asbir_image/lib/python3.8/site-packages:${PYTHONPATH} /usr/bin/python3 setup.py egg_info --egg-base ../../build/asbir_image build --build-base /home/aralab/ASBIR/ASBIR-ROS2/build/asbir_image/build install --record /home/aralab/ASBIR/ASBIR-ROS2/build/asbir_image/install.log --install-scripts $base/lib/asbir_image --single-version-externally-managed
[2.990s] Level 1:colcon.colcon_core.environment:checking '/home/aralab/ASBIR/ASBIR-ROS2/install/asbir_image' for CMake config files
[2.991s] Level 1:colcon.colcon_core.environment:checking '/home/aralab/ASBIR/ASBIR-ROS2/install/asbir_image/lib'
[2.991s] Level 1:colcon.colcon_core.environment:checking '/home/aralab/ASBIR/ASBIR-ROS2/install/asbir_image/bin'
[2.991s] Level 1:colcon.colcon_core.environment:checking '/home/aralab/ASBIR/ASBIR-ROS2/install/asbir_image/lib/pkgconfig/asbir_image.pc'
[2.991s] Level 1:colcon.colcon_core.environment:checking '/home/aralab/ASBIR/ASBIR-ROS2/install/asbir_image/lib/python3.8/site-packages'
[2.991s] Level 1:colcon.colcon_core.shell:create_environment_hook('asbir_image', 'pythonpath')
[2.992s] INFO:colcon.colcon_core.shell:Creating environment hook '/home/aralab/ASBIR/ASBIR-ROS2/install/asbir_image/share/asbir_image/hook/pythonpath.ps1'
[2.993s] INFO:colcon.colcon_core.shell:Creating environment descriptor '/home/aralab/ASBIR/ASBIR-ROS2/install/asbir_image/share/asbir_image/hook/pythonpath.dsv'
[2.993s] INFO:colcon.colcon_core.shell:Creating environment hook '/home/aralab/ASBIR/ASBIR-ROS2/install/asbir_image/share/asbir_image/hook/pythonpath.sh'
[2.993s] Level 1:colcon.colcon_core.environment:checking '/home/aralab/ASBIR/ASBIR-ROS2/install/asbir_image/bin'
[2.993s] Level 1:colcon.colcon_core.environment:create_environment_scripts_only(asbir_image)
[2.996s] INFO:colcon.colcon_core.shell:Creating package script '/home/aralab/ASBIR/ASBIR-ROS2/install/asbir_image/share/asbir_image/package.ps1'
[2.996s] INFO:colcon.colcon_core.shell:Creating package descriptor '/home/aralab/ASBIR/ASBIR-ROS2/install/asbir_image/share/asbir_image/package.dsv'
[2.997s] INFO:colcon.colcon_core.shell:Creating package script '/home/aralab/ASBIR/ASBIR-ROS2/install/asbir_image/share/asbir_image/package.sh'
[2.998s] INFO:colcon.colcon_core.shell:Creating package script '/home/aralab/ASBIR/ASBIR-ROS2/install/asbir_image/share/asbir_image/package.bash'
[2.998s] INFO:colcon.colcon_core.shell:Creating package script '/home/aralab/ASBIR/ASBIR-ROS2/install/asbir_image/share/asbir_image/package.zsh'
[2.999s] Level 1:colcon.colcon_core.environment:create_file_with_runtime_dependencies(/home/aralab/ASBIR/ASBIR-ROS2/install/asbir_image/share/colcon-core/packages/asbir_image)
[3.036s] Level 1:colcon.colcon_core.environment:checking '/home/aralab/ASBIR/ASBIR-ROS2/install/asbir_serial' for CMake module files
[3.037s] DEBUG:colcon.colcon_core.event_handler.log_command:Invoked command in '/home/aralab/ASBIR/ASBIR-ROS2/src/asbir_serial' returned '0': PYTHONPATH=/home/aralab/ASBIR/ASBIR-ROS2/build/asbir_serial/prefix_override:/home/aralab/ASBIR/ASBIR-ROS2/install/asbir_serial/lib/python3.8/site-packages:${PYTHONPATH} /usr/bin/python3 setup.py egg_info --egg-base ../../build/asbir_serial build --build-base /home/aralab/ASBIR/ASBIR-ROS2/build/asbir_serial/build install --record /home/aralab/ASBIR/ASBIR-ROS2/build/asbir_serial/install.log --install-scripts $base/lib/asbir_serial --single-version-externally-managed
[3.037s] Level 1:colcon.colcon_core.environment:checking '/home/aralab/ASBIR/ASBIR-ROS2/install/asbir_serial' for CMake config files
[3.037s] Level 1:colcon.colcon_core.environment:checking '/home/aralab/ASBIR/ASBIR-ROS2/install/asbir_serial/lib'
[3.037s] Level 1:colcon.colcon_core.environment:checking '/home/aralab/ASBIR/ASBIR-ROS2/install/asbir_serial/bin'
[3.038s] Level 1:colcon.colcon_core.environment:checking '/home/aralab/ASBIR/ASBIR-ROS2/install/asbir_serial/lib/pkgconfig/asbir_serial.pc'
[3.038s] Level 1:colcon.colcon_core.environment:checking '/home/aralab/ASBIR/ASBIR-ROS2/install/asbir_serial/lib/python3.8/site-packages'
[3.038s] Level 1:colcon.colcon_core.shell:create_environment_hook('asbir_serial', 'pythonpath')
[3.039s] INFO:colcon.colcon_core.shell:Creating environment hook '/home/aralab/ASBIR/ASBIR-ROS2/install/asbir_serial/share/asbir_serial/hook/pythonpath.ps1'
[3.039s] INFO:colcon.colcon_core.shell:Creating environment descriptor '/home/aralab/ASBIR/ASBIR-ROS2/install/asbir_serial/share/asbir_serial/hook/pythonpath.dsv'
[3.040s] INFO:colcon.colcon_core.shell:Creating environment hook '/home/aralab/ASBIR/ASBIR-ROS2/install/asbir_serial/share/asbir_serial/hook/pythonpath.sh'
[3.040s] Level 1:colcon.colcon_core.environment:checking '/home/aralab/ASBIR/ASBIR-ROS2/install/asbir_serial/bin'
[3.040s] Level 1:colcon.colcon_core.environment:create_environment_scripts_only(asbir_serial)
[3.041s] INFO:colcon.colcon_core.shell:Creating package script '/home/aralab/ASBIR/ASBIR-ROS2/install/asbir_serial/share/asbir_serial/package.ps1'
[3.042s] INFO:colcon.colcon_core.shell:Creating package descriptor '/home/aralab/ASBIR/ASBIR-ROS2/install/asbir_serial/share/asbir_serial/package.dsv'
[3.042s] INFO:colcon.colcon_core.shell:Creating package script '/home/aralab/ASBIR/ASBIR-ROS2/install/asbir_serial/share/asbir_serial/package.sh'
[3.042s] INFO:colcon.colcon_core.shell:Creating package script '/home/aralab/ASBIR/ASBIR-ROS2/install/asbir_serial/share/asbir_serial/package.bash'
[3.043s] INFO:colcon.colcon_core.shell:Creating package script '/home/aralab/ASBIR/ASBIR-ROS2/install/asbir_serial/share/asbir_serial/package.zsh'
[3.043s] Level 1:colcon.colcon_core.environment:create_file_with_runtime_dependencies(/home/aralab/ASBIR/ASBIR-ROS2/install/asbir_serial/share/colcon-core/packages/asbir_serial)
[3.043s] DEBUG:colcon.colcon_parallel_executor.executor.parallel:closing loop
[3.043s] DEBUG:colcon.colcon_parallel_executor.executor.parallel:loop closed
[3.044s] DEBUG:colcon.colcon_parallel_executor.executor.parallel:run_until_complete finished with '0'
[3.044s] DEBUG:colcon.colcon_core.event_reactor:joining thread
[3.050s] INFO:colcon.colcon_core.plugin_system:Skipping extension 'colcon_notification.desktop_notification.terminal_notifier': Not used on non-Darwin systems
[3.050s] INFO:colcon.colcon_core.plugin_system:Skipping extension 'colcon_notification.desktop_notification.win32': Not used on non-Windows systems
[3.050s] INFO:colcon.colcon_notification.desktop_notification:Sending desktop notification using 'notify2'
[3.095s] DEBUG:colcon.colcon_core.event_reactor:joined thread
[3.098s] INFO:colcon.colcon_core.shell:Creating prefix script '/home/aralab/ASBIR/ASBIR-ROS2/install/local_setup.ps1'
[3.099s] INFO:colcon.colcon_core.shell:Creating prefix util module '/home/aralab/ASBIR/ASBIR-ROS2/install/_local_setup_util_ps1.py'
[3.100s] INFO:colcon.colcon_core.shell:Creating prefix chain script '/home/aralab/ASBIR/ASBIR-ROS2/install/setup.ps1'
[3.102s] INFO:colcon.colcon_core.shell:Creating prefix script '/home/aralab/ASBIR/ASBIR-ROS2/install/local_setup.sh'
[3.102s] INFO:colcon.colcon_core.shell:Creating prefix util module '/home/aralab/ASBIR/ASBIR-ROS2/install/_local_setup_util_sh.py'
[3.103s] INFO:colcon.colcon_core.shell:Creating prefix chain script '/home/aralab/ASBIR/ASBIR-ROS2/install/setup.sh'
[3.104s] INFO:colcon.colcon_core.shell:Creating prefix script '/home/aralab/ASBIR/ASBIR-ROS2/install/local_setup.bash'
[3.104s] INFO:colcon.colcon_core.shell:Creating prefix chain script '/home/aralab/ASBIR/ASBIR-ROS2/install/setup.bash'
[3.105s] INFO:colcon.colcon_core.shell:Creating prefix script '/home/aralab/ASBIR/ASBIR-ROS2/install/local_setup.zsh'
[3.106s] INFO:colcon.colcon_core.shell:Creating prefix chain script '/home/aralab/ASBIR/ASBIR-ROS2/install/setup.zsh'
